[CMD] ssh ubuntu@newbb.test.bangbangvip.com docker exec 6b099ed3-7175-4a78-91f4-44570c84ed27-db mysql -uroot -pbini_health_2026 bini_health -e "
SELECT
  uo.id, uo.order_no, uo.payment_method, uo.payment_channel_code,
  uo.payment_display_name, uo.status, uo.paid_at, uo.created_at, uo.updated_at
FROM unified_orders uo
WHERE uo.order_no='UO20260507075333421500'\G

SELECT
  oi.id, oi.order_id, oi.product_id, oi.product_name,
  oi.appointment_time, oi.appointment_data
FROM order_items oi
JOIN unified_orders uo ON uo.id = oi.order_id
WHERE uo.order_no='UO20260507075333421500'\G
" 2>/dev/null
[STDOUT]
*************************** 1. row ***************************
                  id: 42
            order_no: UO20260507075333421500
      payment_method: wechat
payment_channel_code: alipay_h5
payment_display_name: ???
              status: pending_use
             paid_at: 2026-05-07 07:53:34
          created_at: 2026-05-07 07:53:33
          updated_at: 2026-05-07 07:54:01
*************************** 1. row ***************************
              id: 34
        order_id: 42
      product_id: 21
    product_name: AI????
appointment_time: 2026-05-08 09:00:00
appointment_data: {"date": "2026-05-08", "time_slot": "14:00-15:00"}

[STDERR]

[RC] 0
