[2026-05-09 15:37:50] ============================================================
[2026-05-09 15:37:50] PRD-433: Flutter iOS IPA build via GitHub Actions
[2026-05-09 15:37:50] ============================================================
[2026-05-09 15:37:50] 
========== BUILD ATTEMPT 1/2 ==========
[2026-05-09 15:37:50] Version tag: ios-prd433-v20260509-153750-0062
[2026-05-09 15:37:50] === Trigger workflow version=ios-prd433-v20260509-153750-0062 ===
[2026-05-09 15:37:50] gh attempt 1/3
[2026-05-09 15:37:50] $ gh workflow run ios-build.yml -R ankun-eric/auto_dev_bnbbaijkgj -f version=ios-prd433-v20260509-153750-0062
[2026-05-09 15:37:52] exit code: 0
[2026-05-09 15:37:52] Sleep 30s before locating run id...
[2026-05-09 15:38:22] === Locating run id ===
[2026-05-09 15:38:22] gh attempt 1/3
[2026-05-09 15:38:22] $ gh run list -R ankun-eric/auto_dev_bnbbaijkgj --workflow=ios-build.yml --limit 5 --json databaseId,status,conclusion,displayTitle,createdAt,event,headBranch
[2026-05-09 15:38:23] STDOUT: [{"conclusion":"","createdAt":"2026-05-09T07:37:52Z","databaseId":25595529368,"displayTitle":"iOS Build","event":"workflow_dispatch","headBranch":"master","status":"in_progress"},{"conclusion":"success","createdAt":"2026-05-08T17:09:04Z","databaseId":25568834979,"displayTitle":"iOS Build","event":"workflow_dispatch","headBranch":"master","status":"completed"},{"conclusion":"failure","createdAt":"2026-05-08T17:00:03Z","databaseId":25568433646,"displayTitle":"iOS Build","event":"workflow_dispatch","headBranch":"master","status":"completed"},{"conclusion":"success","createdAt":"2026-05-08T15:24:16Z","databaseId":25563920554,"displayTitle":"iOS Build","event":"workflow_dispatch","headBranch":"master","status":"completed"},{"conclusion":"failure","createdAt":"2026-05-08T15:16:16Z","databaseId":25563535169,"displayTitle":"iOS Build","event":"workflow_dispatch","headBranch":"master","status":"completed"}]
[2026-05-09 15:38:23] exit code: 0
[2026-05-09 15:38:23] Found dispatch run id=25595529368
[2026-05-09 15:38:23] Actions Run URL: https://github.com/ankun-eric/auto_dev_bnbbaijkgj/actions/runs/25595529368
[2026-05-09 15:38:23] === Polling run 25595529368 (max 1800s) ===
[2026-05-09 15:38:23] gh attempt 1/3
[2026-05-09 15:38:23] $ gh run view 25595529368 -R ankun-eric/auto_dev_bnbbaijkgj --json status,conclusion,url,name
[2026-05-09 15:38:23] STDOUT: {"conclusion":"","name":"iOS Build","status":"in_progress","url":"https://github.com/ankun-eric/auto_dev_bnbbaijkgj/actions/runs/25595529368"}
[2026-05-09 15:38:23] exit code: 0
[2026-05-09 15:38:23] [0s] status=in_progress conclusion=
[2026-05-09 15:38:53] gh attempt 1/3
[2026-05-09 15:38:53] $ gh run view 25595529368 -R ankun-eric/auto_dev_bnbbaijkgj --json status,conclusion,url,name
[2026-05-09 15:38:54] STDOUT: {"conclusion":"","name":"iOS Build","status":"in_progress","url":"https://github.com/ankun-eric/auto_dev_bnbbaijkgj/actions/runs/25595529368"}
[2026-05-09 15:38:54] exit code: 0
[2026-05-09 15:38:54] [30s] status=in_progress conclusion=
[2026-05-09 15:39:24] gh attempt 1/3
[2026-05-09 15:39:24] $ gh run view 25595529368 -R ankun-eric/auto_dev_bnbbaijkgj --json status,conclusion,url,name
[2026-05-09 15:39:24] STDOUT: {"conclusion":"","name":"iOS Build","status":"in_progress","url":"https://github.com/ankun-eric/auto_dev_bnbbaijkgj/actions/runs/25595529368"}
[2026-05-09 15:39:24] exit code: 0
[2026-05-09 15:39:24] [61s] status=in_progress conclusion=
[2026-05-09 15:39:54] gh attempt 1/3
[2026-05-09 15:39:54] $ gh run view 25595529368 -R ankun-eric/auto_dev_bnbbaijkgj --json status,conclusion,url,name
[2026-05-09 15:39:55] STDOUT: {"conclusion":"","name":"iOS Build","status":"in_progress","url":"https://github.com/ankun-eric/auto_dev_bnbbaijkgj/actions/runs/25595529368"}
[2026-05-09 15:39:55] exit code: 0
[2026-05-09 15:39:55] [91s] status=in_progress conclusion=
[2026-05-09 15:40:25] gh attempt 1/3
[2026-05-09 15:40:25] $ gh run view 25595529368 -R ankun-eric/auto_dev_bnbbaijkgj --json status,conclusion,url,name
[2026-05-09 15:40:25] STDOUT: {"conclusion":"","name":"iOS Build","status":"in_progress","url":"https://github.com/ankun-eric/auto_dev_bnbbaijkgj/actions/runs/25595529368"}
[2026-05-09 15:40:25] exit code: 0
[2026-05-09 15:40:25] [122s] status=in_progress conclusion=
[2026-05-09 15:40:55] gh attempt 1/3
[2026-05-09 15:40:55] $ gh run view 25595529368 -R ankun-eric/auto_dev_bnbbaijkgj --json status,conclusion,url,name
[2026-05-09 15:40:56] STDOUT: {"conclusion":"","name":"iOS Build","status":"in_progress","url":"https://github.com/ankun-eric/auto_dev_bnbbaijkgj/actions/runs/25595529368"}
[2026-05-09 15:40:56] exit code: 0
[2026-05-09 15:40:56] [152s] status=in_progress conclusion=
[2026-05-09 15:41:26] gh attempt 1/3
[2026-05-09 15:41:26] $ gh run view 25595529368 -R ankun-eric/auto_dev_bnbbaijkgj --json status,conclusion,url,name
[2026-05-09 15:41:26] STDOUT: {"conclusion":"","name":"iOS Build","status":"in_progress","url":"https://github.com/ankun-eric/auto_dev_bnbbaijkgj/actions/runs/25595529368"}
[2026-05-09 15:41:26] exit code: 0
[2026-05-09 15:41:26] [183s] status=in_progress conclusion=
[2026-05-09 15:41:56] gh attempt 1/3
[2026-05-09 15:41:56] $ gh run view 25595529368 -R ankun-eric/auto_dev_bnbbaijkgj --json status,conclusion,url,name
[2026-05-09 15:41:57] STDOUT: {"conclusion":"","name":"iOS Build","status":"in_progress","url":"https://github.com/ankun-eric/auto_dev_bnbbaijkgj/actions/runs/25595529368"}
[2026-05-09 15:41:57] exit code: 0
[2026-05-09 15:41:57] [213s] status=in_progress conclusion=
[2026-05-09 15:42:27] gh attempt 1/3
[2026-05-09 15:42:27] $ gh run view 25595529368 -R ankun-eric/auto_dev_bnbbaijkgj --json status,conclusion,url,name
[2026-05-09 15:42:27] STDOUT: {"conclusion":"","name":"iOS Build","status":"in_progress","url":"https://github.com/ankun-eric/auto_dev_bnbbaijkgj/actions/runs/25595529368"}
[2026-05-09 15:42:27] exit code: 0
[2026-05-09 15:42:27] [244s] status=in_progress conclusion=
[2026-05-09 15:42:57] gh attempt 1/3
[2026-05-09 15:42:57] $ gh run view 25595529368 -R ankun-eric/auto_dev_bnbbaijkgj --json status,conclusion,url,name
[2026-05-09 15:42:58] STDOUT: {"conclusion":"","name":"iOS Build","status":"in_progress","url":"https://github.com/ankun-eric/auto_dev_bnbbaijkgj/actions/runs/25595529368"}
[2026-05-09 15:42:58] exit code: 0
[2026-05-09 15:42:58] [274s] status=in_progress conclusion=
[2026-05-09 15:43:28] gh attempt 1/3
[2026-05-09 15:43:28] $ gh run view 25595529368 -R ankun-eric/auto_dev_bnbbaijkgj --json status,conclusion,url,name
[2026-05-09 15:43:29] STDOUT: {"conclusion":"","name":"iOS Build","status":"in_progress","url":"https://github.com/ankun-eric/auto_dev_bnbbaijkgj/actions/runs/25595529368"}
[2026-05-09 15:43:29] exit code: 0
[2026-05-09 15:43:29] [305s] status=in_progress conclusion=
[2026-05-09 15:43:59] gh attempt 1/3
[2026-05-09 15:43:59] $ gh run view 25595529368 -R ankun-eric/auto_dev_bnbbaijkgj --json status,conclusion,url,name
[2026-05-09 15:43:59] STDOUT: {"conclusion":"","name":"iOS Build","status":"in_progress","url":"https://github.com/ankun-eric/auto_dev_bnbbaijkgj/actions/runs/25595529368"}
[2026-05-09 15:43:59] exit code: 0
[2026-05-09 15:43:59] [335s] status=in_progress conclusion=
[2026-05-09 15:44:29] gh attempt 1/3
[2026-05-09 15:44:29] $ gh run view 25595529368 -R ankun-eric/auto_dev_bnbbaijkgj --json status,conclusion,url,name
[2026-05-09 15:44:30] STDOUT: {"conclusion":"success","name":"iOS Build","status":"completed","url":"https://github.com/ankun-eric/auto_dev_bnbbaijkgj/actions/runs/25595529368"}
[2026-05-09 15:44:30] exit code: 0
[2026-05-09 15:44:30] [366s] status=completed conclusion=success
[2026-05-09 15:44:30] Build succeeded; fetching release info...
[2026-05-09 15:44:30] === Get release info for ios-prd433-v20260509-153750-0062 ===
[2026-05-09 15:44:30] gh attempt 1/3
[2026-05-09 15:44:30] $ gh release view ios-prd433-v20260509-153750-0062 -R ankun-eric/auto_dev_bnbbaijkgj --json url,assets,name,tagName,createdAt
[2026-05-09 15:44:30] STDOUT: {"assets":[{"apiUrl":"https://api.github.com/repos/ankun-eric/auto_dev_bnbbaijkgj/releases/assets/415888724","contentType":"application/octet-stream","createdAt":"2026-05-09T07:43:55Z","downloadCount":0,"id":"RA_kwDORx6WhM4YyfVU","label":"","name":"bini_health_ios.ipa","size":34141396,"state":"uploaded","updatedAt":"2026-05-09T07:43:57Z","url":"https://github.com/ankun-eric/auto_dev_bnbbaijkgj/releases/download/ios-prd433-v20260509-153750-0062/bini_health_ios.ipa"}],"createdAt":"2026-05-09T07:35:57Z","name":"iOS Build ios-prd433-v20260509-153750-0062","tagName":"ios-prd433-v20260509-153750-0062","url":"https://github.com/ankun-eric/auto_dev_bnbbaijkgj/releases/tag/ios-prd433-v20260509-153750-0062"}
[2026-05-09 15:44:30] exit code: 0
[2026-05-09 15:44:30] IPA asset: {'apiUrl': 'https://api.github.com/repos/ankun-eric/auto_dev_bnbbaijkgj/releases/assets/415888724', 'contentType': 'application/octet-stream', 'createdAt': '2026-05-09T07:43:55Z', 'downloadCount': 0, 'id': 'RA_kwDORx6WhM4YyfVU', 'label': '', 'name': 'bini_health_ios.ipa', 'size': 34141396, 'state': 'uploaded', 'updatedAt': '2026-05-09T07:43:57Z', 'url': 'https://github.com/ankun-eric/auto_dev_bnbbaijkgj/releases/download/ios-prd433-v20260509-153750-0062/bini_health_ios.ipa'}
[2026-05-09 15:44:30] ============================================================
[2026-05-09 15:44:30] FINAL RESULT:
[2026-05-09 15:44:30] {
  "success": true,
  "version": "ios-prd433-v20260509-153750-0062",
  "run_id": 25595529368,
  "release_url": "https://github.com/ankun-eric/auto_dev_bnbbaijkgj/releases/tag/ios-prd433-v20260509-153750-0062",
  "ipa_url": "https://github.com/ankun-eric/auto_dev_bnbbaijkgj/releases/download/ios-prd433-v20260509-153750-0062/bini_health_ios.ipa",
  "ipa_size_bytes": 34141396,
  "conclusion": "success",
  "actions_run_url": "https://github.com/ankun-eric/auto_dev_bnbbaijkgj/actions/runs/25595529368",
  "build_seconds": 399,
  "error": null,
  "fail_log_snippet": null
}
[2026-05-09 15:44:30] ============================================================
