=== 娓呯悊 goods_tags 涓紩鐢ㄧ殑鏃т綋璐ㄦ爣绛?===

mysql: [Warning] Using a password on the command line interface can be insecure.

=== 鍒犻櫎鏃т綋璐ㄦ爣绛撅紙闈為攣瀹氾級 ===

mysql: [Warning] Using a password on the command line interface can be insecure.

=== 楠岃瘉锛氬墿浣?constitution 鏍囩 ===
id	name	status	is_locked	sort_order
109	???	1	1	1
110	???	1	1	2
111	???	1	1	3
112	???	1	1	4
113	???	1	1	5
114	???	1	1	6
115	???	1	1	7
116	???	1	1	8
117	???	1	1	9

mysql: [Warning] Using a password on the command line interface can be insecure.

=== 鍚勭被鍒垎甯?===
category	COUNT(*)
constitution	9
contraindication	12
crowd	15
effect	18
other	9
scene	9
symptom	18

mysql: [Warning] Using a password on the command line interface can be insecure.

