
[1] 涓婁紶淇敼鐨勬簮鐮佹枃浠?
[scp] C:\auto_output\bnbbaijkgj\backend\app\api\guardian_system_v12.py -> /home/ubuntu/6b099ed3-7175-4a78-91f4-44570c84ed27/backend/app/api/guardian_system_v12.py
[scp] C:\auto_output\bnbbaijkgj\backend\app\services\schema_sync.py -> /home/ubuntu/6b099ed3-7175-4a78-91f4-44570c84ed27/backend/app/services/schema_sync.py
[scp] C:\auto_output\bnbbaijkgj\backend\tests\test_guardian_system_v12.py -> /home/ubuntu/6b099ed3-7175-4a78-91f4-44570c84ed27/backend/tests/test_guardian_system_v12.py
[scp] C:\auto_output\bnbbaijkgj\admin-web\src\app\(admin)\emergency-sources\page.tsx -> /home/ubuntu/6b099ed3-7175-4a78-91f4-44570c84ed27/admin-web/src/app/(admin)/emergency-sources/page.tsx

[2] Rebuild backend + admin-web
[ssh] $ cd /home/ubuntu/6b099ed3-7175-4a78-91f4-44570c84ed27 && docker compose build backend admin-web 2>&1 | tail -20

#27 [admin-web runner 5/5] COPY --from=builder /app/public ./public
#27 DONE 0.1s

#28 [admin-web] exporting to image
#28 exporting layers
#28 exporting layers 1.3s done
#28 exporting manifest sha256:27297017d3e05a8a9c8d4caa4d6bbc1e64ff395d5e48330af5e2d76c819f399a 0.0s done
#28 exporting config sha256:59d661b0541f6ea8899ad180ce640d81cd068cca6fb9f679d0be7b5aeb0778fb 0.0s done
#28 exporting attestation manifest sha256:d17fbc84590397b31d94758fbc939a47f20cd30087bba780150231387ca135b5 0.0s done
#28 exporting manifest list sha256:119ba999fa8cdaa515ca650ad4561b9337b64aff1faf3593c2b7021515c4ff43 0.0s done
#28 naming to docker.io/library/6b099ed3-7175-4a78-91f4-44570c84ed27-admin-web:latest done
#28 unpacking to docker.io/library/6b099ed3-7175-4a78-91f4-44570c84ed27-admin-web:latest
#28 unpacking to docker.io/library/6b099ed3-7175-4a78-91f4-44570c84ed27-admin-web:latest 0.6s done
#28 DONE 2.0s

#29 [admin-web] resolving provenance for metadata file
#29 DONE 0.1s
 Image 6b099ed3-7175-4a78-91f4-44570c84ed27-backend Built 
 Image 6b099ed3-7175-4a78-91f4-44570c84ed27-admin-web Built 
[ssh] exit=0

[3] 閲嶅惎瀹瑰櫒
[ssh] $ cd /home/ubuntu/6b099ed3-7175-4a78-91f4-44570c84ed27 && docker compose up -d backend admin-web 2>&1 | tail -10
 Container 6b099ed3-7175-4a78-91f4-44570c84ed27-admin Recreate 
 Container 6b099ed3-7175-4a78-91f4-44570c84ed27-admin Recreated 
 Container 6b099ed3-7175-4a78-91f4-44570c84ed27-db Starting 
 Container 6b099ed3-7175-4a78-91f4-44570c84ed27-db Started 
 Container 6b099ed3-7175-4a78-91f4-44570c84ed27-db Waiting 
 Container 6b099ed3-7175-4a78-91f4-44570c84ed27-db Healthy 
 Container 6b099ed3-7175-4a78-91f4-44570c84ed27-backend Starting 
 Container 6b099ed3-7175-4a78-91f4-44570c84ed27-backend Started 
 Container 6b099ed3-7175-4a78-91f4-44570c84ed27-admin Starting 
 Container 6b099ed3-7175-4a78-91f4-44570c84ed27-admin Started 
[ssh] exit=0

[4] 绛夊緟 backend 鍚姩
    backend ready @ 8s

[5] 鐜扮綉 UPDATE - 淇 4 鏉″唴缃Е鍙戞簮涓枃涔辩爜 (浣跨敤 utf8mb4)
[ssh] $ echo U0VUIE5BTUVTIHV0ZjhtYjQ7ClVQREFURSBlbWVyZ2VuY3lfY2FsbF9zb3VyY2VzIFNFVCBzb3VyY2VfbmFtZT0n5YGl5bq35pWw5o2u5byC5bi4JywgZGVzY3JpcHRpb249J+W9k+eUqOaIt+eahOWBpeW6t+aVsOaNru+8iOWmguW/g+eOh+OAgeihgOWOi+OAgeihgOawp++8iei2heWHuuWuieWFqOmYiOWAvOa
id	source_code	source_name	desc_preview	is_enabled	is_builtin
1	health_data_abnormal	鍋ュ悍鏁版嵁寮傚父	褰撶敤鎴风殑鍋ュ悍鏁版嵁锛堝蹇冪巼銆佽鍘嬨€佽姘э級瓒呭嚭瀹夊叏闃堝€兼椂鑷姩瑙﹀彂	1	1
2	smoke_alarm	鐑熼浘鎶ヨ	褰撳涓儫闆句紶鎰熷櫒妫€娴嬪埌鐑熼浘娴撳害寮傚父鏃惰Е鍙戠揣鎬ュ懠鍙?1	1
3	water_alarm	娴告按鎶ヨ	褰撳涓蹈姘翠紶鎰熷櫒妫€娴嬪埌婕忔按鎴栫Н姘存椂瑙﹀彂绱ф€ュ懠鍙?1	1
4	emergency_button	绱ф€ユ寜閽?褰撶敤鎴锋寜涓嬮殢韬垨瀹朵腑鐨勪竴閿揣鎬ュ懠鍙寜閽椂绔嬪嵆瑙﹀彂	1	1

[stderr]
mysql: [Warning] Using a password on the command line interface can be insecure.
[ssh] exit=0

[6] HTTP smoke - 鎺ュ彛鍙揪鎬?
[ssh] $ curl -sk -o /tmp/resp.txt -w '/api/openapi.json -> %{http_code}\n' 'https://newbb.test.bangbangvip.com/autodev/6b099ed3-7175-4a78-91f4-44570c84ed27/api/openapi.json'
/api/openapi.json -> 200
[ssh] exit=0
[ssh] $ curl -sk -o /tmp/resp.txt -w '/api/admin/emergency-sources -> %{http_code}\n' 'https://newbb.test.bangbangvip.com/autodev/6b099ed3-7175-4a78-91f4-44570c84ed27/api/admin/emergency-sources'
/api/admin/emergency-sources -> 401
[ssh] exit=0
[ssh] $ curl -sk -o /tmp/resp.txt -w '/admin/emergency-sources -> %{http_code}\n' 'https://newbb.test.bangbangvip.com/autodev/6b099ed3-7175-4a78-91f4-44570c84ed27/admin/emergency-sources'
/admin/emergency-sources -> 308
[ssh] exit=0

[7] 楠岃瘉绠＄悊鍛樻帴鍙ｄ腑鏂囧凡姝ｅ父
[ssh] $ TOKEN=$(curl -sk -X POST 'https://newbb.test.bangbangvip.com/autodev/6b099ed3-7175-4a78-91f4-44570c84ed27/api/admin/login' -H 'Content-Type: application/json' -d '{"phone":"13900000000","password":"admin123"}' | python3 -c 'import json,sys;
token_len=0
[ssh] exit=0

[8] 瀹瑰櫒鍐呭崟鍏冩祴璇曪紙鍚柊澧炵殑 T16-T19锛?
[ssh] $ docker exec 6b099ed3-7175-4a78-91f4-44570c84ed27-backend bash -c 'cd /app && python -m pytest tests/test_guardian_system_v12.py -v -k "emergency_source or builtin" 2>&1 | tail -80'
/usr/local/bin/python: No module named pytest
[ssh] exit=0
