[deploy] connecting newbb.test.bangbangvip.com ...
[deploy] connected.

=== Phase 1: Backend tests ===
backend tar size = 2.6 KiB
$ cd /home/ubuntu/6b099ed3-7175-4a78-91f4-44570c84ed27 && tar -xzf _pnurl_backend.tar.gz

=== Phase 2: Admin-web rebuild ===
admin tar size = 13.1 KiB
$ cd /home/ubuntu/6b099ed3-7175-4a78-91f4-44570c84ed27 && tar -xzf _pnurl_admin.tar.gz
$ cd /home/ubuntu/6b099ed3-7175-4a78-91f4-44570c84ed27 && docker compose -f docker-compose.prod.yml build admin-web 2>&1 | tail -n 30
#12 113.8 
#12 DONE 114.0s

#7 [builder 2/7] WORKDIR /app
#7 CACHED

#13 [runner 3/5] COPY --from=builder /app/.next/standalone ./
#13 DONE 0.4s

#14 [runner 4/5] COPY --from=builder /app/.next/static ./.next/static
#14 DONE 0.1s

#15 [runner 5/5] COPY --from=builder /app/public ./public
#15 DONE 0.1s

#16 exporting to image
#16 exporting layers
#16 exporting layers 1.3s done
#16 exporting manifest sha256:dee5b041c04ecf0d7bcb4ebe7a37ce64bd1676cab8cc7e0aca059771f553b1f6 0.0s done
#16 exporting config sha256:d2f83708e51b758f1c2f8f8a040629834da53f2cf1f4e53ecd84eb00776c7e00 0.0s done
#16 exporting attestation manifest sha256:433aa00a29e3a312d9096041d4b76544fa8897a3c933f1a4a28977fbb59485dc 0.0s done
#16 exporting manifest list sha256:9eb399301112ca5272e7a2900f62f357f1246455ca2dbf844f5ca6a03f5694e4 done
#16 naming to docker.io/library/6b099ed3-7175-4a78-91f4-44570c84ed27-admin-web:latest done
#16 unpacking to docker.io/library/6b099ed3-7175-4a78-91f4-44570c84ed27-admin-web:latest
#16 unpacking to docker.io/library/6b099ed3-7175-4a78-91f4-44570c84ed27-admin-web:latest 0.5s done
#16 DONE 1.9s

#17 resolving provenance for metadata file
#17 DONE 0.1s
 Image 6b099ed3-7175-4a78-91f4-44570c84ed27-admin-web Built 

$ cd /home/ubuntu/6b099ed3-7175-4a78-91f4-44570c84ed27 && docker compose -f docker-compose.prod.yml up -d admin-web 2>&1 | tail -n 20
 Container 6b099ed3-7175-4a78-91f4-44570c84ed27-db Running 
 Container 6b099ed3-7175-4a78-91f4-44570c84ed27-backend Running 
 Container 6b099ed3-7175-4a78-91f4-44570c84ed27-admin Recreate 
 Container 6b099ed3-7175-4a78-91f4-44570c84ed27-admin Recreated 
 Container 6b099ed3-7175-4a78-91f4-44570c84ed27-db Waiting 
 Container 6b099ed3-7175-4a78-91f4-44570c84ed27-db Healthy 
 Container 6b099ed3-7175-4a78-91f4-44570c84ed27-admin Starting 
 Container 6b099ed3-7175-4a78-91f4-44570c84ed27-admin Started 


=== Phase 3: H5-web rebuild ===
h5 tar size = 68.4 KiB
$ cd /home/ubuntu/6b099ed3-7175-4a78-91f4-44570c84ed27 && tar -xzf _pnurl_h5.tar.gz
$ cd /home/ubuntu/6b099ed3-7175-4a78-91f4-44570c84ed27 && docker compose -f docker-compose.prod.yml build h5-web 2>&1 | tail -n 30
#12 91.39 
#12 DONE 91.6s

#8 [builder 2/7] WORKDIR /app
#8 CACHED

#13 [runner 3/5] COPY --from=builder /app/.next/standalone ./
#13 DONE 0.4s

#14 [runner 4/5] COPY --from=builder /app/.next/static ./.next/static
#14 DONE 0.2s

#15 [runner 5/5] COPY --from=builder /app/public ./public
#15 DONE 0.4s

#16 exporting to image
#16 exporting layers
#16 exporting layers 10.7s done
#16 exporting manifest sha256:c0f810476fb3b0b9b9da5b3ed3a84637574fed858bcbba7dcedc1f857150124d 0.0s done
#16 exporting config sha256:07b8901c46faa34aeb50b8ceae588ab9b6ab51431eb15bf3334afa5525d3c7de 0.0s done
#16 exporting attestation manifest sha256:4123ac754fb96a22bad96aa9f981684a1e71c49bd038da830223d66bbead3a95 0.0s done
#16 exporting manifest list sha256:9a13f09d334807a9b3f7d60ad894fd5453ba03f23f03188c6065b38ca74c887f 0.0s done
#16 naming to docker.io/library/6b099ed3-7175-4a78-91f4-44570c84ed27-h5-web:latest done
#16 unpacking to docker.io/library/6b099ed3-7175-4a78-91f4-44570c84ed27-h5-web:latest
#16 unpacking to docker.io/library/6b099ed3-7175-4a78-91f4-44570c84ed27-h5-web:latest 2.0s done
#16 DONE 12.8s

#17 resolving provenance for metadata file
#17 DONE 0.1s
 Image 6b099ed3-7175-4a78-91f4-44570c84ed27-h5-web Built 

$ cd /home/ubuntu/6b099ed3-7175-4a78-91f4-44570c84ed27 && docker compose -f docker-compose.prod.yml up -d h5-web 2>&1 | tail -n 20
 Container 6b099ed3-7175-4a78-91f4-44570c84ed27-db Running 
 Container 6b099ed3-7175-4a78-91f4-44570c84ed27-backend Running 
 Container 6b099ed3-7175-4a78-91f4-44570c84ed27-h5 Recreate 
 Container 6b099ed3-7175-4a78-91f4-44570c84ed27-h5 Recreated 
 Container 6b099ed3-7175-4a78-91f4-44570c84ed27-db Waiting 
 Container 6b099ed3-7175-4a78-91f4-44570c84ed27-db Healthy 
 Container 6b099ed3-7175-4a78-91f4-44570c84ed27-h5 Starting 
 Container 6b099ed3-7175-4a78-91f4-44570c84ed27-h5 Started 


=== Phase 4: Smoke ===
[deploy] waiting 10s for nginx to pick up ...
  GET https://newbb.test.bangbangvip.com/autodev/6b099ed3-7175-4a78-91f4-44570c84ed27/api/openapi.json => HTTP 200
  GET https://newbb.test.bangbangvip.com/autodev/6b099ed3-7175-4a78-91f4-44570c84ed27/admin/function-buttons => HTTP 308
  GET https://newbb.test.bangbangvip.com/autodev/6b099ed3-7175-4a78-91f4-44570c84ed27/ai-home => HTTP 308
  GET https://newbb.test.bangbangvip.com/autodev/6b099ed3-7175-4a78-91f4-44570c84ed27/api/function-buttons?position=grid => HTTP 200

=== Phase 5: Remote pytest ===
$ docker exec 6b099ed3-7175-4a78-91f4-44570c84ed27-backend bash -lc 'cd /app && python -m pytest tests/test_page_navigate_external_url_fix_v1_20260519.py -v 2>&1 | tail -n 120'
  /usr/local/lib/python3.11/site-packages/pydantic/_internal/_fields.py:132: UserWarning: Field "model_name" in AIModelTemplateUpdate has conflict with protected namespace "model_".
  
  You may be able to resolve this warning by setting `model_config['protected_namespaces'] = ()`.
    warnings.warn(

../usr/local/lib/python3.11/site-packages/pydantic/_internal/_fields.py:132
  /usr/local/lib/python3.11/site-packages/pydantic/_internal/_fields.py:132: UserWarning: Field "model_name" in AIModelTemplateResponse has conflict with protected namespace "model_".
  
  You may be able to resolve this warning by setting `model_config['protected_namespaces'] = ()`.
    warnings.warn(

app/api/admin_news.py:322
  /app/app/api/admin_news.py:322: DeprecationWarning: `regex` has been deprecated, please use `pattern` instead
    target_status: str = Query("published", regex="^(published|archived|draft)$"),

../usr/local/lib/python3.11/site-packages/pydantic/_internal/_fields.py:132
  /usr/local/lib/python3.11/site-packages/pydantic/_internal/_fields.py:132: UserWarning: Field "model_name" in AdminChatSessionItem has conflict with protected namespace "model_".
  
  You may be able to resolve this warning by setting `model_config['protected_namespaces'] = ()`.
    warnings.warn(

../usr/local/lib/python3.11/site-packages/pydantic/_internal/_fields.py:132
  /usr/local/lib/python3.11/site-packages/pydantic/_internal/_fields.py:132: UserWarning: Field "model_name" in AdminChatSessionDetail has conflict with protected namespace "model_".
  
  You may be able to resolve this warning by setting `model_config['protected_namespaces'] = ()`.
    warnings.warn(

app/api/chat_history.py:236
  /app/app/api/chat_history.py:236: DeprecationWarning: `regex` has been deprecated, please use `pattern` instead
    format: str = Query("xlsx", regex="^(xlsx|csv)$"),

../usr/local/lib/python3.11/site-packages/pydantic/_internal/_config.py:291
../usr/local/lib/python3.11/site-packages/pydantic/_internal/_config.py:291
../usr/local/lib/python3.11/site-packages/pydantic/_internal/_config.py:291
../usr/local/lib/python3.11/site-packages/pydantic/_internal/_config.py:291
  /usr/local/lib/python3.11/site-packages/pydantic/_internal/_config.py:291: PydanticDeprecatedSince20: Support for class-based `config` is deprecated, use ConfigDict instead. Deprecated in Pydantic V2.0 to be removed in V3.0. See Pydantic V2 Migration Guide at https://errors.pydantic.dev/2.9/migration/
    warnings.warn(DEPRECATION_MESSAGE, DeprecationWarning)

../usr/local/lib/python3.11/site-packages/pydantic/_internal/_config.py:341
  /usr/local/lib/python3.11/site-packages/pydantic/_internal/_config.py:341: UserWarning: Valid config keys have changed in V2:
  * 'orm_mode' has been renamed to 'from_attributes'
    warnings.warn(message, UserWarning)

app/api/ocr.py:159
  /app/app/api/ocr.py:159: DeprecationWarning: `regex` has been deprecated, please use `pattern` instead
    period: str = Query("today", regex="^(today|7d|30d|all)$"),

app/api/merchant_v1.py:771
  /app/app/api/merchant_v1.py:771: DeprecationWarning: `regex` has been deprecated, please use `pattern` instead
    period: str = Query("day", regex="^(day|week|month)$"),

app/api/merchant_v1.py:772
  /app/app/api/merchant_v1.py:772: DeprecationWarning: `regex` has been deprecated, please use `pattern` instead
    dim: str = Query("merchant", regex="^(merchant|store)$"),

../usr/local/lib/python3.11/site-packages/pydantic/fields.py:795
  /usr/local/lib/python3.11/site-packages/pydantic/fields.py:795: PydanticDeprecatedSince20: `min_items` is deprecated and will be removed, use `min_length` instead. Deprecated in Pydantic V2.0 to be removed in V3.0. See Pydantic V2 Migration Guide at https://errors.pydantic.dev/2.9/migration/
    warn('`min_items` is deprecated and will be removed, use `min_length` instead', DeprecationWarning)

../usr/local/lib/python3.11/site-packages/pydantic/fields.py:801
  /usr/local/lib/python3.11/site-packages/pydantic/fields.py:801: PydanticDeprecatedSince20: `max_items` is deprecated and will be removed, use `max_length` instead. Deprecated in Pydantic V2.0 to be removed in V3.0. See Pydantic V2 Migration Guide at https://errors.pydantic.dev/2.9/migration/
    warn('`max_items` is deprecated and will be removed, use `max_length` instead', DeprecationWarning)

app/main.py:2044
  /app/app/main.py:2044: DeprecationWarning: 
          on_event is deprecated, use lifespan event handlers instead.
  
          Read more about it in the
          [FastAPI docs for Lifespan Events](https://fastapi.tiangolo.com/advanced/events/).
          
    @app.on_event("startup")

../usr/local/lib/python3.11/site-packages/fastapi/applications.py:4495
../usr/local/lib/python3.11/site-packages/fastapi/applications.py:4495
../usr/local/lib/python3.11/site-packages/fastapi/applications.py:4495
../usr/local/lib/python3.11/site-packages/fastapi/applications.py:4495
  /usr/local/lib/python3.11/site-packages/fastapi/applications.py:4495: DeprecationWarning: 
          on_event is deprecated, use lifespan event handlers instead.
  
          Read more about it in the
          [FastAPI docs for Lifespan Events](https://fastapi.tiangolo.com/advanced/events/).
          
    return self.router.on_event(event_type)

app/main.py:2051
  /app/app/main.py:2051: DeprecationWarning: 
          on_event is deprecated, use lifespan event handlers instead.
  
          Read more about it in the
          [FastAPI docs for Lifespan Events](https://fastapi.tiangolo.com/advanced/events/).
          
    @app.on_event("startup")

app/main.py:2081
  /app/app/main.py:2081: DeprecationWarning: 
          on_event is deprecated, use lifespan event handlers instead.
  
          Read more about it in the
          [FastAPI docs for Lifespan Events](https://fastapi.tiangolo.com/advanced/events/).
          
    @app.on_event("startup")

app/main.py:2100
  /app/app/main.py:2100: DeprecationWarning: 
          on_event is deprecated, use lifespan event handlers instead.
  
          Read more about it in the
          [FastAPI docs for Lifespan Events](https://fastapi.tiangolo.com/advanced/events/).
          
    @app.on_event("startup")

-- Docs: https://docs.pytest.org/en/stable/how-to/capture-warnings.html
=========================== short test summary info ============================
FAILED tests/test_page_navigate_external_url_fix_v1_20260519.py::test_page_navigate_internal_path_persisted
FAILED tests/test_page_navigate_external_url_fix_v1_20260519.py::test_page_navigate_external_http_url_persisted
FAILED tests/test_page_navigate_external_url_fix_v1_20260519.py::test_page_navigate_with_pre_card_enabled_persisted
FAILED tests/test_page_navigate_external_url_fix_v1_20260519.py::test_old_external_link_type_not_affected
FAILED tests/test_page_navigate_external_url_fix_v1_20260519.py::test_page_navigate_update_external_url
FAILED tests/test_page_navigate_external_url_fix_v1_20260519.py::test_switch_type_clears_external_url
=================== 6 failed, 2 passed, 30 warnings in 5.89s ===================


[deploy] done.
