============================================================
[BUG-HSC-FIX-V2] 閮ㄧ讲寮€濮?
  Host:       newbb.test.bangbangvip.com
  DeployDir:  /home/ubuntu/6b099ed3-7175-4a78-91f4-44570c84ed27
  BaseURL:    https://newbb.test.bangbangvip.com/autodev/6b099ed3-7175-4a78-91f4-44570c84ed27
============================================================

--- 姝ラ 1锛氫笂浼犲彉鏇存枃浠?---
$ mkdir -p '/home/ubuntu/6b099ed3-7175-4a78-91f4-44570c84ed27/backend/app/api'
  鉁?uploaded backend/app/api/questionnaire.py -> /home/ubuntu/6b099ed3-7175-4a78-91f4-44570c84ed27/backend/app/api/questionnaire.py
$ mkdir -p '/home/ubuntu/6b099ed3-7175-4a78-91f4-44570c84ed27/backend/app'
  鉁?uploaded backend/app/main.py -> /home/ubuntu/6b099ed3-7175-4a78-91f4-44570c84ed27/backend/app/main.py
$ mkdir -p '/home/ubuntu/6b099ed3-7175-4a78-91f4-44570c84ed27/backend/app/services'
  鉁?uploaded backend/app/services/prompt_renderer.py -> /home/ubuntu/6b099ed3-7175-4a78-91f4-44570c84ed27/backend/app/services/prompt_renderer.py
$ mkdir -p '/home/ubuntu/6b099ed3-7175-4a78-91f4-44570c84ed27/backend/app/services'
  鉁?uploaded backend/app/services/prd_health_self_check_legacy_offline_v1_migration.py -> /home/ubuntu/6b099ed3-7175-4a78-91f4-44570c84ed27/backend/app/services/prd_health_self_check_legacy_offline_v1_migration.py
$ mkdir -p '/home/ubuntu/6b099ed3-7175-4a78-91f4-44570c84ed27/backend/tests'
  鉁?uploaded backend/tests/test_hsc_fix_v2_20260521.py -> /home/ubuntu/6b099ed3-7175-4a78-91f4-44570c84ed27/backend/tests/test_hsc_fix_v2_20260521.py
$ mkdir -p '/home/ubuntu/6b099ed3-7175-4a78-91f4-44570c84ed27/h5-web/src/app/health-self-check/result/[id]'
  鉁?uploaded h5-web/src/app/health-self-check/result/[id]/page.tsx -> /home/ubuntu/6b099ed3-7175-4a78-91f4-44570c84ed27/h5-web/src/app/health-self-check/result/[id]/page.tsx
$ mkdir -p '/home/ubuntu/6b099ed3-7175-4a78-91f4-44570c84ed27/h5-web/src/components'
  鉁?uploaded h5-web/src/components/ErrorBoundary.tsx -> /home/ubuntu/6b099ed3-7175-4a78-91f4-44570c84ed27/h5-web/src/components/ErrorBoundary.tsx
$ mkdir -p '/home/ubuntu/6b099ed3-7175-4a78-91f4-44570c84ed27/h5-web/src/components/ai-chat'
  鉁?uploaded h5-web/src/components/ai-chat/QuestionnaireDrawer.tsx -> /home/ubuntu/6b099ed3-7175-4a78-91f4-44570c84ed27/h5-web/src/components/ai-chat/QuestionnaireDrawer.tsx
$ mkdir -p '/home/ubuntu/6b099ed3-7175-4a78-91f4-44570c84ed27/h5-web/src/components/ai-chat'
  鉁?uploaded h5-web/src/components/ai-chat/UniversalQuestionnaireResultCard.tsx -> /home/ubuntu/6b099ed3-7175-4a78-91f4-44570c84ed27/h5-web/src/components/ai-chat/UniversalQuestionnaireResultCard.tsx
$ mkdir -p '/home/ubuntu/6b099ed3-7175-4a78-91f4-44570c84ed27/h5-web/src/app/(ai-chat)/ai-home'
  鉁?uploaded h5-web/src/app/(ai-chat)/ai-home/page.tsx -> /home/ubuntu/6b099ed3-7175-4a78-91f4-44570c84ed27/h5-web/src/app/(ai-chat)/ai-home/page.tsx
$ mkdir -p '/home/ubuntu/6b099ed3-7175-4a78-91f4-44570c84ed27/admin-web/src/app/(admin)/questionnaire-templates'
  鉁?uploaded admin-web/src/app/(admin)/questionnaire-templates/page.tsx -> /home/ubuntu/6b099ed3-7175-4a78-91f4-44570c84ed27/admin-web/src/app/(admin)/questionnaire-templates/page.tsx
$ mkdir -p '/home/ubuntu/6b099ed3-7175-4a78-91f4-44570c84ed27/admin-web/src/app/(admin)'
  鉁?uploaded admin-web/src/app/(admin)/layout.tsx -> /home/ubuntu/6b099ed3-7175-4a78-91f4-44570c84ed27/admin-web/src/app/(admin)/layout.tsx

--- 姝ラ 2锛氬垹闄?admin 鑰侀〉闈㈢洰褰?---
$ rm -rf '/home/ubuntu/6b099ed3-7175-4a78-91f4-44570c84ed27/admin-web/src/app/(admin)/health-check-templates'
$ rm -rf '/home/ubuntu/6b099ed3-7175-4a78-91f4-44570c84ed27/admin-web/src/app/(admin)/body-part-dict'

--- 姝ラ 3锛歞ocker compose build & up ---
$ cd /home/ubuntu/6b099ed3-7175-4a78-91f4-44570c84ed27 && docker compose build backend h5-web admin-web 2>&1 | tail -120
70 kB
#29 153.7 鈹?鈼?/product-system/redemptions              7.14 kB         418 kB
#29 153.7 鈹?鈼?/product-system/statistics               8.87 kB         757 kB
#29 153.7 鈹?鈼?/product-system/store-bindding           11.8 kB         410 kB
#29 153.7 鈹?鈼?/product-system/tags                     12.7 kB         411 kB
#29 153.7 鈹?鈼?/product-system/visits                   7.58 kB         448 kB
#29 153.7 鈹?鈼?/profile                                 5.07 kB         252 kB
#29 153.7 鈹?鈼?/profile/change-password                 7.66 kB         287 kB
#29 153.7 鈹?鈼?/prompt-templates                        14.6 kB         318 kB
#29 153.7 鈹?鈼?/questionnaire-templates                 15.3 kB         429 kB
#29 153.7 鈹?鈼?/referral                                7.46 kB         382 kB
#29 153.7 鈹?鈼?/relation-types                          11.5 kB         406 kB
#29 153.7 鈹?鈼?/search-config                           10 kB           414 kB
#29 153.7 鈹?鈼?/search/asr-config                       7 kB            296 kB
#29 153.7 鈹?鈼?/search/block-words                      12.6 kB         402 kB
#29 153.7 鈹?鈼?/search/recommend                        14.2 kB         409 kB
#29 153.7 鈹?鈼?/search/statistics                       240 kB         1.09 MB
#29 153.7 鈹?鈼?/settings                                11 kB           368 kB
#29 153.7 鈹?鈼?/share-config                            4.21 kB         371 kB
#29 153.7 鈹?鈼?/sms                                     25.1 kB         423 kB
#29 153.7 鈹?鈼?/system-messages                         11.4 kB         433 kB
#29 153.7 鈹?鈼?/system-messages/send                    4.92 kB         314 kB
#29 153.7 鈹?鈼?/system/sdk-health                       17 kB           285 kB
#29 153.7 鈹?鈼?/system/seed-import                      15.2 kB         408 kB
#29 153.7 鈹?鈼?/tcm-config                              4.05 kB         284 kB
#29 153.7 鈹?鈼?/theme-config                            7.6 kB          403 kB
#29 153.7 鈹?鈼?/tts-config                              5.07 kB         334 kB
#29 153.7 鈹?鈼?/users                                   15.3 kB         404 kB
#29 153.7 鈹?鈼?/voice-service                           3.46 kB         345 kB
#29 153.7 鈹?鈼?/wechat-push                             4.92 kB         291 kB
#29 153.7 + First Load JS shared by all                87.7 kB
#29 153.7   鈹?chunks/2117-1ca38137e0e3b541.js          31.9 kB
#29 153.7   鈹?chunks/fd9d1056-cde8d1c8f42e1127.js      53.6 kB
#29 153.7   鈹?other shared chunks (total)              2.13 kB
#29 153.7 
#29 153.7 
#29 153.7 鈼? (Static)   prerendered as static content
#29 153.7 茠  (Dynamic)  server-rendered on demand
#29 153.7 
#29 DONE 154.2s

#38 [admin-web runner 3/5] COPY --from=builder /app/.next/standalone ./
#38 DONE 0.6s

#39 [admin-web runner 4/5] COPY --from=builder /app/.next/static ./.next/static
#39 DONE 0.1s

#40 [admin-web runner 5/5] COPY --from=builder /app/public ./public
#40 DONE 0.1s

#41 [admin-web] exporting to image
#41 exporting layers
#41 exporting layers 1.3s done
#41 exporting manifest sha256:f7c2b0ff10c2766c63a77710f6338764c506b61b5b52b1f724671ae68b992a6c 0.0s done
#41 exporting config sha256:afb721793460f6abc3db4ab545c1c20941b307dab02234e6fb3b5a7d89b37b2b 0.0s done
#41 exporting attestation manifest sha256:f45cca553d5c1cc751865d66ccddf57c78b834555ee39ce683098c36898fb096 0.0s done
#41 exporting manifest list sha256:5252069d4c9548a1daff7e9ba90fb8731655accc0f503a28839934c0a14ec886 0.0s done
#41 naming to docker.io/library/6b099ed3-7175-4a78-91f4-44570c84ed27-admin-web:latest done
#41 unpacking to docker.io/library/6b099ed3-7175-4a78-91f4-44570c84ed27-admin-web:latest
#41 unpacking to docker.io/library/6b099ed3-7175-4a78-91f4-44570c84ed27-admin-web:latest 0.5s done
#41 DONE 1.9s

#42 [admin-web] resolving provenance for metadata file
#42 DONE 0.0s
 Image 6b099ed3-7175-4a78-91f4-44570c84ed27-backend Built 
 Image 6b099ed3-7175-4a78-91f4-44570c84ed27-h5-web Built 
 Image 6b099ed3-7175-4a78-91f4-44570c84ed27-admin-web Built
$ cd /home/ubuntu/6b099ed3-7175-4a78-91f4-44570c84ed27 && docker compose up -d backend h5-web admin-web 2>&1 | tail -30
time="2026-05-21T03:14:03+08:00" level=warning msg="/home/ubuntu/6b099ed3-7175-4a78-91f4-44570c84ed27/docker-compose.yml: the attribute `version` is obsolete, it will be ignored, please remove it to avoid potential confusion"
 Container 6b099ed3-7175-4a78-91f4-44570c84ed27-db Running 
 Container 6b099ed3-7175-4a78-91f4-44570c84ed27-backend Recreate 
 Container 6b099ed3-7175-4a78-91f4-44570c84ed27-backend Recreated 
 Container 6b099ed3-7175-4a78-91f4-44570c84ed27-h5 Recreate 
 Container 6b099ed3-7175-4a78-91f4-44570c84ed27-admin Recreate 
 Container 6b099ed3-7175-4a78-91f4-44570c84ed27-h5 Recreated 
 Container 6b099ed3-7175-4a78-91f4-44570c84ed27-admin Recreated 
 Container 6b099ed3-7175-4a78-91f4-44570c84ed27-db Waiting 
 Container 6b099ed3-7175-4a78-91f4-44570c84ed27-db Healthy 
 Container 6b099ed3-7175-4a78-91f4-44570c84ed27-backend Starting 
 Container 6b099ed3-7175-4a78-91f4-44570c84ed27-backend Started 
 Container 6b099ed3-7175-4a78-91f4-44570c84ed27-h5 Starting 
 Container 6b099ed3-7175-4a78-91f4-44570c84ed27-admin Starting 
 Container 6b099ed3-7175-4a78-91f4-44570c84ed27-admin Started 
 Container 6b099ed3-7175-4a78-91f4-44570c84ed27-h5 Started

--- 姝ラ 4锛氱瓑寰?35s 鍚庢鏌ヨ縼绉绘棩蹇?---
$ docker logs --tail 300 6b099ed3-7175-4a78-91f4-44570c84ed27-backend 2>&1 | grep -E 'hsc_legacy_offline_v1|placeholder|prompt_renderer' || true
[migrate] bug470_cleanup_placeholder: 鍚姩杩佺Щ...
[migrate] bug470_cleanup_placeholder: cleaned chat_function_buttons.icon_url rows=0
[migrate] bug470_cleanup_placeholder: cleaned chat_function_buttons.card_cover_image rows=0
[migrate] bug470_cleanup_placeholder: cleaned chat_function_buttons.external_url rows=0
[migrate] bug470_cleanup_placeholder: total cleaned rows=0
[migrate] bug470_cleanup_placeholder: 杩佺Щ瀹屾垚
[migrate] hsc_legacy_offline_v1: 鍚姩杩佺Щ...
[migrate] hsc_legacy_offline_v1: 杩佺Щ瀹屾垚 stats={'phase': 'hsc_legacy_offline_v1', 'consistency_ok': True, 'dropped': [], 'skipped': ['dry_run_mode_no_drop'], 'backup': ['health_check_template: rows=1', 'body_part_dict: rows=10'], 'errors': [], 'consistency_msg': "questionnaire_template.code='health_self_check' 宸插瓨鍦?}

--- 姝ラ 5锛氭帰娲?---
$ curl -sk -o /dev/null -w '/api/health HTTP_%{http_code}\n' 'https://newbb.test.bangbangvip.com/autodev/6b099ed3-7175-4a78-91f4-44570c84ed27/api/health'
/api/health HTTP_200
$ curl -sk -o /dev/null -w '/ HTTP_%{http_code}\n' 'https://newbb.test.bangbangvip.com/autodev/6b099ed3-7175-4a78-91f4-44570c84ed27/'
/ HTTP_200
$ curl -sk -o /dev/null -w '/admin/ HTTP_%{http_code}\n' 'https://newbb.test.bangbangvip.com/autodev/6b099ed3-7175-4a78-91f4-44570c84ed27/admin/'
/admin/ HTTP_200
$ curl -sk -o /dev/null -w '/api/questionnaire/placeholder-catalog HTTP_%{http_code}\n' 'https://newbb.test.bangbangvip.com/autodev/6b099ed3-7175-4a78-91f4-44570c84ed27/api/questionnaire/placeholder-catalog'
/api/questionnaire/placeholder-catalog HTTP_200

--- 姝ラ 6锛氳繙绔?pytest锛坱est_hsc_fix_v2_20260521.py锛?---
$ docker exec 6b099ed3-7175-4a78-91f4-44570c84ed27-backend python -m pytest tests/test_hsc_fix_v2_20260521.py -v --no-header 2>&1 | tail -80
/usr/local/bin/python: No module named pytest

============================================================
[BUG-HSC-FIX-V2] 閮ㄧ讲瀹屾垚
============================================================
