
========== 閮ㄧ讲 backend ==========
[upload] _ai_page_optim_v1_be.tar.gz 鍖呭ぇ灏?56.5 KiB (10 鏂囦欢)
extracted
 
cp backend/app/main.py -> exit=0 err=''
cp backend/app/services/prd_tcm36_drawer_v12_migration.py -> exit=0 err=''
cp backend/app/services/prd_questionnaire_drawer_v1_migration.py -> exit=0 err=''
cp backend/app/services/prd_qn_content_v1_migration.py -> exit=0 err=''
cp backend/app/services/prd_tag_recommend_v1_migration.py -> exit=0 err=''
cp backend/app/services/seed_packs/__init__.py -> exit=0 err=''
cp backend/app/services/seed_packs/registry.py -> exit=0 err=''
cp backend/app/api/seed_import.py -> exit=0 err=''
cp backend/scripts/cleanup_tcm_orphan_template.py -> exit=0 err=''
cp backend/tests/test_ai_page_optim_v1_20260521.py -> exit=0 err=''
[restart] backend ...
  File "/usr/local/lib/python3.11/site-packages/aiomysql/cursors.py", line 239, in execute
    await self._query(query)
  File "/usr/local/lib/python3.11/site-packages/aiomysql/cursors.py", line 457, in _query
    await conn.query(q)
  File "/usr/local/lib/python3.11/site-packages/aiomysql/connection.py", line 469, in query
    await self._read_query_result(unbuffered=unbuffered)
  File "/usr/local/lib/python3.11/site-packages/aiomysql/connection.py", line 683, in _read_query_result
    await result.read()
  File "/usr/local/lib/python3.11/site-packages/aiomysql/connection.py", line 1164, in read
    first_packet = await self.connection._read_packet()
                   ^^^^^^^^^^^^^^^^^^^^^^^^^^^^^^^^^^^^
  File "/usr/local/lib/python3.11/site-packages/aiomysql/connection.py", line 652, in _read_packet
    packet.raise_for_error()
  File "/usr/local/lib/python3.11/site-packages/pymysql/protocol.py", line 219, in raise_for_error
    err.raise_mysql_exception(self._data)
  File "/usr/local/lib/python3.11/site-packages/pymysql/err.py", line 150, in raise_mysql_exception
    raise errorclass(errno, errval)
sqlalchemy.exc.OperationalError: (pymysql.err.OperationalError) (1054, "Unknown column 'updated_at' in 'field list'")
[SQL: SELECT id, user_id, family_member_id, medicine_name,        updated_at, created_at FROM medication_reminders WHERE status = 'active']
(Background on this error at: https://sqlalche.me/e/20/e3q8)
[migrate] prd_med_plan_interact_optim_v1: 杩佺Щ瀹屾垚 stats={'groups_scanned': 0, 'duplicates_soft_deleted': 0, 'names_normalized': 0, 'skipped': False}
[migrate] prd_health_archive_optim_v1: 鍚姩杩佺Щ...
set flag failed: (pymysql.err.OperationalError) (1054, "Unknown column 'created_at' in 'field list'")
[SQL: 
                    INSERT INTO app_settings (`key`, `value`, `created_at`, `updated_at`)
                    VALUES (%s, '1', NOW(), NOW())
                    ON DUPLICATE KEY UPDATE `value` = '1', `updated_at` = NOW()
                    ]
[parameters: ('_migration_done.prd_health_archive_optim_v1',)]
(Background on this error at: https://sqlalche.me/e/20/e3q8)
[migrate] prd_health_archive_optim_v1: 杩佺Щ瀹屾垚 stats={'users_seen': 117, 'self_settings_inserted': 0, 'guardian_settings_inserted': 0, 'skipped': False}
[migrate] questionnaire_v1: 鍚姩杩佺Щ...
[migrate] questionnaire_v1: 鍚姩
[migrate] questionnaire_v1: 瀹屾垚 stats={"columns_added": 0, "pre_card_backfilled": 0, "questionnaire_mapped": 0, "image_capture_mapped": 0, "templates_seeded": 2}
[migrate] questionnaire_v1: 杩佺Щ瀹屾垚 stats={'columns_added': 0, 'pre_card_backfilled': 0, 'questionnaire_mapped': 0, 'image_capture_mapped': 0, 'templates_seeded': 2}
[migrate] prd_legacy_home_cleanup_v11: 鍚姩杩佺Щ...
[migrate] prd_legacy_home_cleanup_v11: 杩佺Щ瀹屾垚 stats={'page_style_deleted': 0, 'home_config_kv_deleted': 0, 'banner_link_url_migrated': 0, 'banner_hidden_for_legacy_path': 0, 'audit_rows_inserted': 0, 'skipped': True}
[migrate] questionnaire_drawer_v1: 鍚姩杩佺Щ...
[migrate] questionnaire_drawer_v1: 鍚姩
[migrate] questionnaire_drawer_v1: 瀹屾垚 stats={"columns_added": 0, "template_seeded": 0, "questions_created": 0, "questions_updated": 0, "buttons_upgraded": 0, "tcm_button_registered": 0, "reverse_score_marked": 0, "precard_backfilled": 0, "health_self_check_seed_skipped": "by_seed_pack_admin_page", "tcm_button_seed_skipped": "by_seed_pack_admin_page"}
[migrate] questionnaire_drawer_v1: 杩佺Щ瀹屾垚 stats={'columns_added': 0, 'template_seeded': 0, 'questions_created': 0, 'questions_updated': 0, 'buttons_upgraded': 0, 'tcm_button_registered': 0, 'reverse_score_marked': 0, 'precard_backfilled': 0, 'health_self_check_seed_skipped': 'by_seed_pack_admin_page', 'tcm_button_seed_skipped': 'by_seed_pack_admin_page'}
[migrate] tcm36_drawer_v12: 鍚姩杩佺Щ...
[migrate] tcm36_drawer_v12: 鍚姩
[migrate] tcm36_drawer_v12: 璺宠繃绉嶅瓙鎻掑叆 (tcm_constitution 妯℃澘/36棰?9鍒嗗瀷瑙勫垯)锛岀敱绉嶅瓙瀵煎叆椤佃礋璐?
[migrate] tcm36_drawer_v12: 瀹屾垚 stats={"phase": "tcm36_drawer_v12", "columns_added": {"trigger_by_keyword": false, "trigger_by_intent": false, "trigger_keywords": false, "ai_reference_passive": false, "ai_reference_active": false}, "seed_skipped": "by_seed_pack_admin_page", "trigger_keywords_backfilled": 0}
[tcm36] DDL OK, seed data delegated to seed pack admin page
[migrate] tcm36_drawer_v12: 杩佺Щ瀹屾垚 stats={'phase': 'tcm36_drawer_v12', 'columns_added': {'trigger_by_keyword': False, 'trigger_by_intent': False, 'trigger_keywords': False, 'ai_reference_passive': False, 'ai_reference_active': False}, 'seed_skipped': 'by_seed_pack_admin_page', 'trigger_keywords_backfilled': 0}
[migrate] prd_tag_recommend_v1: 鍚姩杩佺Щ...
[migrate] prd_tag_recommend_v1: 杩佺Щ瀹屾垚 stats={'tags_created': 0, 'goods_tags_created': 0, 'recommend_cfg_created': 0, 'template_columns_added': 0, 'tag_columns_added': 0, 'constitution_tags_seeded': 0, 'constitution_tags_skipped': 'by_seed_pack_admin_page', 'constitution_tags_unlocked': 72, 'legacy_service_to_contraindication': 0, 'legacy_other_deactivated': 9, 'tcm_set_triple': 1, 'symptom_tags_migrated': 0, 'symptom_tags_column_missing': 1, 'symptom_tags_column_dropped': 0}
[migrate] qn_content_v1: 鍚姩杩佺Щ...
[migrate] qn_content_v1: 鍚姩
[migrate] qn_content_v1: 瀹屾垚 stats={"phase": "qn_content_v1", "columns_added": {"followup_chips_json": false, "cta_list_json": false}, "phq9": {"skipped": "by_seed_pack_admin_page"}, "gad7": {"skipped": "by_seed_pack_admin_page"}, "psqi": {"skipped": "by_seed_pack_admin_page"}, "tcm_chips_cta": {"skipped": "by_seed_pack_admin_page"}, "hsc_v2": {"skipped": "by_seed_pack_admin_page"}}
[qn_content_v1] DDL OK, seed data (PHQ-9/GAD-7/PSQI/hsc_v2) delegated to seed pack admin page
[migrate] qn_content_v1: 杩佺Щ瀹屾垚 stats={'phase': 'qn_content_v1', 'columns_added': {'followup_chips_json': False, 'cta_list_json': False}, 'phq9': {'skipped': 'by_seed_pack_admin_page'}, 'gad7': {'skipped': 'by_seed_pack_admin_page'}, 'psqi': {'skipped': 'by_seed_pack_admin_page'}, 'tcm_chips_cta': {'skipped': 'by_seed_pack_admin_page'}, 'hsc_v2': {'skipped': 'by_seed_pack_admin_page'}}
[migrate] questionnaire_autonext_v1: 鍚姩杩佺Щ...
[migrate] questionnaire_autonext_v1: 鍚姩
[migrate] questionnaire_autonext_v1: 瀹屾垚 stats={"columns_added": 0, "container_filled": 0, "qpp_filled": 0, "auto_next_filled": 0}
[migrate] questionnaire_autonext_v1: 杩佺Щ瀹屾垚 stats={'columns_added': 0, 'container_filled': 0, 'qpp_filled': 0, 'auto_next_filled': 0}
INFO:     Application startup complete.
INFO:     Uvicorn running on http://0.0.0.0:8000 (Press CTRL+C to quit)


========== 閮ㄧ讲 admin-web ==========
[upload] _ai_page_optim_v1_admin.tar.gz 鍖呭ぇ灏?17.1 KiB (3 鏂囦欢)
extracted
 
cp admin-web/src/app/(admin)/layout.tsx -> exit=2 err="bash: -c: line 1: syntax error near unexpected token `('\nbash: -c: line 1: `docker cp /home/ubuntu/6b099ed3-7175-4a78-91f4-44570c84ed27/admin-web/src/app/(admin)/layout.tsx 6b099ed3-7175-4a78-91f4-44570c84ed27-admin:/app/src/app/(admin)/layout.tsx'"
cp admin-web/src/app/(admin)/questionnaire-templates/page.tsx -> exit=2 err="bash: -c: line 1: syntax error near unexpected token `('\nbash: -c: line 1: `docker cp /home/ubuntu/6b099ed3-7175-4a78-91f4-44570c84ed27/admin-web/src/app/(admin)/questionnaire-templates/page.tsx 6b099ed3-7175-4a78-91f4-44570c84ed27-admin:/app/src/app/(admin)/questionnaire-templates/page.tsx'"
cp admin-web/src/app/(admin)/system/seed-import/page.tsx -> exit=2 err="bash: -c: line 1: syntax error near unexpected token `('\nbash: -c: line 1: `docker cp /home/ubuntu/6b099ed3-7175-4a78-91f4-44570c84ed27/admin-web/src/app/(admin)/system/seed-import/page.tsx 6b099ed3-7175-4a78-91f4-44570c84ed27-admin:/app/src/app/(admin)/system/seed-import/page.tsx'"
[restart] admin (next dev 鐑洿鏂颁竴鑸锛宺estart 鍏滃簳) ...
  鈻?Next.js 14.2.15
  - Local:        http://12682c828995:3000
  - Network:      http://172.20.0.5:3000

 鉁?Starting...
 鉁?Ready in 93ms
  鈻?Next.js 14.2.15
  - Local:        http://12682c828995:3000
  - Network:      http://172.20.0.5:3000

 鉁?Starting...
 鉁?Ready in 83ms


========== 閮ㄧ讲 h5-web ==========
[upload] _ai_page_optim_v1_h5.tar.gz 鍖呭ぇ灏?127.1 KiB (4 鏂囦欢)
extracted
 
cp h5-web/src/app/(ai-chat)/ai-home/page.tsx -> exit=2 err="bash: -c: line 1: syntax error near unexpected token `('\nbash: -c: line 1: `docker cp /home/ubuntu/6b099ed3-7175-4a78-91f4-44570c84ed27/h5-web/src/app/(ai-chat)/ai-home/page.tsx 6b099ed3-7175-4a78-91f4-44570c84ed27-h5:/app/src/app/(ai-chat)/ai-home/page.tsx'"
cp h5-web/src/components/ai-chat/Sidebar.tsx -> exit=0 err=''
cp h5-web/src/components/ai-chat/ProfileCard.tsx -> exit=0 err=''
cp h5-web/src/app/chat/[sessionId]/page.tsx -> exit=0 err=''
rm h5-web/src/app/(ai-chat)/health-archive/page.tsx -> exit=2
[restart] h5 ...
  鈻?Next.js 14.2.15
  - Local:        http://80cd8f888f68:3001
  - Network:      http://172.20.0.6:3001

 鉁?Starting...
 鉁?Ready in 97ms
  鈻?Next.js 14.2.15
  - Local:        http://80cd8f888f68:3001
  - Network:      http://172.20.0.6:3001

 鉁?Starting...
 鉁?Ready in 89ms


========== 璺戝鍎挎竻鐞嗚剼鏈紙涓€娆℃€э級 ==========
stdout: {
  "orphan_code": "tcm_constitution_wangqi_36",
  "target_code": "tcm_constitution",
  "orphan_template_id": null,
  "target_template_id": null,
  "buttons_redirected": 0,
  "questions_deleted": 0,
  "classification_rules_deleted": 0,
  "recommend_configs_deleted": 0,
  "template_deleted": false,
  "warnings": [
    "鏈彂鐜板鍎挎ā鏉?code='tcm_constitution_wangqi_36'锛屾棤闇€娓呯悊"
  ]
}

stderr: 2026-05-20 17:03:13,879 [INFO] [cleanup] 鏈彂鐜板鍎挎ā鏉?tcm_constitution_wangqi_36锛岃烦杩?
Exception ignored in: <function Connection.__del__ at 0x784682992a20>
Traceback (most recent call last):
  File "/usr/local/lib/python3.11/site-packages/aiomysql/connection.py", line 1131, in __del__
  File "/usr/local/lib/python3.11/site-packages/aiomysql/connection.py", line 339, in close
  File "/usr/local/lib/python3.11/asyncio/selector_events.py", line 864, in close
  File "/usr/local/lib/python3.11/asyncio/base_events.py", line 762, in call_soon
  File "/usr/local/lib/python3.11/asyncio/base_events.py", line 520, in _check_closed
RuntimeError: Event loop is closed

exit: 0

========== 鐑熸祴 ==========
[smoke] seed_import.py seed-packs 鍑虹幇娆℃暟: 8
[smoke] tcm36 鍏抽棴鑷姩鎻掑叆鏍囪瘑娆℃暟: 1
[smoke] h5 鏃?health-archive 鐩綍: 
[smoke] h5 ai-home /health-profile 鍑虹幇娆℃暟: 
[smoke] admin layout 绉嶅瓙鏁版嵁瀵煎叆 鍑虹幇娆℃暟: grep: /app/src/app/(admin)/layout.tsx: No such file or directory

=========== DONE ===========
