Local base: C:\auto_output\bnbbaijkgj
Connecting to ubuntu@newbb.test.bangbangvip.com:22...
Connected.
  upload: backend/app/api/tag_recommend.py -> /home/ubuntu/6b099ed3-7175-4a78-91f4-44570c84ed27/backend/app/api/tag_recommend.py
  upload: backend/app/schemas/tag_recommend.py -> /home/ubuntu/6b099ed3-7175-4a78-91f4-44570c84ed27/backend/app/schemas/tag_recommend.py
  upload: backend/app/services/prd_tag_recommend_v1_migration.py -> /home/ubuntu/6b099ed3-7175-4a78-91f4-44570c84ed27/backend/app/services/prd_tag_recommend_v1_migration.py
  upload: backend/app/models/models.py -> /home/ubuntu/6b099ed3-7175-4a78-91f4-44570c84ed27/backend/app/models/models.py
  upload: backend/app/schemas/questionnaire.py -> /home/ubuntu/6b099ed3-7175-4a78-91f4-44570c84ed27/backend/app/schemas/questionnaire.py
  upload: backend/app/api/questionnaire.py -> /home/ubuntu/6b099ed3-7175-4a78-91f4-44570c84ed27/backend/app/api/questionnaire.py
  upload: backend/app/main.py -> /home/ubuntu/6b099ed3-7175-4a78-91f4-44570c84ed27/backend/app/main.py
  upload: backend/tests/test_tag_recommend_v1_20260520.py -> /home/ubuntu/6b099ed3-7175-4a78-91f4-44570c84ed27/backend/tests/test_tag_recommend_v1_20260520.py
  upload: admin-web/src/utils/fulfillmentLabel.ts -> /home/ubuntu/6b099ed3-7175-4a78-91f4-44570c84ed27/admin-web/src/utils/fulfillmentLabel.ts
  upload: admin-web/src/app/(admin)/layout.tsx -> /home/ubuntu/6b099ed3-7175-4a78-91f4-44570c84ed27/admin-web/src/app/(admin)/layout.tsx
  upload: admin-web/src/app/(admin)/product-system/tags/page.tsx -> /home/ubuntu/6b099ed3-7175-4a78-91f4-44570c84ed27/admin-web/src/app/(admin)/product-system/tags/page.tsx
  upload: admin-web/src/app/(admin)/function-buttons/page.tsx -> /home/ubuntu/6b099ed3-7175-4a78-91f4-44570c84ed27/admin-web/src/app/(admin)/function-buttons/page.tsx
  upload: admin-web/src/app/(admin)/questionnaire-templates/page.tsx -> /home/ubuntu/6b099ed3-7175-4a78-91f4-44570c84ed27/admin-web/src/app/(admin)/questionnaire-templates/page.tsx
  upload: admin-web/src/app/(admin)/points/mall/page.tsx -> /home/ubuntu/6b099ed3-7175-4a78-91f4-44570c84ed27/admin-web/src/app/(admin)/points/mall/page.tsx
  upload: admin-web/src/components/coupon/ProductPickerModal.tsx -> /home/ubuntu/6b099ed3-7175-4a78-91f4-44570c84ed27/admin-web/src/components/coupon/ProductPickerModal.tsx
  upload: h5-web/src/utils/fulfillmentLabel.ts -> /home/ubuntu/6b099ed3-7175-4a78-91f4-44570c84ed27/h5-web/src/utils/fulfillmentLabel.ts
  upload: h5-web/src/app/product/[id]/page.tsx -> /home/ubuntu/6b099ed3-7175-4a78-91f4-44570c84ed27/h5-web/src/app/product/[id]/page.tsx
  upload: h5-web/src/components/ai-chat/QuestionnaireRecommendCard.tsx -> /home/ubuntu/6b099ed3-7175-4a78-91f4-44570c84ed27/h5-web/src/components/ai-chat/QuestionnaireRecommendCard.tsx
  upload: h5-web/src/components/ai-chat/RecommendGoodsDrawer.tsx -> /home/ubuntu/6b099ed3-7175-4a78-91f4-44570c84ed27/h5-web/src/components/ai-chat/RecommendGoodsDrawer.tsx
  upload: h5-web/src/app/(ai-chat)/ai-home/page.tsx -> /home/ubuntu/6b099ed3-7175-4a78-91f4-44570c84ed27/h5-web/src/app/(ai-chat)/ai-home/page.tsx
compose files: /home/ubuntu/6b099ed3-7175-4a78-91f4-44570c84ed27/docker-compose.prod.yml
/home/ubuntu/6b099ed3-7175-4a78-91f4-44570c84ed27/docker-compose.yml

--- 鍚屾 backend 婧愬埌瀹瑰櫒 ---

--- restart backend ---

$ cd /home/ubuntu/6b099ed3-7175-4a78-91f4-44570c84ed27 && docker compose -f docker-compose.prod.yml restart backend 2>&1 | tail -3
 Container 6b099ed3-7175-4a78-91f4-44570c84ed27-backend Restarting 
 Container 6b099ed3-7175-4a78-91f4-44570c84ed27-backend Started 

绛夊緟 backend 灏辩华 + 璺戣縼绉?..
  杩佺Щ瀹屾垚銆?

--- rebuild h5-web ---

$ cd /home/ubuntu/6b099ed3-7175-4a78-91f4-44570c84ed27 && docker compose -f docker-compose.prod.yml stop h5-web 2>&1 | tail -3
 Container 6b099ed3-7175-4a78-91f4-44570c84ed27-h5 Stopping 
 Container 6b099ed3-7175-4a78-91f4-44570c84ed27-h5 Stopped 


$ cd /home/ubuntu/6b099ed3-7175-4a78-91f4-44570c84ed27 && docker compose -f docker-compose.prod.yml rm -f h5-web 2>&1 | tail -3
Going to remove 6b099ed3-7175-4a78-91f4-44570c84ed27-h5
 Container 6b099ed3-7175-4a78-91f4-44570c84ed27-h5 Removing 
 Container 6b099ed3-7175-4a78-91f4-44570c84ed27-h5 Removed 

Building h5-web (5-10 min)...

$ cd /home/ubuntu/6b099ed3-7175-4a78-91f4-44570c84ed27 && docker compose -f docker-compose.prod.yml build h5-web 2>&1 | tail -120
                      2.15 kB         234 kB
#12 90.75 鈹?鈼?/sandbox-pay                               2.15 kB         234 kB
#12 90.75 鈹?鈼?/scan                                      109 kB          319 kB
#12 90.75 鈹?鈼?/search                                    6.37 kB         238 kB
#12 90.75 鈹?鈼?/search/result                             7.33 kB         239 kB
#12 90.75 鈹?鈼?/services                                  5.5 kB          238 kB
#12 90.75 鈹?鈼?/settings                                  6.06 kB         238 kB
#12 90.75 鈹?茠 /shared/chat/[token]                       2.51 kB         235 kB
#12 90.75 鈹?茠 /shared/drug/[token]                       2.52 kB         235 kB
#12 90.75 鈹?茠 /shared/report/[token]                     2.72 kB         235 kB
#12 90.75 鈹?鈼?/symptom                                   9.96 kB         247 kB
#12 90.75 鈹?鈼?/tcm                                       12.5 kB         245 kB
#12 90.75 鈹?鈼?/tcm/archive                               510 B           210 kB
#12 90.75 鈹?茠 /tcm/diagnosis/[id]                        549 B           210 kB
#12 90.75 鈹?鈼?/tcm/loading                               958 B           211 kB
#12 90.75 鈹?茠 /tcm/result/[id]                           9.37 kB         241 kB
#12 90.75 鈹?茠 /unified-order/[id]                        9.95 kB         248 kB
#12 90.75 鈹?鈼?/unified-orders                            4.05 kB         242 kB
#12 90.75 + First Load JS shared by all                  87.6 kB
#12 90.75   鈹?chunks/2117-3615d1923728c5e4.js            31.9 kB
#12 90.75   鈹?chunks/fd9d1056-cde8d1c8f42e1127.js        53.6 kB
#12 90.75   鈹?other shared chunks (total)                2.1 kB
#12 90.75 
#12 90.75 
#12 90.75 鈼? (Static)   prerendered as static content
#12 90.75 茠  (Dynamic)  server-rendered on demand
#12 90.75 
#12 DONE 90.9s

#8 [builder 2/7] WORKDIR /app
#8 CACHED

#13 [runner 3/5] COPY --from=builder /app/.next/standalone ./
#13 DONE 0.5s

#14 [runner 4/5] COPY --from=builder /app/.next/static ./.next/static
#14 DONE 0.1s

#15 [runner 5/5] COPY --from=builder /app/public ./public
#15 DONE 0.4s

#16 exporting to image
#16 exporting layers
#16 exporting layers 10.7s done
#16 exporting manifest sha256:a083f64cfc1f73b797e311c7bdb103d3c59affe68e074989f15e4ad917a024d9 0.0s done
#16 exporting config sha256:4f77b8d3fffe0ed15bc83dbe8528925d4d2cd7dee9b6400e32980b7807bf2157 0.0s done
#16 exporting attestation manifest sha256:3e9731af1985f254db836079f77b0c6dc7e871844b202eadcb75399da8e31400 0.0s done
#16 exporting manifest list sha256:f5d21ef63e3c3fc48d7643b354e16a763c428ca7683db38d5d75650d3f73a868 done
#16 naming to docker.io/library/6b099ed3-7175-4a78-91f4-44570c84ed27-h5-web:latest done
#16 unpacking to docker.io/library/6b099ed3-7175-4a78-91f4-44570c84ed27-h5-web:latest
#16 unpacking to docker.io/library/6b099ed3-7175-4a78-91f4-44570c84ed27-h5-web:latest 2.0s done
#16 DONE 12.8s

#17 resolving provenance for metadata file
#17 DONE 0.1s
 Image 6b099ed3-7175-4a78-91f4-44570c84ed27-h5-web Built 


$ cd /home/ubuntu/6b099ed3-7175-4a78-91f4-44570c84ed27 && docker compose -f docker-compose.prod.yml up -d h5-web 2>&1 | tail -10
 Container 6b099ed3-7175-4a78-91f4-44570c84ed27-db Running 
 Container 6b099ed3-7175-4a78-91f4-44570c84ed27-backend Running 
 Container 6b099ed3-7175-4a78-91f4-44570c84ed27-h5 Creating 
 Container 6b099ed3-7175-4a78-91f4-44570c84ed27-h5 Created 
 Container 6b099ed3-7175-4a78-91f4-44570c84ed27-db Waiting 
 Container 6b099ed3-7175-4a78-91f4-44570c84ed27-db Healthy 
 Container 6b099ed3-7175-4a78-91f4-44570c84ed27-h5 Starting 
 Container 6b099ed3-7175-4a78-91f4-44570c84ed27-h5 Started 

--- 绛夊緟 h5-web 灏辩华 ---
  h5-web ready.

--- rebuild admin-web ---

$ cd /home/ubuntu/6b099ed3-7175-4a78-91f4-44570c84ed27 && docker compose -f docker-compose.prod.yml stop admin-web 2>&1 | tail -3
 Container 6b099ed3-7175-4a78-91f4-44570c84ed27-admin Stopping 
 Container 6b099ed3-7175-4a78-91f4-44570c84ed27-admin Stopped 


$ cd /home/ubuntu/6b099ed3-7175-4a78-91f4-44570c84ed27 && docker compose -f docker-compose.prod.yml rm -f admin-web 2>&1 | tail -3
Going to remove 6b099ed3-7175-4a78-91f4-44570c84ed27-admin
 Container 6b099ed3-7175-4a78-91f4-44570c84ed27-admin Removing 
 Container 6b099ed3-7175-4a78-91f4-44570c84ed27-admin Removed 

Building admin-web (5-10 min)...

$ cd /home/ubuntu/6b099ed3-7175-4a78-91f4-44570c84ed27 && docker compose -f docker-compose.prod.yml build admin-web 2>&1 | tail -120
 115.2 鈹?鈼?/relation-types                          11.5 kB         406 kB
#12 115.2 鈹?鈼?/search-config                           10 kB           414 kB
#12 115.2 鈹?鈼?/search/asr-config                       7 kB            296 kB
#12 115.2 鈹?鈼?/search/block-words                      12.6 kB         402 kB
#12 115.2 鈹?鈼?/search/recommend                        14.2 kB         409 kB
#12 115.2 鈹?鈼?/search/statistics                       240 kB         1.09 MB
#12 115.2 鈹?鈼?/settings                                11 kB           368 kB
#12 115.2 鈹?鈼?/share-config                            4.21 kB         371 kB
#12 115.2 鈹?鈼?/sms                                     25.1 kB         423 kB
#12 115.2 鈹?鈼?/system-messages                         11.4 kB         433 kB
#12 115.2 鈹?鈼?/system-messages/send                    4.92 kB         314 kB
#12 115.2 鈹?鈼?/system/sdk-health                       17 kB           285 kB
#12 115.2 鈹?鈼?/tcm-config                              4.05 kB         284 kB
#12 115.2 鈹?鈼?/theme-config                            7.6 kB          403 kB
#12 115.2 鈹?鈼?/tts-config                              5.07 kB         334 kB
#12 115.2 鈹?鈼?/users                                   15.3 kB         404 kB
#12 115.2 鈹?鈼?/voice-service                           3.46 kB         345 kB
#12 115.2 鈹?鈼?/wechat-push                             4.92 kB         291 kB
#12 115.2 + First Load JS shared by all                87.7 kB
#12 115.2   鈹?chunks/2117-1ca38137e0e3b541.js          31.9 kB
#12 115.2   鈹?chunks/fd9d1056-cde8d1c8f42e1127.js      53.6 kB
#12 115.2   鈹?other shared chunks (total)              2.13 kB
#12 115.2 
#12 115.2 
#12 115.2 鈼? (Static)   prerendered as static content
#12 115.2 茠  (Dynamic)  server-rendered on demand
#12 115.2 
#12 DONE 115.4s

#7 [builder 2/7] WORKDIR /app
#7 CACHED

#13 [runner 3/5] COPY --from=builder /app/.next/standalone ./
#13 DONE 0.4s

#14 [runner 4/5] COPY --from=builder /app/.next/static ./.next/static
#14 DONE 0.1s

#15 [runner 5/5] COPY --from=builder /app/public ./public
#15 DONE 0.1s

#16 exporting to image
#16 exporting layers
#16 exporting layers 1.3s done
#16 exporting manifest sha256:a90f75cc1921aadb4ad5ba74e5a2e42711fb48812806795941ac502735aa02a9 0.0s done
#16 exporting config sha256:e8e0c813471145da72d3090bb2ef0462b270d6a28069fdb2595aa47f43894b57 done
#16 exporting attestation manifest sha256:33bf1c86af120bc364d9515c5c81ff89fe669a7b306325416e771d006b133b60 0.0s done
#16 exporting manifest list sha256:43dc420290c33ea2a235d7f912463574418f8fd3a76b6ecd3814eb64d0dfcd26 0.0s done
#16 naming to docker.io/library/6b099ed3-7175-4a78-91f4-44570c84ed27-admin-web:latest done
#16 unpacking to docker.io/library/6b099ed3-7175-4a78-91f4-44570c84ed27-admin-web:latest
#16 unpacking to docker.io/library/6b099ed3-7175-4a78-91f4-44570c84ed27-admin-web:latest 0.6s done
#16 DONE 2.0s

#17 resolving provenance for metadata file
#17 DONE 0.0s
 Image 6b099ed3-7175-4a78-91f4-44570c84ed27-admin-web Built 


$ cd /home/ubuntu/6b099ed3-7175-4a78-91f4-44570c84ed27 && docker compose -f docker-compose.prod.yml up -d admin-web 2>&1 | tail -10
 Container 6b099ed3-7175-4a78-91f4-44570c84ed27-db Running 
 Container 6b099ed3-7175-4a78-91f4-44570c84ed27-backend Running 
 Container 6b099ed3-7175-4a78-91f4-44570c84ed27-admin Creating 
 Container 6b099ed3-7175-4a78-91f4-44570c84ed27-admin Created 
 Container 6b099ed3-7175-4a78-91f4-44570c84ed27-db Waiting 
 Container 6b099ed3-7175-4a78-91f4-44570c84ed27-db Healthy 
 Container 6b099ed3-7175-4a78-91f4-44570c84ed27-admin Starting 
 Container 6b099ed3-7175-4a78-91f4-44570c84ed27-admin Started 

--- 绛夊緟 admin-web 灏辩华 ---
  admin-web ready.

--- smoke 娴嬭瘯 ---
  https://newbb.test.bangbangvip.com/autodev/6b099ed3-7175-4a78-91f4-44570c84ed27/api/openapi.json -> 200
  https://newbb.test.bangbangvip.com/autodev/6b099ed3-7175-4a78-91f4-44570c84ed27/ai-home -> 308
  https://newbb.test.bangbangvip.com/autodev/6b099ed3-7175-4a78-91f4-44570c84ed27/ -> 200
  https://newbb.test.bangbangvip.com/autodev/6b099ed3-7175-4a78-91f4-44570c84ed27/admin/product-system/tags -> 308
  https://newbb.test.bangbangvip.com/autodev/6b099ed3-7175-4a78-91f4-44570c84ed27/admin/function-buttons -> 308
  https://newbb.test.bangbangvip.com/autodev/6b099ed3-7175-4a78-91f4-44570c84ed27/admin/questionnaire-templates -> 308

--- 鍚屾鍓嶇婧愮爜鍒?backend 瀹瑰櫒锛堜緵 pytest 婧愮爜鏍￠獙锛?--

--- backend 瀹瑰櫒鍐?pytest 鎵ц ---

$ docker exec 6b099ed3-7175-4a78-91f4-44570c84ed27-backend python -m pytest tests/test_tag_recommend_v1_20260520.py -v --tb=short --no-header 2>&1 | tail -80
.py:795: PydanticDeprecatedSince20: `min_items` is deprecated and will be removed, use `min_length` instead. Deprecated in Pydantic V2.0 to be removed in V3.0. See Pydantic V2 Migration Guide at https://errors.pydantic.dev/2.9/migration/
    warn('`min_items` is deprecated and will be removed, use `min_length` instead', DeprecationWarning)

../usr/local/lib/python3.11/site-packages/pydantic/fields.py:801
  /usr/local/lib/python3.11/site-packages/pydantic/fields.py:801: PydanticDeprecatedSince20: `max_items` is deprecated and will be removed, use `max_length` instead. Deprecated in Pydantic V2.0 to be removed in V3.0. See Pydantic V2 Migration Guide at https://errors.pydantic.dev/2.9/migration/
    warn('`max_items` is deprecated and will be removed, use `max_length` instead', DeprecationWarning)

app/main.py:2074
  /app/app/main.py:2074: DeprecationWarning: 
          on_event is deprecated, use lifespan event handlers instead.
  
          Read more about it in the
          [FastAPI docs for Lifespan Events](https://fastapi.tiangolo.com/advanced/events/).
          
    @app.on_event("startup")

../usr/local/lib/python3.11/site-packages/fastapi/applications.py:4495
../usr/local/lib/python3.11/site-packages/fastapi/applications.py:4495
../usr/local/lib/python3.11/site-packages/fastapi/applications.py:4495
../usr/local/lib/python3.11/site-packages/fastapi/applications.py:4495
  /usr/local/lib/python3.11/site-packages/fastapi/applications.py:4495: DeprecationWarning: 
          on_event is deprecated, use lifespan event handlers instead.
  
          Read more about it in the
          [FastAPI docs for Lifespan Events](https://fastapi.tiangolo.com/advanced/events/).
          
    return self.router.on_event(event_type)

app/main.py:2081
  /app/app/main.py:2081: DeprecationWarning: 
          on_event is deprecated, use lifespan event handlers instead.
  
          Read more about it in the
          [FastAPI docs for Lifespan Events](https://fastapi.tiangolo.com/advanced/events/).
          
    @app.on_event("startup")

app/main.py:2111
  /app/app/main.py:2111: DeprecationWarning: 
          on_event is deprecated, use lifespan event handlers instead.
  
          Read more about it in the
          [FastAPI docs for Lifespan Events](https://fastapi.tiangolo.com/advanced/events/).
          
    @app.on_event("startup")

app/main.py:2130
  /app/app/main.py:2130: DeprecationWarning: 
          on_event is deprecated, use lifespan event handlers instead.
  
          Read more about it in the
          [FastAPI docs for Lifespan Events](https://fastapi.tiangolo.com/advanced/events/).
          
    @app.on_event("startup")

-- Docs: https://docs.pytest.org/en/stable/how-to/capture-warnings.html
=========================== short test summary info ============================
FAILED tests/test_tag_recommend_v1_20260520.py::test_tc10_constitution_tags_seed_in_migration
================== 1 failed, 13 passed, 30 warnings in 6.21s ===================


========== 閮ㄧ讲鎽樿 ==========
鍩虹 URL: https://newbb.test.bangbangvip.com/autodev/6b099ed3-7175-4a78-91f4-44570c84ed27
smoke:
  200  https://newbb.test.bangbangvip.com/autodev/6b099ed3-7175-4a78-91f4-44570c84ed27/api/openapi.json
  308  https://newbb.test.bangbangvip.com/autodev/6b099ed3-7175-4a78-91f4-44570c84ed27/ai-home
  200  https://newbb.test.bangbangvip.com/autodev/6b099ed3-7175-4a78-91f4-44570c84ed27/
  308  https://newbb.test.bangbangvip.com/autodev/6b099ed3-7175-4a78-91f4-44570c84ed27/admin/product-system/tags
  308  https://newbb.test.bangbangvip.com/autodev/6b099ed3-7175-4a78-91f4-44570c84ed27/admin/function-buttons
  308  https://newbb.test.bangbangvip.com/autodev/6b099ed3-7175-4a78-91f4-44570c84ed27/admin/questionnaire-templates
pytest: ================== 1 failed, 13 passed, 30 warnings in 6.21s ===================
==============================
Done.
