[1/7] SSH 杩炴帴鍒?newbb.test.bangbangvip.com ...
[2/7] 妫€鏌ヨ繙绋嬮」鐩洰褰?/home/ubuntu/6b099ed3-7175-4a78-91f4-44570c84ed27
$ ls -la /home/ubuntu/6b099ed3-7175-4a78-91f4-44570c84ed27 | head -10
total 624664
drwxrwxr-x 35 ubuntu ubuntu    61440 May 27 00:23 .
drwxr-x--- 57 ubuntu ubuntu     4096 May 27 02:44 ..
-rw-rw-r--  1 ubuntu ubuntu     4383 May 23 12:13 add_apk_route.py
-rw-rw-r--  1 ubuntu ubuntu     1551 May 23 12:13 _admin_rebuild2.py
drwxrwxr-x  3 ubuntu ubuntu     4096 May 23 20:48 admin-web
-rw-rw-r--  1 ubuntu ubuntu   109180 Apr  9 11:33 admin_web_src.tar.gz
-rw-rw-r--  1 ubuntu ubuntu   312356 May  5 19:45 admin_web_table_layout_fix.tar.gz
-rw-rw-r--  1 ubuntu ubuntu        0 May  8 15:31 _ai_home_config_414.json
-rw-rw-r--  1 ubuntu ubuntu    11684 May  6 00:44 _android_build_363.log

[3/7] 涓婁紶 v1.3.1 娑夊強鐨勬枃浠?...
[UPLOAD] backend/app/api/guardian_system_v13.py -> /home/ubuntu/6b099ed3-7175-4a78-91f4-44570c84ed27/backend/app/api/guardian_system_v13.py
[UPLOAD] backend/app/api/family_management.py -> /home/ubuntu/6b099ed3-7175-4a78-91f4-44570c84ed27/backend/app/api/family_management.py
[UPLOAD] backend/tests/test_guardian_system_v131.py -> /home/ubuntu/6b099ed3-7175-4a78-91f4-44570c84ed27/backend/tests/test_guardian_system_v131.py
[UPLOAD] h5-web/src/app/health-profile/i-guard/page.tsx -> /home/ubuntu/6b099ed3-7175-4a78-91f4-44570c84ed27/h5-web/src/app/health-profile/i-guard/page.tsx
[UPLOAD] h5-web/src/app/health-profile/v13/page.tsx -> /home/ubuntu/6b099ed3-7175-4a78-91f4-44570c84ed27/h5-web/src/app/health-profile/v13/page.tsx
[UPLOAD] miniprogram/pages/family-guardian-list/index.wxml -> /home/ubuntu/6b099ed3-7175-4a78-91f4-44570c84ed27/miniprogram/pages/family-guardian-list/index.wxml
[UPLOAD] miniprogram/pages/health-profile/index.wxml -> /home/ubuntu/6b099ed3-7175-4a78-91f4-44570c84ed27/miniprogram/pages/health-profile/index.wxml
[UPLOAD] flutter_app/lib/screens/health/health_profile_screen.dart -> /home/ubuntu/6b099ed3-7175-4a78-91f4-44570c84ed27/flutter_app/lib/screens/health/health_profile_screen.dart
[4/7] 鍦ㄨ繙绋嬫墽琛屽悗绔?pytest v1.3.1 楠岃瘉 ...
$ cd /home/ubuntu/6b099ed3-7175-4a78-91f4-44570c84ed27 && docker compose exec -T backend python -m pytest tests/test_guardian_system_v131.py -v 2>&1 | tail -80
time="2026-05-27T22:31:04+08:00" level=warning msg="/home/ubuntu/6b099ed3-7175-4a78-91f4-44570c84ed27/docker-compose.yml: the attribute `version` is obsolete, it will be ignored, please remove it to avoid potential confusion"
/usr/local/bin/python: No module named pytest

[4/7] pytest 缁撴灉锛欳HECK_NEEDED
[5/7] 閲嶆柊鏋勫缓 backend + h5-web 瀹瑰櫒 ...
$ cd /home/ubuntu/6b099ed3-7175-4a78-91f4-44570c84ed27 && docker compose build backend h5-web 2>&1 | tail -40
#24 98.99 鈹?鈼?/welcome-mode                              3.48 kB         114 kB
#24 98.99 + First Load JS shared by all                  87.6 kB
#24 98.99   鈹?chunks/2117-e9348fb0d4d6144c.js            31.9 kB
#24 98.99   鈹?chunks/fd9d1056-cde8d1c8f42e1127.js        53.6 kB
#24 98.99   鈹?other shared chunks (total)                2.1 kB
#24 98.99 
#24 98.99 
#24 98.99 鈼? (Static)   prerendered as static content
#24 98.99 茠  (Dynamic)  server-rendered on demand
#24 98.99 
#24 DONE 99.1s

#19 [h5-web builder 2/7] WORKDIR /app
#19 CACHED

#25 [h5-web runner 3/5] COPY --from=builder /app/.next/standalone ./
#25 DONE 0.5s

#26 [h5-web runner 4/5] COPY --from=builder /app/.next/static ./.next/static
#26 DONE 0.1s

#27 [h5-web runner 5/5] COPY --from=builder /app/public ./public
#27 DONE 0.5s

#28 [h5-web] exporting to image
#28 exporting layers
#28 exporting layers 10.6s done
#28 exporting manifest sha256:ddebf98788cd030c25bc32cfaaa2c370a6dfd39429d854dfc6573317f0b7b77f 0.0s done
#28 exporting config sha256:d839b084bd66a527b1c962b46d91dbcc7de9e139d1e46f9c314618390ff3417c 0.0s done
#28 exporting attestation manifest sha256:28c0f2b579f3675d3c19faec064c4c83a5d07e4a3335c76181390a420debf31a 0.0s done
#28 exporting manifest list sha256:1bde765d944d8e0198cbd32655bd701552ebd38b4c56cf302ca27acdb015c7d6 0.0s done
#28 naming to docker.io/library/6b099ed3-7175-4a78-91f4-44570c84ed27-h5-web:latest done
#28 unpacking to docker.io/library/6b099ed3-7175-4a78-91f4-44570c84ed27-h5-web:latest
#28 unpacking to docker.io/library/6b099ed3-7175-4a78-91f4-44570c84ed27-h5-web:latest 2.1s done
#28 DONE 12.8s

#29 [h5-web] resolving provenance for metadata file
#29 DONE 0.1s
 Image 6b099ed3-7175-4a78-91f4-44570c84ed27-backend Built 
 Image 6b099ed3-7175-4a78-91f4-44570c84ed27-h5-web Built 

[6/7] 鍚姩瀹瑰櫒 ...
$ cd /home/ubuntu/6b099ed3-7175-4a78-91f4-44570c84ed27 && docker compose up -d backend h5-web 2>&1 | tail -20
time="2026-05-27T22:33:21+08:00" level=warning msg="/home/ubuntu/6b099ed3-7175-4a78-91f4-44570c84ed27/docker-compose.yml: the attribute `version` is obsolete, it will be ignored, please remove it to avoid potential confusion"
 Container 6b099ed3-7175-4a78-91f4-44570c84ed27-db Running 
 Container 6b099ed3-7175-4a78-91f4-44570c84ed27-backend Recreate 
 Container 6b099ed3-7175-4a78-91f4-44570c84ed27-backend Recreated 
 Container 6b099ed3-7175-4a78-91f4-44570c84ed27-h5 Recreate 
 Container 6b099ed3-7175-4a78-91f4-44570c84ed27-h5 Recreated 
 Container 6b099ed3-7175-4a78-91f4-44570c84ed27-db Waiting 
 Container 6b099ed3-7175-4a78-91f4-44570c84ed27-db Healthy 
 Container 6b099ed3-7175-4a78-91f4-44570c84ed27-backend Starting 
 Container 6b099ed3-7175-4a78-91f4-44570c84ed27-backend Started 
 Container 6b099ed3-7175-4a78-91f4-44570c84ed27-h5 Starting 
 Container 6b099ed3-7175-4a78-91f4-44570c84ed27-h5 Started 

[7/7] 楠岃瘉瀹瑰櫒鍋ュ悍 + 鍏抽敭 URL ...
$ cd /home/ubuntu/6b099ed3-7175-4a78-91f4-44570c84ed27 && docker compose ps | head -10
NAME                                           IMAGE                                            COMMAND                  SERVICE     CREATED          STATUS                  PORTS
6b099ed3-7175-4a78-91f4-44570c84ed27-admin     6b099ed3-7175-4a78-91f4-44570c84ed27-admin-web   "docker-entrypoint.s鈥?   admin-web   4 hours ago      Up 4 hours              3000/tcp
6b099ed3-7175-4a78-91f4-44570c84ed27-backend   6b099ed3-7175-4a78-91f4-44570c84ed27-backend     "uvicorn app.main:ap鈥?   backend     14 seconds ago   Up 10 seconds           8000/tcp
6b099ed3-7175-4a78-91f4-44570c84ed27-db        mysql:8.0                                        "docker-entrypoint.s鈥?   db          21 hours ago     Up 21 hours (healthy)   3306/tcp, 33060/tcp
6b099ed3-7175-4a78-91f4-44570c84ed27-h5        6b099ed3-7175-4a78-91f4-44570c84ed27-h5-web      "docker-entrypoint.s鈥?   h5-web      12 seconds ago   Up 10 seconds           3001/tcp

[stderr] time="2026-05-27T22:33:35+08:00" level=warning msg="/home/ubuntu/6b099ed3-7175-4a78-91f4-44570c84ed27/docker-compose.yml: the attribute `version` is obsolete, it will be ignored, please remove it to avoid potential confusion"

$ curl -s -o /dev/null -w 'i-guard HTTP %{http_code}\n' https://newbb.test.bangbangvip.com/autodev/6b099ed3-7175-4a78-91f4-44570c84ed27/h5/health-profile/i-guard
i-guard HTTP 308

$ curl -s -o /dev/null -w 'v13 redirect HTTP %{http_code}\n' https://newbb.test.bangbangvip.com/autodev/6b099ed3-7175-4a78-91f4-44570c84ed27/h5/health-profile/v13
v13 redirect HTTP 308

$ curl -s -o /dev/null -w 'api family/list HTTP %{http_code}\n' https://newbb.test.bangbangvip.com/autodev/6b099ed3-7175-4a78-91f4-44570c84ed27/api/guardian/v13/family/list
api family/list HTTP 401


=== v1.3.1 閮ㄧ讲瀹屾垚 ===
