[deploy_h5_admin_v2] git_sha=e7ca29e56c target=h5
uploaded deploy_h5_admin_v2.sh -> /home/ubuntu/6b099ed3-7175-4a78-91f4-44570c84ed27/deploy_h5_admin_v2.sh
uploaded rollback_h5_admin_v2.sh -> /home/ubuntu/6b099ed3-7175-4a78-91f4-44570c84ed27/rollback_h5_admin_v2.sh

$ cd /home/ubuntu/6b099ed3-7175-4a78-91f4-44570c84ed27 && bash deploy_h5_admin_v2.sh e7ca29e56c h5
============================================================
[deploy_h5_admin_v2] 2026-05-27 00:32:43
  SERVICE     = h5
  GIT_SHA     = e7ca29e56c
  CONTAINER   = 6b099ed3-7175-4a78-91f4-44570c84ed27-h5
  IMAGE_NEW   = 6b099ed3-7175-4a78-91f4-44570c84ed27-h5-web:autodev-e7ca29e56c
  IMAGE_PREV  = 6b099ed3-7175-4a78-91f4-44570c84ed27-h5-web:autodev-prev
  CTX         = /home/ubuntu/6b099ed3-7175-4a78-91f4-44570c84ed27/h5-web
  NETWORK     = 6b099ed3-7175-4a78-91f4-44570c84ed27-network
  HEALTH_URL  = https://newbb.test.bangbangvip.com/autodev/6b099ed3-7175-4a78-91f4-44570c84ed27/health-profile/i-guard
============================================================
[1/6] tag prev image
    prev image -> 6b099ed3-7175-4a78-91f4-44570c84ed27-h5-web:autodev-prev tagged as 6b099ed3-7175-4a78-91f4-44570c84ed27-h5-web:autodev-prev
[2/6] docker build -> 6b099ed3-7175-4a78-91f4-44570c84ed27-h5-web:autodev-e7ca29e56c
    BUILD_ARG: --build-arg NEXT_PUBLIC_BASE_PATH=/autodev/6b099ed3-7175-4a78-91f4-44570c84ed27 --build-arg NEXT_PUBLIC_API_URL=/autodev/6b099ed3-7175-4a78-91f4-44570c84ed27/api
#0 building with "default" instance using docker driver

#1 [internal] load build definition from Dockerfile
#1 transferring dockerfile: 653B done
#1 DONE 0.0s

#2 [internal] load metadata for docker.io/library/node:18-alpine
#2 DONE 0.2s

#3 [internal] load .dockerignore
#3 transferring context: 102B done
#3 DONE 0.0s

#4 [builder 1/7] FROM docker.io/library/node:18-alpine@sha256:8d6421d663b4c28fd3ebc498332f249011d118945588d0a35cb9bc4b8ca09d9e
#4 resolve docker.io/library/node:18-alpine@sha256:8d6421d663b4c28fd3ebc498332f249011d118945588d0a35cb9bc4b8ca09d9e 0.0s done
#4 DONE 0.0s

#5 [internal] load build context
#5 transferring context: 28.66kB 0.0s done
#5 DONE 0.1s

#6 [runner 3/5] COPY --from=builder /app/.next/standalone ./
#6 CACHED

#7 [runner 4/5] COPY --from=builder /app/.next/static ./.next/static
#7 CACHED

#8 [builder 2/7] WORKDIR /app
#8 CACHED

#9 [builder 3/7] COPY package.json ./
#9 CACHED

#10 [builder 4/7] RUN npm config set registry https://registry.npmmirror.com && npm install --legacy-peer-deps
#10 CACHED

#11 [builder 5/7] COPY . .
#11 CACHED

#12 [builder 6/7] RUN mkdir -p public
#12 CACHED

#13 [builder 7/7] RUN npm run build
#13 CACHED

#14 [runner 5/5] COPY --from=builder /app/public ./public
#14 CACHED

#15 exporting to image
#15 exporting layers done
#15 exporting manifest sha256:acbc6c6d981f31c2063584d3d743d28610020fc254ccf5c9649c2fd2e3fe0e41 0.0s done
#15 exporting config sha256:cc731cb55d19a79fec98648b12237c889418935c1fa2d74d64a81907092cf150 0.0s done
#15 exporting attestation manifest sha256:00634ec0660306ba72a4f481165170066c525b2de1e2b9083773623f3e11d0ef 0.0s done
#15 exporting manifest list sha256:c2816346463cd43c63d37e71a959794251f1c46f8a02f3af72cffcd6e70a11c9 0.0s done
#15 naming to docker.io/library/6b099ed3-7175-4a78-91f4-44570c84ed27-h5-web:autodev-e7ca29e56c done
#15 unpacking to docker.io/library/6b099ed3-7175-4a78-91f4-44570c84ed27-h5-web:autodev-e7ca29e56c 0.0s done
#15 DONE 0.1s
[3/6] stop & rm old container
6b099ed3-7175-4a78-91f4-44570c84ed27-h5
6b099ed3-7175-4a78-91f4-44570c84ed27-h5
[4/6] run new container on network=6b099ed3-7175-4a78-91f4-44570c84ed27-network
e63c66de4209d62536dcec4366b01f6855380de8a0f418b793aa0617ea0b76c6
[5/6] health check (initial sleep 10s, then max 30 tries * 3s = 90s)
    鉁?HTTP 200 (try 1/30)
[6/6] 鉁?deploy SUCCESS: h5 -> 6b099ed3-7175-4a78-91f4-44570c84ed27-h5-web:autodev-e7ca29e56c

鉁?all deploys SUCCESS
