
[涓婁紶] h5-web/src/app/(ai-chat)/ai-home/page.tsx 鈫?/home/ubuntu/6b099ed3-7175-4a78-91f4-44570c84ed27/h5-web/src/app/(ai-chat)/ai-home/page.tsx

[h5-web build]

>>> cd /home/ubuntu/6b099ed3-7175-4a78-91f4-44570c84ed27 && docker compose -f docker-compose.prod.yml build h5-web 2>&1 | tail -80
                   2.15 kB         235 kB
#12 84.35 鈹?鈼?/sandbox-pay                               2.15 kB         235 kB
#12 84.35 鈹?鈼?/scan                                      109 kB          319 kB
#12 84.35 鈹?鈼?/search                                    6.36 kB         239 kB
#12 84.35 鈹?鈼?/search/result                             7.33 kB         240 kB
#12 84.35 鈹?鈼?/services                                  5.55 kB         238 kB
#12 84.35 鈹?鈼?/settings                                  6.1 kB          239 kB
#12 84.35 鈹?茠 /shared/chat/[token]                       2.07 kB         235 kB
#12 84.35 鈹?茠 /shared/drug/[token]                       2.46 kB         235 kB
#12 84.35 鈹?茠 /shared/report/[token]                     2.65 kB         235 kB
#12 84.35 鈹?鈼?/symptom                                   9.96 kB         248 kB
#12 84.35 鈹?鈼?/tcm                                       11.7 kB         244 kB
#12 84.35 鈹?鈼?/tcm/archive                               508 B           211 kB
#12 84.35 鈹?茠 /tcm/diagnosis/[id]                        549 B           211 kB
#12 84.35 鈹?鈼?/tcm/loading                               957 B           211 kB
#12 84.35 鈹?茠 /tcm/result/[id]                           9.04 kB         242 kB
#12 84.35 鈹?茠 /unified-order/[id]                        9.97 kB         248 kB
#12 84.35 鈹?鈼?/unified-orders                            4.05 kB         242 kB
#12 84.35 + First Load JS shared by all                  87.6 kB
#12 84.35   鈹?chunks/2117-e9348fb0d4d6144c.js            31.9 kB
#12 84.35   鈹?chunks/fd9d1056-cde8d1c8f42e1127.js        53.6 kB
#12 84.35   鈹?other shared chunks (total)                2.1 kB
#12 84.35 
#12 84.35 
#12 84.35 鈼? (Static)   prerendered as static content
#12 84.35 茠  (Dynamic)  server-rendered on demand
#12 84.35 
#12 DONE 84.7s

#7 [builder 2/7] WORKDIR /app
#7 CACHED

#13 [runner 3/5] COPY --from=builder /app/.next/standalone ./
#13 DONE 0.4s

#14 [runner 4/5] COPY --from=builder /app/.next/static ./.next/static
#14 DONE 0.1s

#15 [runner 5/5] COPY --from=builder /app/public ./public
#15 DONE 0.1s

#16 exporting to image
#16 exporting layers
#16 exporting layers 4.7s done
#16 exporting manifest sha256:241bcd0bfe2481dcdf60b1fd4720db36a7fcad42c2130ab67796522a6264b6e5 0.0s done
#16 exporting config sha256:e4e3bf70ee26e88477e81858ccdbd1d002bacfdaab81b4e1d1e1441c37a877b1 0.0s done
#16 exporting attestation manifest sha256:200c79124988a1a46e7938125e01c689099ce0013d5a81d0ac136fea2fc59250 0.0s done
#16 exporting manifest list sha256:1d47c426fec31fdc30e2ff0b819ca3d973972034f449cb882deb097b9fa1b99d 0.0s done
#16 naming to docker.io/library/6b099ed3-7175-4a78-91f4-44570c84ed27-h5-web:latest done
#16 unpacking to docker.io/library/6b099ed3-7175-4a78-91f4-44570c84ed27-h5-web:latest
#16 unpacking to docker.io/library/6b099ed3-7175-4a78-91f4-44570c84ed27-h5-web:latest 1.1s done
#16 DONE 5.9s

#17 resolving provenance for metadata file
#17 DONE 0.0s
 Image 6b099ed3-7175-4a78-91f4-44570c84ed27-h5-web Built 

<<< exit=0

>>> cd /home/ubuntu/6b099ed3-7175-4a78-91f4-44570c84ed27 && docker compose -f docker-compose.prod.yml up -d h5-web
STDERR:  Container 6b099ed3-7175-4a78-91f4-44570c84ed27-db Recreate 
 Container 6b099ed3-7175-4a78-91f4-44570c84ed27-db Recreated 
 Container 6b099ed3-7175-4a78-91f4-44570c84ed27-backend Recreate 
 Container 6b099ed3-7175-4a78-91f4-44570c84ed27-backend Recreated 
 Container 6b099ed3-7175-4a78-91f4-44570c84ed27-h5 Recreate 
 Container 6b099ed3-7175-4a78-91f4-44570c84ed27-h5 Recreated 
 Container 6b099ed3-7175-4a78-91f4-44570c84ed27-db Starting 
 Container 6b099ed3-7175-4a78-91f4-44570c84ed27-db Started 
 Container 6b099ed3-7175-4a78-91f4-44570c84ed27-db Waiting 
 Container 6b099ed3-7175-4a78-91f4-44570c84ed27-db Healthy 
 Container 6b099ed3-7175-4a78-91f4-44570c84ed27-backend Starting 
 Container 6b099ed3-7175-4a78-91f4-44570c84ed27-backend Started 
 Container 6b099ed3-7175-4a78-91f4-44570c84ed27-h5 Starting 
 Container 6b099ed3-7175-4a78-91f4-44570c84ed27-h5 Started 

<<< exit=0

绛夊緟 h5-web 鍚姩...

[Smoke]

>>> curl -s -o /dev/null -w '/api/health=%{http_code}\n' 'https://newbb.test.bangbangvip.com/autodev/6b099ed3-7175-4a78-91f4-44570c84ed27/api/health'
/api/health=200

<<< exit=0

>>> curl -s -o /dev/null -w '/api/ai-home-config=%{http_code}\n' 'https://newbb.test.bangbangvip.com/autodev/6b099ed3-7175-4a78-91f4-44570c84ed27/api/ai-home-config'
/api/ai-home-config=200

<<< exit=0

>>> curl -s -o /dev/null -w '/=%{http_code}\n' 'https://newbb.test.bangbangvip.com/autodev/6b099ed3-7175-4a78-91f4-44570c84ed27/'
/=200

<<< exit=0

>>> curl -s -o /dev/null -w '/ai-home=%{http_code}\n' 'https://newbb.test.bangbangvip.com/autodev/6b099ed3-7175-4a78-91f4-44570c84ed27/ai-home'
/ai-home=308

<<< exit=0

[Verify - check ai-home page contains new top-panel markers]

>>> curl -s 'https://newbb.test.bangbangvip.com/autodev/6b099ed3-7175-4a78-91f4-44570c84ed27/ai-home' | grep -o -E 'ai-home-top-panel|ai-home-top-panel-fab|ai-home-top-panel-collapse-btn' | sort -u
<<< exit=0
