
[涓婁紶] admin-web/src/app/(admin)/home-settings/ai-home-config/page.tsx 鈫?/home/ubuntu/6b099ed3-7175-4a78-91f4-44570c84ed27/admin-web/src/app/(admin)/home-settings/ai-home-config/page.tsx

[涓婁紶] backend/tests/test_ai_home_config_tab411.py 鈫?/home/ubuntu/6b099ed3-7175-4a78-91f4-44570c84ed27/backend/tests/test_ai_home_config_tab411.py

>>> docker cp '/home/ubuntu/6b099ed3-7175-4a78-91f4-44570c84ed27/backend/tests/test_ai_home_config_tab411.py' '6b099ed3-7175-4a78-91f4-44570c84ed27-backend:/app/tests/test_ai_home_config_tab411.py'
<<< exit=0

[瀹瑰櫒鍐?pytest]

>>> docker exec 6b099ed3-7175-4a78-91f4-44570c84ed27-backend bash -c 'cd /app && pytest tests/test_ai_home_config.py tests/test_ai_home_config_v1.py tests/test_ai_home_config_tab411.py -x -q --tb=short 2>&1 | tail -120'
0: Support for class-based `config` is deprecated, use ConfigDict instead. Deprecated in Pydantic V2.0 to be removed in V3.0. See Pydantic V2 Migration Guide at https://errors.pydantic.dev/2.9/migration/
    warnings.warn(DEPRECATION_MESSAGE, DeprecationWarning)

app/api/ocr.py:159
  /app/app/api/ocr.py:159: DeprecationWarning: `regex` has been deprecated, please use `pattern` instead
    period: str = Query("today", regex="^(today|7d|30d|all)$"),

app/api/merchant_v1.py:771
  /app/app/api/merchant_v1.py:771: DeprecationWarning: `regex` has been deprecated, please use `pattern` instead
    period: str = Query("day", regex="^(day|week|month)$"),

app/api/merchant_v1.py:772
  /app/app/api/merchant_v1.py:772: DeprecationWarning: `regex` has been deprecated, please use `pattern` instead
    dim: str = Query("merchant", regex="^(merchant|store)$"),

../usr/local/lib/python3.11/site-packages/pydantic/fields.py:795
  /usr/local/lib/python3.11/site-packages/pydantic/fields.py:795: PydanticDeprecatedSince20: `min_items` is deprecated and will be removed, use `min_length` instead. Deprecated in Pydantic V2.0 to be removed in V3.0. See Pydantic V2 Migration Guide at https://errors.pydantic.dev/2.9/migration/
    warn('`min_items` is deprecated and will be removed, use `min_length` instead', DeprecationWarning)

../usr/local/lib/python3.11/site-packages/pydantic/fields.py:801
  /usr/local/lib/python3.11/site-packages/pydantic/fields.py:801: PydanticDeprecatedSince20: `max_items` is deprecated and will be removed, use `max_length` instead. Deprecated in Pydantic V2.0 to be removed in V3.0. See Pydantic V2 Migration Guide at https://errors.pydantic.dev/2.9/migration/
    warn('`max_items` is deprecated and will be removed, use `max_length` instead', DeprecationWarning)

app/main.py:1077
  /app/app/main.py:1077: DeprecationWarning: 
          on_event is deprecated, use lifespan event handlers instead.
  
          Read more about it in the
          [FastAPI docs for Lifespan Events](https://fastapi.tiangolo.com/advanced/events/).
          
    @app.on_event("startup")

../usr/local/lib/python3.11/site-packages/fastapi/applications.py:4495
../usr/local/lib/python3.11/site-packages/fastapi/applications.py:4495
  /usr/local/lib/python3.11/site-packages/fastapi/applications.py:4495: DeprecationWarning: 
          on_event is deprecated, use lifespan event handlers instead.
  
          Read more about it in the
          [FastAPI docs for Lifespan Events](https://fastapi.tiangolo.com/advanced/events/).
          
    return self.router.on_event(event_type)

app/main.py:1084
  /app/app/main.py:1084: DeprecationWarning: 
          on_event is deprecated, use lifespan event handlers instead.
  
          Read more about it in the
          [FastAPI docs for Lifespan Events](https://fastapi.tiangolo.com/advanced/events/).
          
    @app.on_event("startup")

-- Docs: https://docs.pytest.org/en/stable/how-to/capture-warnings.html
30 passed, 23 warnings in 18.02s

<<< exit=0

>>> cd /home/ubuntu/6b099ed3-7175-4a78-91f4-44570c84ed27 && docker compose build admin-web && docker compose up -d admin-web
             7.46 kB         382 kB
#12 107.0 鈹?鈼?/relation-types                          11.5 kB         406 kB
#12 107.0 鈹?鈼?/search-config                           10 kB           414 kB
#12 107.0 鈹?鈼?/search/asr-config                       6.99 kB         296 kB
#12 107.0 鈹?鈼?/search/block-words                      12.6 kB         401 kB
#12 107.0 鈹?鈼?/search/recommend                        14.2 kB         409 kB
#12 107.0 鈹?鈼?/search/statistics                       239 kB         1.09 MB
#12 107.0 鈹?鈼?/settings                                11 kB           368 kB
#12 107.0 鈹?鈼?/share-config                            4.2 kB          371 kB
#12 107.0 鈹?鈼?/sms                                     25 kB           423 kB
#12 107.0 鈹?鈼?/system-messages                         11.4 kB         433 kB
#12 107.0 鈹?鈼?/system-messages/send                    4.92 kB         313 kB
#12 107.0 鈹?鈼?/system/sdk-health                       17 kB           285 kB
#12 107.0 鈹?鈼?/tcm-config                              4.05 kB         284 kB
#12 107.0 鈹?鈼?/tts-config                              5.07 kB         334 kB
#12 107.0 鈹?鈼?/users                                   15.3 kB         404 kB
#12 107.0 鈹?鈼?/voice-service                           3.46 kB         345 kB
#12 107.0 鈹?鈼?/wechat-push                             4.92 kB         290 kB
#12 107.0 + First Load JS shared by all                87.7 kB
#12 107.0   鈹?chunks/2117-1ca38137e0e3b541.js          31.9 kB
#12 107.0   鈹?chunks/fd9d1056-cde8d1c8f42e1127.js      53.6 kB
#12 107.0   鈹?other shared chunks (total)              2.13 kB
#12 107.0 
#12 107.0 
#12 107.0 鈼? (Static)   prerendered as static content
#12 107.0 茠  (Dynamic)  server-rendered on demand
#12 107.0 
#12 DONE 107.1s

#7 [builder 2/7] WORKDIR /app
#7 CACHED

#13 [runner 3/5] COPY --from=builder /app/.next/standalone ./
#13 DONE 0.4s

#14 [runner 4/5] COPY --from=builder /app/.next/static ./.next/static
#14 DONE 0.1s

#15 [runner 5/5] COPY --from=builder /app/public ./public
#15 DONE 0.1s

#16 exporting to image
#16 exporting layers
#16 exporting layers 1.3s done
#16 exporting manifest sha256:64aa45edbcdbe39d2d854bc2db174b3f453983741da53cf283073d5380330ab0
#16 exporting manifest sha256:64aa45edbcdbe39d2d854bc2db174b3f453983741da53cf283073d5380330ab0 0.0s done
#16 exporting config sha256:a3c58b2a7c2b5375ba73582953271408d60e0b0d551287e0e48880fce65a0e45 0.0s done
#16 exporting attestation manifest sha256:c5e3932c0ba9d11d3fc56e58407e774bd14b1b1fd6efa745ed075b4c321979db 0.0s done
#16 exporting manifest list sha256:f707c2bc7cdfbe14d8a89c3fb01eef3f50b6b783daea25e6cccecfbc121e0b57 0.0s done
#16 naming to docker.io/library/6b099ed3-7175-4a78-91f4-44570c84ed27-admin-web:latest done
#16 unpacking to docker.io/library/6b099ed3-7175-4a78-91f4-44570c84ed27-admin-web:latest
#16 unpacking to docker.io/library/6b099ed3-7175-4a78-91f4-44570c84ed27-admin-web:latest 0.5s done
#16 DONE 1.9s

#17 resolving provenance for metadata file
#17 DONE 0.6s

STDERR: time="2026-05-08T12:49:56+08:00" level=warning msg="/home/ubuntu/6b099ed3-7175-4a78-91f4-44570c84ed27/docker-compose.yml: the attribute `version` is obsolete, it will be ignored, please remove it to avoid potential confusion"
 Image 6b099ed3-7175-4a78-91f4-44570c84ed27-backend Building 
 Image 6b099ed3-7175-4a78-91f4-44570c84ed27-admin-web Building 
 Image 6b099ed3-7175-4a78-91f4-44570c84ed27-admin-web Built 
time="2026-05-08T12:51:48+08:00" level=warning msg="/home/ubuntu/6b099ed3-7175-4a78-91f4-44570c84ed27/docker-compose.yml: the attribute `version` is obsolete, it will be ignored, please remove it to avoid potential confusion"
 Container 6b099ed3-7175-4a78-91f4-44570c84ed27-db Running 
 Container 6b099ed3-7175-4a78-91f4-44570c84ed27-backend Running 
 Container 6b099ed3-7175-4a78-91f4-44570c84ed27-admin Recreate 
 Container 6b099ed3-7175-4a78-91f4-44570c84ed27-admin Recreated 
 Container 6b099ed3-7175-4a78-91f4-44570c84ed27-db Waiting 
 Container 6b099ed3-7175-4a78-91f4-44570c84ed27-db Healthy 
 Container 6b099ed3-7175-4a78-91f4-44570c84ed27-admin Starting 
 Container 6b099ed3-7175-4a78-91f4-44570c84ed27-admin Started 

<<< exit=0

绛夊緟 admin-web 鍚姩...

[Smoke]

>>> curl -s -o /dev/null -w '/api/health=%{http_code}\n' https://newbb.test.bangbangvip.com/autodev/6b099ed3-7175-4a78-91f4-44570c84ed27/api/health
/api/health=200

<<< exit=0

>>> curl -s -o /dev/null -w '/api/ai-home-config=%{http_code}\n' https://newbb.test.bangbangvip.com/autodev/6b099ed3-7175-4a78-91f4-44570c84ed27/api/ai-home-config
/api/ai-home-config=200

<<< exit=0

>>> curl -s -o /dev/null -w '/admin/home-settings/ai-home-config/=%{http_code}\n' https://newbb.test.bangbangvip.com/autodev/6b099ed3-7175-4a78-91f4-44570c84ed27/admin/home-settings/ai-home-config/
/admin/home-settings/ai-home-config/=200

<<< exit=0

>>> curl -s -o /dev/null -w '/admin/home-settings/ai-home-config/logs/=%{http_code}\n' https://newbb.test.bangbangvip.com/autodev/6b099ed3-7175-4a78-91f4-44570c84ed27/admin/home-settings/ai-home-config/logs/
/admin/home-settings/ai-home-config/logs/=200

<<< exit=0

>>> curl -s -o /dev/null -w '/=%{http_code}\n' https://newbb.test.bangbangvip.com/autodev/6b099ed3-7175-4a78-91f4-44570c84ed27/
/=200

<<< exit=0
