============================================================
[PRD-MY-DEVICES-V1] 閮ㄧ讲寮€濮?
  Host:       newbb.test.bangbangvip.com
  DeployDir:  /home/ubuntu/6b099ed3-7175-4a78-91f4-44570c84ed27
  BaseURL:    https://newbb.test.bangbangvip.com/autodev/6b099ed3-7175-4a78-91f4-44570c84ed27
============================================================

--- 姝ラ 1锛氫笂浼犲彉鏇存枃浠?---
$ mkdir -p '/home/ubuntu/6b099ed3-7175-4a78-91f4-44570c84ed27/backend/app/api'
  鉁?uploaded backend/app/api/devices_v2.py -> /home/ubuntu/6b099ed3-7175-4a78-91f4-44570c84ed27/backend/app/api/devices_v2.py
$ mkdir -p '/home/ubuntu/6b099ed3-7175-4a78-91f4-44570c84ed27/backend/app/models'
  鉁?uploaded backend/app/models/devices_v2.py -> /home/ubuntu/6b099ed3-7175-4a78-91f4-44570c84ed27/backend/app/models/devices_v2.py
$ mkdir -p '/home/ubuntu/6b099ed3-7175-4a78-91f4-44570c84ed27/backend/app'
  鉁?uploaded backend/app/main.py -> /home/ubuntu/6b099ed3-7175-4a78-91f4-44570c84ed27/backend/app/main.py
$ mkdir -p '/home/ubuntu/6b099ed3-7175-4a78-91f4-44570c84ed27/backend/tests'
  鉁?uploaded backend/tests/test_my_devices_v1_20260521.py -> /home/ubuntu/6b099ed3-7175-4a78-91f4-44570c84ed27/backend/tests/test_my_devices_v1_20260521.py
$ mkdir -p '/home/ubuntu/6b099ed3-7175-4a78-91f4-44570c84ed27/h5-web/src/components/ai-chat'
  鉁?uploaded h5-web/src/components/ai-chat/Sidebar.tsx -> /home/ubuntu/6b099ed3-7175-4a78-91f4-44570c84ed27/h5-web/src/components/ai-chat/Sidebar.tsx
$ mkdir -p '/home/ubuntu/6b099ed3-7175-4a78-91f4-44570c84ed27/h5-web/src/app/devices'
  鉁?uploaded h5-web/src/app/devices/page.tsx -> /home/ubuntu/6b099ed3-7175-4a78-91f4-44570c84ed27/h5-web/src/app/devices/page.tsx
$ mkdir -p '/home/ubuntu/6b099ed3-7175-4a78-91f4-44570c84ed27/h5-web/src/app/devices/components'
  鉁?uploaded h5-web/src/app/devices/components/theme.ts -> /home/ubuntu/6b099ed3-7175-4a78-91f4-44570c84ed27/h5-web/src/app/devices/components/theme.ts
$ mkdir -p '/home/ubuntu/6b099ed3-7175-4a78-91f4-44570c84ed27/h5-web/src/app/devices/components'
  鉁?uploaded h5-web/src/app/devices/components/MyDeviceCard.tsx -> /home/ubuntu/6b099ed3-7175-4a78-91f4-44570c84ed27/h5-web/src/app/devices/components/MyDeviceCard.tsx
$ mkdir -p '/home/ubuntu/6b099ed3-7175-4a78-91f4-44570c84ed27/h5-web/src/app/devices/components'
  鉁?uploaded h5-web/src/app/devices/components/BrandSection.tsx -> /home/ubuntu/6b099ed3-7175-4a78-91f4-44570c84ed27/h5-web/src/app/devices/components/BrandSection.tsx
$ mkdir -p '/home/ubuntu/6b099ed3-7175-4a78-91f4-44570c84ed27/h5-web/src/app/devices/components'
  鉁?uploaded h5-web/src/app/devices/components/BindDeviceDrawer.tsx -> /home/ubuntu/6b099ed3-7175-4a78-91f4-44570c84ed27/h5-web/src/app/devices/components/BindDeviceDrawer.tsx
$ mkdir -p '/home/ubuntu/6b099ed3-7175-4a78-91f4-44570c84ed27/h5-web/src/app/devices/components'
  鉁?uploaded h5-web/src/app/devices/components/EditDeviceDrawer.tsx -> /home/ubuntu/6b099ed3-7175-4a78-91f4-44570c84ed27/h5-web/src/app/devices/components/EditDeviceDrawer.tsx
$ mkdir -p '/home/ubuntu/6b099ed3-7175-4a78-91f4-44570c84ed27/h5-web/src/app/devices/components'
  鉁?uploaded h5-web/src/app/devices/components/UnbindConfirmModal.tsx -> /home/ubuntu/6b099ed3-7175-4a78-91f4-44570c84ed27/h5-web/src/app/devices/components/UnbindConfirmModal.tsx
$ mkdir -p '/home/ubuntu/6b099ed3-7175-4a78-91f4-44570c84ed27/h5-web/src/app/devices/components'
  鉁?uploaded h5-web/src/app/devices/components/ScanQRButton.tsx -> /home/ubuntu/6b099ed3-7175-4a78-91f4-44570c84ed27/h5-web/src/app/devices/components/ScanQRButton.tsx
$ mkdir -p '/home/ubuntu/6b099ed3-7175-4a78-91f4-44570c84ed27/h5-web/src/lib/api'
  鉁?uploaded h5-web/src/lib/api/devices.ts -> /home/ubuntu/6b099ed3-7175-4a78-91f4-44570c84ed27/h5-web/src/lib/api/devices.ts

--- 姝ラ 2锛歞ocker compose build & up backend + h5-web ---
$ cd /home/ubuntu/6b099ed3-7175-4a78-91f4-44570c84ed27 && docker compose build backend h5-web 2>&1 | tail -150
                      3.08 kB         240 kB
#24 92.85 鈹?鈼?/points/exchange-records                   2.6 kB          239 kB
#24 92.85 鈹?鈼?/points/mall                               6.28 kB         238 kB
#24 92.85 鈹?鈼?/points/product-detail                     6.42 kB         239 kB
#24 92.85 鈹?鈼?/points/records                            4.72 kB         237 kB
#24 92.85 鈹?茠 /product/[id]                              5.5 kB          238 kB
#24 92.85 鈹?鈼?/products                                  3.14 kB         235 kB
#24 92.85 鈹?鈼?/profile/edit                              2.49 kB         235 kB
#24 92.85 鈹?鈼?/refund-list                               3.17 kB         235 kB
#24 92.85 鈹?茠 /refund/[orderId]                          2.49 kB         235 kB
#24 92.85 鈹?茠 /review/[orderId]                          2.15 kB         234 kB
#24 92.85 鈹?鈼?/sandbox-pay                               2.15 kB         234 kB
#24 92.85 鈹?鈼?/scan                                      109 kB          319 kB
#24 92.85 鈹?鈼?/search                                    6.37 kB         238 kB
#24 92.85 鈹?鈼?/search/result                             7.33 kB         239 kB
#24 92.85 鈹?鈼?/services                                  5.5 kB          238 kB
#24 92.85 鈹?鈼?/settings                                  6.06 kB         238 kB
#24 92.85 鈹?茠 /shared/chat/[token]                       2.51 kB         235 kB
#24 92.85 鈹?茠 /shared/drug/[token]                       2.52 kB         235 kB
#24 92.85 鈹?茠 /shared/report/[token]                     2.72 kB         235 kB
#24 92.85 鈹?鈼?/symptom                                   9.96 kB         247 kB
#24 92.85 鈹?鈼?/tcm                                       12.7 kB         245 kB
#24 92.85 鈹?鈼?/tcm/archive                               510 B           210 kB
#24 92.85 鈹?茠 /tcm/diagnosis/[id]                        549 B           210 kB
#24 92.85 鈹?鈼?/tcm/loading                               958 B           211 kB
#24 92.85 鈹?茠 /tcm/result/[id]                           9.37 kB         241 kB
#24 92.85 鈹?茠 /unified-order/[id]                        9.95 kB         248 kB
#24 92.85 鈹?鈼?/unified-orders                            4.05 kB         242 kB
#24 92.85 + First Load JS shared by all                  87.6 kB
#24 92.85   鈹?chunks/2117-e9348fb0d4d6144c.js            31.9 kB
#24 92.85   鈹?chunks/fd9d1056-cde8d1c8f42e1127.js        53.6 kB
#24 92.85   鈹?other shared chunks (total)                2.1 kB
#24 92.85 
#24 92.85 
#24 92.85 鈼? (Static)   prerendered as static content
#24 92.85 茠  (Dynamic)  server-rendered on demand
#24 92.85 
#24 DONE 93.0s

#16 [h5-web builder 2/7] WORKDIR /app
#16 CACHED

#25 [h5-web runner 3/5] COPY --from=builder /app/.next/standalone ./
#25 DONE 0.5s

#26 [h5-web runner 4/5] COPY --from=builder /app/.next/static ./.next/static
#26 DONE 0.3s

#27 [h5-web runner 5/5] COPY --from=builder /app/public ./public
#27 DONE 0.5s

#28 [h5-web] exporting to image
#28 exporting layers
#28 exporting layers 10.6s done
#28 exporting manifest sha256:49df7b2e459d8ff6424884c8d53971b2587b604b0f5dc34fb9972288d4c28487
#28 exporting manifest sha256:49df7b2e459d8ff6424884c8d53971b2587b604b0f5dc34fb9972288d4c28487 0.0s done
#28 exporting config sha256:1a7d848466ec986fe55056dfec074704655aa703bda7703475d373af28703fbd 0.0s done
#28 exporting attestation manifest sha256:057695ebf649c06509093badf6a38ae2429b1c19f8c057a8d8cbc0f54b8e0475 0.0s done
#28 exporting manifest list sha256:e4931f244a316aa4f53e6477ae0b15721a364b79be4c2b46306e1cb81ffea4a0 done
#28 naming to docker.io/library/6b099ed3-7175-4a78-91f4-44570c84ed27-h5-web:latest done
#28 unpacking to docker.io/library/6b099ed3-7175-4a78-91f4-44570c84ed27-h5-web:latest
#28 unpacking to docker.io/library/6b099ed3-7175-4a78-91f4-44570c84ed27-h5-web:latest 2.0s done
#28 DONE 12.6s

#29 [h5-web] resolving provenance for metadata file
#29 DONE 0.5s
 Image 6b099ed3-7175-4a78-91f4-44570c84ed27-h5-web Built 
 Image 6b099ed3-7175-4a78-91f4-44570c84ed27-backend Built
$ cd /home/ubuntu/6b099ed3-7175-4a78-91f4-44570c84ed27 && docker compose up -d backend h5-web 2>&1 | tail -30
time="2026-05-21T03:55:03+08:00" level=warning msg="/home/ubuntu/6b099ed3-7175-4a78-91f4-44570c84ed27/docker-compose.yml: the attribute `version` is obsolete, it will be ignored, please remove it to avoid potential confusion"
 Container 6b099ed3-7175-4a78-91f4-44570c84ed27-db Running 
 Container 6b099ed3-7175-4a78-91f4-44570c84ed27-backend Recreate 
 Container 6b099ed3-7175-4a78-91f4-44570c84ed27-backend Recreated 
 Container 6b099ed3-7175-4a78-91f4-44570c84ed27-h5 Recreate 
 Container 6b099ed3-7175-4a78-91f4-44570c84ed27-h5 Recreated 
 Container 6b099ed3-7175-4a78-91f4-44570c84ed27-db Waiting 
 Container 6b099ed3-7175-4a78-91f4-44570c84ed27-db Healthy 
 Container 6b099ed3-7175-4a78-91f4-44570c84ed27-backend Starting 
 Container 6b099ed3-7175-4a78-91f4-44570c84ed27-backend Started 
 Container 6b099ed3-7175-4a78-91f4-44570c84ed27-h5 Starting 
 Container 6b099ed3-7175-4a78-91f4-44570c84ed27-h5 Started

--- 姝ラ 3锛氱瓑寰?30s 鍚庢鏌ヨ縼绉绘棩蹇?---
$ docker logs --tail 400 6b099ed3-7175-4a78-91f4-44570c84ed27-backend 2>&1 | grep -E 'my_devices_v1|devices_v2|device_catalog' || true
[migrate] my_devices_v1: 鍚姩杩佺Щ...
[migrate] my_devices_v1: 杩佺Щ瀹屾垚 stats={'inserted': 17, 'updated': 0, 'total': 17}

--- 姝ラ 4锛欻TTP 鎺㈡椿 ---
$ curl -sk -o /dev/null -w '/api/health HTTP_%{http_code}\n' 'https://newbb.test.bangbangvip.com/autodev/6b099ed3-7175-4a78-91f4-44570c84ed27/api/health'
/api/health HTTP_200
$ curl -sk -o /dev/null -w '/ HTTP_%{http_code}\n' 'https://newbb.test.bangbangvip.com/autodev/6b099ed3-7175-4a78-91f4-44570c84ed27/'
/ HTTP_200
$ curl -sk -o /dev/null -w '/devices/ HTTP_%{http_code}\n' 'https://newbb.test.bangbangvip.com/autodev/6b099ed3-7175-4a78-91f4-44570c84ed27/devices/'
/devices/ HTTP_200
$ curl -sk -o /dev/null -w '/api/devices/catalog HTTP_%{http_code}\n' 'https://newbb.test.bangbangvip.com/autodev/6b099ed3-7175-4a78-91f4-44570c84ed27/api/devices/catalog'
/api/devices/catalog HTTP_401

--- 姝ラ 5锛氳繙绔?pytest锛坱est_my_devices_v1_20260521.py锛?---
$ docker exec 6b099ed3-7175-4a78-91f4-44570c84ed27-backend python -m pytest tests/test_my_devices_v1_20260521.py -v --no-header 2>&1 | tail -120
/usr/local/bin/python: No module named pytest

============================================================
[PRD-MY-DEVICES-V1] 閮ㄧ讲瀹屾垚
============================================================
