git : fatal: not enough memory for initialization
所在位置 C:\Users\Administrator\AppData\Local\Temp\2\ps-script-43aded50-e7ff-46a0-b6f3-6396df42c722.ps1:79 字符: 1
+ git push 2>&1 | Out-File -Encoding UTF8 _git_push.log; Get-Content _g ...
+ ~~~~~~~~~~~~~
    + CategoryInfo          : NotSpecified: (fatal: not enou... initialization:String) [], RemoteException
    + FullyQualifiedErrorId : NativeCommandError
 
未经处理的异常:  System.InvalidOperationException: StandardError 尚未重定向。
   在 System.Diagnostics.Process.get_StandardError()
   在 GitCredentialManager.ChildProcess.get_StandardError()
   在 GitCredentialManager.GitProcess.CreateGitException(ChildProcess git, String message, ITrace2 trace2)
   在 GitCredentialManager.GitProcessConfiguration.Enumerate(GitConfigurationLevel level, GitConfigurationEnumerationCal
lback cb)
   在 GitCredentialManager.GitConfigurationExtensions.Enumerate(IGitConfiguration config, GitConfigurationEnumerationCal
lback cb)
   在 GitCredentialManager.Settings.<GetSettingValues>d__6.MoveNext()
   在 System.Linq.Enumerable.FirstOrDefault[TSource](IEnumerable`1 source)
   在 GitCredentialManager.Settings.TryGetSetting(String envarName, String section, String property, String& value)
   在 GitCredentialManager.Settings.GetTrace2Settings()
   在 GitCredentialManager.Trace2.Initialize(DateTimeOffset startTime)
   在 GitCredentialManager.Program.AppMain(Object o)
   在 System.Threading.ThreadHelper.ThreadStart_Context(Object state)
   在 System.Threading.ExecutionContext.RunInternal(ExecutionContext executionContext, ContextCallback callback, Object 
state, Boolean preserveSyncCtx)
   在 System.Threading.ExecutionContext.Run(ExecutionContext executionContext, ContextCallback callback, Object state, B
oolean preserveSyncCtx)
   在 System.Threading.ExecutionContext.Run(ExecutionContext executionContext, ContextCallback callback, Object state)
   在 System.Threading.ThreadHelper.ThreadStart(Object obj)
bash: line 1: /dev/tty: No such device or address
error: failed to execute prompt script (exit code 1)
fatal: could not read Username for 'https://github.com': No such file or directory
