[2026-05-10 11:47:47] === PRD-443 iOS pack START ===
[2026-05-10 11:47:47] Version tag: ios-prd443-v20260510-114747-3858
[2026-05-10 11:47:47] Triggering workflow...
[2026-05-10 11:47:47] $ gh workflow run ios-build.yml -f version=ios-prd443-v20260510-114747-3858 (attempt 1/3)
[2026-05-10 11:47:57] Fetching latest run id...
[2026-05-10 11:47:57] $ gh run list --workflow=ios-build.yml --limit 1 --json databaseId,status,headBranch,displayTitle,createdAt (attempt 1/3)
[2026-05-10 11:47:57] [{"createdAt":"2026-05-10T03:47:49Z","databaseId":25619093816,"displayTitle":"iOS Build","headBranch":"master","status":"in_progress"}]
[2026-05-10 11:47:57] Run ID: 25619093816
[2026-05-10 11:47:57] Polling run 25619093816 (max 1800s)...
[2026-05-10 11:47:57] $ gh run view 25619093816 --json status,conclusion (attempt 1/3)
[2026-05-10 11:47:58] {"conclusion":"","status":"in_progress"}
[2026-05-10 11:47:58] [0s] status=in_progress conclusion=
[2026-05-10 11:48:28] $ gh run view 25619093816 --json status,conclusion (attempt 1/3)
[2026-05-10 11:48:29] {"conclusion":"","status":"in_progress"}
[2026-05-10 11:48:29] [31s] status=in_progress conclusion=
[2026-05-10 11:48:59] $ gh run view 25619093816 --json status,conclusion (attempt 1/3)
[2026-05-10 11:48:59] {"conclusion":"","status":"in_progress"}
[2026-05-10 11:48:59] [61s] status=in_progress conclusion=
[2026-05-10 11:49:29] $ gh run view 25619093816 --json status,conclusion (attempt 1/3)
[2026-05-10 11:49:30] {"conclusion":"","status":"in_progress"}
[2026-05-10 11:49:30] [92s] status=in_progress conclusion=
[2026-05-10 11:50:00] $ gh run view 25619093816 --json status,conclusion (attempt 1/3)
[2026-05-10 11:50:00] {"conclusion":"","status":"in_progress"}
[2026-05-10 11:50:00] [122s] status=in_progress conclusion=
[2026-05-10 11:50:30] $ gh run view 25619093816 --json status,conclusion (attempt 1/3)
[2026-05-10 11:50:31] {"conclusion":"","status":"in_progress"}
[2026-05-10 11:50:31] [153s] status=in_progress conclusion=
[2026-05-10 11:51:01] $ gh run view 25619093816 --json status,conclusion (attempt 1/3)
[2026-05-10 11:51:01] {"conclusion":"","status":"in_progress"}
[2026-05-10 11:51:01] [184s] status=in_progress conclusion=
[2026-05-10 11:51:31] $ gh run view 25619093816 --json status,conclusion (attempt 1/3)
[2026-05-10 11:51:32] {"conclusion":"","status":"in_progress"}
[2026-05-10 11:51:32] [214s] status=in_progress conclusion=
[2026-05-10 11:52:02] $ gh run view 25619093816 --json status,conclusion (attempt 1/3)
[2026-05-10 11:52:03] {"conclusion":"","status":"in_progress"}
[2026-05-10 11:52:03] [245s] status=in_progress conclusion=
[2026-05-10 11:52:33] $ gh run view 25619093816 --json status,conclusion (attempt 1/3)
[2026-05-10 11:52:33] {"conclusion":"","status":"in_progress"}
[2026-05-10 11:52:33] [275s] status=in_progress conclusion=
[2026-05-10 11:53:03] $ gh run view 25619093816 --json status,conclusion (attempt 1/3)
[2026-05-10 11:53:04] {"conclusion":"","status":"in_progress"}
[2026-05-10 11:53:04] [306s] status=in_progress conclusion=
[2026-05-10 11:53:34] $ gh run view 25619093816 --json status,conclusion (attempt 1/3)
[2026-05-10 11:53:34] {"conclusion":"success","status":"completed"}
[2026-05-10 11:53:34] [336s] status=completed conclusion=success
[2026-05-10 11:53:34] Build succeeded. Fetching release info...
[2026-05-10 11:53:39] $ gh release view ios-prd443-v20260510-114747-3858 --json url,assets (attempt 1/3)
[2026-05-10 11:53:40] {"assets":[{"apiUrl":"https://api.github.com/repos/ankun-eric/auto_dev_bnbbaijkgj/releases/assets/416412255","contentType":"application/octet-stream","createdAt":"2026-05-10T03:53:01Z","downloadCount":0,"id":"RA_kwDORx6WhM4Y0fJf","label":"","name":"bini_health_ios.ipa","size":34138580,"state":"uploaded","updatedAt":"2026-05-10T03:53:02Z","url":"https://github.com/ankun-eric/auto_dev_bnbbaijkgj/releases/download/ios-prd443-v20260510-114747-3858/bini_health_ios.ipa"}],"url":"https://github.com/ankun-eric/auto_dev_bnbbaijkgj/releases/tag/ios-prd443-v20260510-114747-3858"}
[2026-05-10 11:53:40] === RESULT ===
[2026-05-10 11:53:40] {
  "tag": "ios-prd443-v20260510-114747-3858",
  "run_id": "25619093816",
  "release_url": "https://github.com/ankun-eric/auto_dev_bnbbaijkgj/releases/tag/ios-prd443-v20260510-114747-3858",
  "ipa_url": "https://github.com/ankun-eric/auto_dev_bnbbaijkgj/releases/download/ios-prd443-v20260510-114747-3858/bini_health_ios.ipa",
  "ipa_name": "bini_health_ios.ipa"
}
[2026-05-10 11:53:40] === PRD-443 iOS pack END ===
