======================================================================
PRD-442 子 Agent A · 微信小程序 zip 打包 & 上传
======================================================================
src       : C:\auto_output\bnbbaijkgj\miniprogram
server    : newbb.test.bangbangvip.com
remote dir: /home/ubuntu/6b099ed3-7175-4a78-91f4-44570c84ed27/static/miniprogram
base url  : https://newbb.test.bangbangvip.com/autodev/6b099ed3-7175-4a78-91f4-44570c84ed27/miniprogram

[1/3] 打包 -> C:\auto_output\bnbbaijkgj\miniprogram_prd443_20260510114745_be9e.zip
      done. files=347 raw=1299584 bytes zip=422289 bytes (412.4 KiB) in 0.14s
      zip top-level entries (前 20 个): ['app.js', 'app.json', 'app.wxss', 'assets', 'components', 'custom-tab-bar', 'data', 'pages', 'project.config.json', 'sitemap.json', 'styles', 'utils']
      [check] app.json + project.config.json 在 zip 顶层 OK

[2/3] 上传到 /home/ubuntu/6b099ed3-7175-4a78-91f4-44570c84ed27/static/miniprogram/miniprogram_prd443_20260510114745_be9e.zip
[SSH] connect ubuntu@newbb.test.bangbangvip.com:22
[remote mkdir] rc=0 stdout='' stderr=''
[SFTP] put C:\auto_output\bnbbaijkgj\miniprogram_prd443_20260510114745_be9e.zip -> /home/ubuntu/6b099ed3-7175-4a78-91f4-44570c84ed27/static/miniprogram/miniprogram_prd443_20260510114745_be9e.zip
[SFTP] uploaded size=422289 bytes

[3/3] 验证下载 URL
[HTTP] GET https://newbb.test.bangbangvip.com/autodev/6b099ed3-7175-4a78-91f4-44570c84ed27/miniprogram/miniprogram_prd443_20260510114745_be9e.zip
[HTTP] status=200 bytes=422289 expected=422289

======================================================================
RESULT
======================================================================
zip file       : miniprogram_prd443_20260510114745_be9e.zip
local size     : 422289 bytes
download url   : https://newbb.test.bangbangvip.com/autodev/6b099ed3-7175-4a78-91f4-44570c84ed27/miniprogram/miniprogram_prd443_20260510114745_be9e.zip
http status    : 200
downloaded     : 422289 bytes
STATUS         : OK ✓
