鎵撳寘...
涓婁紶瀹屾垚,size=0
瑙ｅ帇: done
host 鏂囦欢: -rw-rw-r-- 1 ubuntu ubuntu 4920 May 21 00:55 /home/ubuntu/6b099ed3-7175-4a78-91f4-44570c84ed27/backend/app/api/seed_import.py

/home/ubuntu/6b099ed3-7175-4a78-91f4-44570c84ed27/backend/app/services/seed_packs/:
total 40
drwxrwxr-x 2 ubuntu ubuntu  4096 May 21 01:23 .
drwxrwxr-x 5 ubuntu ubuntu  4096 May 21 01:23 ..
-rw-rw-r-- 1 ubuntu ubuntu   804 May 21 00:53 __init__.py
-rw-rw-r-- 1 ubuntu ubuntu 24640 May 21 00:59 registry.py

=== docker compose build backend ===
#7 [2/6] WORKDIR /app
#7 CACHED

#8 [3/6] COPY requirements.txt .
#8 CACHED

#9 [4/6] RUN pip install --no-cache-dir -r requirements.txt -i https://mirrors.cloud.tencent.com/pypi/simple --trusted-host mirrors.cloud.tencent.com --timeout 120
#9 CACHED

#10 [5/6] COPY . .
#10 DONE 0.2s

#11 [6/6] RUN mkdir -p uploads
#11 DONE 0.3s

#12 exporting to image
#12 exporting layers
#12 exporting layers 0.8s done
#12 exporting manifest sha256:d88c8912d7e3c084070e99445641859c157bb367de28202d0722e2bb7eec2aa1 0.0s done
#12 exporting config sha256:1599ac46628bd9f57bee7e46a9b55824b66a975f5d7e8addf12c31c1e5e18c4b 0.0s done
#12 exporting attestation manifest sha256:fe51000bdec3fb1c26a34ea01904616a397f71103337cb7cca225bccaddbed09 0.0s done
#12 exporting manifest list sha256:5d3cafb2758b09a7c0556c750f29a760bba2473e5284cdde589c538c1158d681 0.0s done
#12 naming to docker.io/library/6b099ed3-7175-4a78-91f4-44570c84ed27-backend:latest done
#12 unpacking to docker.io/library/6b099ed3-7175-4a78-91f4-44570c84ed27-backend:latest
#12 unpacking to docker.io/library/6b099ed3-7175-4a78-91f4-44570c84ed27-backend:latest 0.3s done
#12 DONE 1.2s

#13 resolving provenance for metadata file
#13 DONE 0.0s
 Image 6b099ed3-7175-4a78-91f4-44570c84ed27-backend Built 

[exit] 0

=== docker compose up -d backend ===
time="2026-05-21T01:23:09+08:00" level=warning msg="/home/ubuntu/6b099ed3-7175-4a78-91f4-44570c84ed27/docker-compose.yml: the attribute `version` is obsolete, it will be ignored, please remove it to avoid potential confusion"
 Container 6b099ed3-7175-4a78-91f4-44570c84ed27-db Running 
 Container 6b099ed3-7175-4a78-91f4-44570c84ed27-backend Recreate 
 Container 6b099ed3-7175-4a78-91f4-44570c84ed27-backend Recreated 
 Container 6b099ed3-7175-4a78-91f4-44570c84ed27-db Waiting 
 Container 6b099ed3-7175-4a78-91f4-44570c84ed27-db Healthy 
 Container 6b099ed3-7175-4a78-91f4-44570c84ed27-backend Starting 
 Container 6b099ed3-7175-4a78-91f4-44570c84ed27-backend Started
绛夊緟 20 绉掕縼绉?..
openapi seed-packs paths: ['/api/admin/seed-packs', '/api/admin/seed-packs/{code}', '/api/admin/seed-packs/{code}/install', '/api/admin/seed-packs/{code}/uninstall']
/api/admin/seed-packs no auth status: 401 (鏈熸湜401/403)
--- 杩佺Щ skip 鏃ュ織 ---
[migrate] prd_med_plan_interact_optim_v1: 杩佺Щ瀹屾垚 stats={'groups_scanned': 0, 'duplicates_soft_deleted': 0, 'names_normalized': 0, 'skipped': False}
[migrate] prd_health_archive_optim_v1: 杩佺Щ瀹屾垚 stats={'users_seen': 117, 'self_settings_inserted': 0, 'guardian_settings_inserted': 0, 'skipped': False}
[migrate] prd_legacy_home_cleanup_v11: 杩佺Щ瀹屾垚 stats={'page_style_deleted': 0, 'home_config_kv_deleted': 0, 'banner_link_url_migrated': 0, 'banner_hidden_for_legacy_path': 0, 'audit_rows_inserted': 0, 'skipped': True}
[migrate] questionnaire_drawer_v1: 瀹屾垚 stats={"columns_added": 0, "template_seeded": 0, "questions_created": 0, "questions_updated": 0, "buttons_upgraded": 0, "tcm_button_registered": 0, "reverse_score_marked": 0, "precard_backfilled": 0, "health_self_check_seed_skipped": "by_seed_pack_admin_page", "tcm_button_seed_skipped": "by_seed_pack_admin_page"}
[migrate] questionnaire_drawer_v1: 杩佺Щ瀹屾垚 stats={'columns_added': 0, 'template_seeded': 0, 'questions_created': 0, 'questions_updated': 0, 'buttons_upgraded': 0, 'tcm_button_registered': 0, 'reverse_score_marked': 0, 'precard_backfilled': 0, 'health_self_check_seed_skipped': 'by_seed_pack_admin_page', 'tcm_button_seed_skipped': 'by_seed_pack_admin_page'}
[migrate] tcm36_drawer_v12: 鍚姩杩佺Щ...
[migrate] tcm36_drawer_v12: 鍚姩
[migrate] tcm36_drawer_v12: 璺宠繃绉嶅瓙鎻掑叆 (tcm_constitution 妯℃澘/36棰?9鍒嗗瀷瑙勫垯)锛岀敱绉嶅瓙瀵煎叆椤佃礋璐?
[migrate] tcm36_drawer_v12: 瀹屾垚 stats={"phase": "tcm36_drawer_v12", "columns_added": {"trigger_by_keyword": false, "trigger_by_intent": false, "trigger_keywords": false, "ai_reference_passive": false, "ai_reference_active": false}, "seed_skipped": "by_seed_pack_admin_page", "trigger_keywords_backfilled": 0}
[tcm36] DDL OK, seed data delegated to seed pack admin page
[migrate] tcm36_drawer_v12: 杩佺Щ瀹屾垚 stats={'phase': 'tcm36_drawer_v12', 'columns_added': {'trigger_by_keyword': False, 'trigger_by_intent': False, 'trigger_keywords': False, 'ai_reference_passive': False, 'ai_reference_active': False}, 'seed_skipped': 'by_seed_pack_admin_page', 'trigger_keywords_backfilled': 0}
[migrate] prd_tag_recommend_v1: 鍚姩杩佺Щ...
[migrate] prd_tag_recommend_v1: 杩佺Щ瀹屾垚 stats={'tags_created': 0, 'goods_tags_created': 0, 'recommend_cfg_created': 0, 'template_columns_added': 0, 'tag_columns_added': 0, 'constitution_tags_seeded': 0, 'constitution_tags_skipped': 'by_seed_pack_admin_page', 'constitution_tags_unlocked': 9, 'legacy_service_to_contraindication': 0, 'legacy_other_deactivated': 9, 'tcm_set_triple': 1, 'symptom_tags_migrated': 0, 'symptom_tags_column_missing': 1, 'symptom_tags_column_dropped': 0}
[migrate] qn_content_v1: 鍚姩杩佺Щ...
[migrate] qn_content_v1: 鍚姩
[migrate] qn_content_v1: 瀹屾垚 stats={"phase": "qn_content_v1", "columns_added": {"followup_chips_json": false, "cta_list_json": false}, "phq9": {"skipped": "by_seed_pack_admin_page"}, "gad7": {"skipped": "by_seed_pack_admin_page"}, "psqi": {"skipped": "by_seed_pack_admin_page"}, "tcm_chips_cta": {"skipped": "by_seed_pack_admin_page"}, "hsc_v2": {"skipped": "by_seed_pack_admin_page"}}
[qn_content_v1] DDL OK, seed data (PHQ-9/GAD-7/PSQI/hsc_v2) delegated to seed pack admin page
[migrate] qn_content_v1: 杩佺Щ瀹屾垚 stats={'phase': 'qn_content_v1', 'columns_added': {'followup_chips_json': False, 'cta_list_json': False}, 'phq9': {'skipped': 'by_seed_pack_admin_page'}, 'gad7': {'skipped': 'by_seed_pack_admin_page'}, 'psqi': {'skipped': 'by_seed_pack_admin_page'}, 'tcm_chips_cta': {'skipped': 'by_seed_pack_admin_page'}, 'hsc_v2': {'skipped': 'by_seed_pack_admin_page'}}

