[01:04:05] [364-redeploy] connect
[01:04:06] 
--- fetch 重试 ---
[01:04:06]   fetch attempt 1/5
[01:04:06] $ cd /home/ubuntu/6b099ed3-7175-4a78-91f4-44570c84ed27 && timeout 180 git fetch origin master --no-tags 2>&1
[01:05:07]   ↳ fatal: unable to access 'https://github.com/ankun-eric/auto_dev_bnbbaijkgj.git/': Operation too slow. Less than 1000 bytes/sec transferred the last 60 seconds

[01:05:07]   ↳ exit=128
[01:05:07] $ cd /home/ubuntu/6b099ed3-7175-4a78-91f4-44570c84ed27 && git rev-parse origin/master
[01:05:08]   ↳ 4e20c1719e7289ea8e7fc271f95e538f6f2329dc

[01:05:08]   ↳ exit=0
[01:05:08]   origin/master = 4e20c1719e7289ea8e7fc271f95e538f6f2329dc
[01:05:13]   fetch attempt 2/5
[01:05:13] $ cd /home/ubuntu/6b099ed3-7175-4a78-91f4-44570c84ed27 && timeout 180 git fetch origin master --no-tags 2>&1
[01:07:25]   ↳ fatal: unable to access 'https://github.com/ankun-eric/auto_dev_bnbbaijkgj.git/': Failed to connect to github.com port 443 after 132414 ms: Couldn't connect to server

[01:07:25]   ↳ exit=128
[01:07:25] $ cd /home/ubuntu/6b099ed3-7175-4a78-91f4-44570c84ed27 && git rev-parse origin/master
[01:07:26]   ↳ 4e20c1719e7289ea8e7fc271f95e538f6f2329dc

[01:07:26]   ↳ exit=0
[01:07:26]   origin/master = 4e20c1719e7289ea8e7fc271f95e538f6f2329dc
[01:07:31]   fetch attempt 3/5
[01:07:31] $ cd /home/ubuntu/6b099ed3-7175-4a78-91f4-44570c84ed27 && timeout 180 git fetch origin master --no-tags 2>&1
[01:09:45]   ↳ fatal: unable to access 'https://github.com/ankun-eric/auto_dev_bnbbaijkgj.git/': Failed to connect to github.com port 443 after 133365 ms: Couldn't connect to server

[01:09:45]   ↳ exit=128
[01:09:45] $ cd /home/ubuntu/6b099ed3-7175-4a78-91f4-44570c84ed27 && git rev-parse origin/master
[01:09:45]   ↳ 4e20c1719e7289ea8e7fc271f95e538f6f2329dc

[01:09:45]   ↳ exit=0
[01:09:45]   origin/master = 4e20c1719e7289ea8e7fc271f95e538f6f2329dc
[01:09:50]   fetch attempt 4/5
[01:09:50] $ cd /home/ubuntu/6b099ed3-7175-4a78-91f4-44570c84ed27 && timeout 180 git fetch origin master --no-tags 2>&1
[01:11:10]   ↳ fatal: unable to access 'https://github.com/ankun-eric/auto_dev_bnbbaijkgj.git/': Operation too slow. Less than 1000 bytes/sec transferred the last 60 seconds

[01:11:10]   ↳ exit=128
[01:11:10] $ cd /home/ubuntu/6b099ed3-7175-4a78-91f4-44570c84ed27 && git rev-parse origin/master
[01:11:11]   ↳ 4e20c1719e7289ea8e7fc271f95e538f6f2329dc

[01:11:11]   ↳ exit=0
[01:11:11]   origin/master = 4e20c1719e7289ea8e7fc271f95e538f6f2329dc
[01:11:16]   fetch attempt 5/5
[01:11:16] $ cd /home/ubuntu/6b099ed3-7175-4a78-91f4-44570c84ed27 && timeout 180 git fetch origin master --no-tags 2>&1
[01:13:30]   ↳ fatal: unable to access 'https://github.com/ankun-eric/auto_dev_bnbbaijkgj.git/': Failed to connect to github.com port 443 after 133535 ms: Couldn't connect to server

[01:13:30]   ↳ exit=128
[01:13:30] $ cd /home/ubuntu/6b099ed3-7175-4a78-91f4-44570c84ed27 && git rev-parse origin/master
[01:13:30]   ↳ 4e20c1719e7289ea8e7fc271f95e538f6f2329dc

[01:13:30]   ↳ exit=0
[01:13:30]   origin/master = 4e20c1719e7289ea8e7fc271f95e538f6f2329dc
[01:13:35] $ cd /home/ubuntu/6b099ed3-7175-4a78-91f4-44570c84ed27 && git reset --hard origin/master
[01:13:36]   ↳ HEAD is now at 4e20c17 feat(admin-web): 门店管理列表固定列优化

[01:13:36]   ↳ exit=0
[01:13:36] $ cd /home/ubuntu/6b099ed3-7175-4a78-91f4-44570c84ed27 && git log -3 --oneline
[01:13:36]   ↳ 4e20c17 feat(admin-web): 门店管理列表固定列优化
ca32693 feat(h5-web): 精简登录页 - 删除冗余 helperText 与伪渠道入口
acb1881 feat(PRD-04): 改期通知三通道收尾 - 企业微信告警 + 商家详情页通知状态

[01:13:36]   ↳ exit=0
[01:13:36] 
--- 改动确认 ---
[01:13:36] $ grep -c '商菜单' /home/ubuntu/6b099ed3-7175-4a78-91f4-44570c84ed27/admin-web/src/app/'(admin)'/product-system/orders/dashboard/page.tsx || true
[01:13:37]   ↳ 0

[01:13:37]   ↳ exit=0
[01:13:37] $ grep -c '_status_code' /home/ubuntu/6b099ed3-7175-4a78-91f4-44570c84ed27/backend/app/api/merchant_dashboard.py || true
[01:13:37]   ↳ 0

[01:13:37]   ↳ exit=0
[01:13:37] 
--- 重建 backend (no-cache for app/) ---
[01:13:37] $ cd /home/ubuntu/6b099ed3-7175-4a78-91f4-44570c84ed27 && docker compose -f docker-compose.prod.yml build --no-cache backend 2>&1 | tail -40
[01:14:36]   ↳ #9 24.73 Collecting urllib3<3,>=1.26 (from requests>=2.16.0->tencentcloud-sdk-python==3.0.1200->-r requirements.txt (line 19))
#9 24.80   Downloading https://mirrors.cloud.tencent.com/pypi/packages/39/08/aaaad47bc4e9dc8c725e68f9d04865dbcb2052843ff09c97b08904852d84/urllib3-2.6.3-py3-none-any.whl (131 kB)
#9 24.95      ━━━━━━━━━━━━━━━━━━━━━━━━━━━━━━━━━━━━━ 131.6/131.6 kB 779.9 kB/s eta 0:00:00
#9 25.34 Collecting MarkupSafe>=0.9.2 (from Mako->alembic==1.13.0->-r requirements.txt (line 17))
#9 25.34   Downloading https://mirrors.cloud.tencent.com/pypi/packages/30/ac/0273f6fcb5f42e314c6d8cd99effae6a5354604d461b8d392b5ec9530a54/markupsafe-3.0.3-cp311-cp311-manylinux2014_x86_64.manylinux_2_17_x86_64.manylinux_2_28_x86_64.whl (22 kB)
#9 25.47 Building wheels for collected packages: python-alipay-sdk
#9 25.47   Building wheel for python-alipay-sdk (setup.py): started
#9 25.72   Building wheel for python-alipay-sdk (setup.py): finished with status 'done'
#9 25.72   Created wheel for python-alipay-sdk: filename=python_alipay_sdk-3.3.0-py3-none-any.whl size=10327 sha256=adf80103c4daf5eabc5c31a639e6aaee331de7f895c67f7eea70b6cb88f1dc43
#9 25.72   Stored in directory: /tmp/pip-ephem-wheel-cache-tbvh0gpe/wheels/4a/df/69/ab28bae2357f0b8714254a6aa7b2056c2381a994dc6c6e4d27
#9 25.72 Successfully built python-alipay-sdk
#9 25.98 Installing collected packages: pytz, passlib, websockets, uvloop, urllib3, tzlocal, tzdata, typing-extensions, sniffio, six, pyyaml, python-multipart, python-dotenv, pymysql, pycryptodomex, pycparser, pyasn1, Pillow, MarkupSafe, idna, httptools, h11, greenlet, et-xmlfile, click, charset_normalizer, certifi, bcrypt, annotated-types, aiofiles, uvicorn, sqlalchemy, rsa, requests, pydantic-core, openpyxl, Mako, httpcore, ecdsa, cffi, APScheduler, anyio, aiomysql, watchfiles, tencentcloud-sdk-python, starlette, python-jose, pydantic, httpx, cryptography, alembic, pyOpenSSL, pydantic-settings, fastapi, python-alipay-sdk
#9 43.62 Successfully installed APScheduler-3.10.4 Mako-1.3.12 MarkupSafe-3.0.3 Pillow-12.2.0 aiofiles-24.1.0 aiomysql-0.2.0 alembic-1.13.0 annotated-types-0.7.0 anyio-4.13.0 bcrypt-4.0.1 certifi-2026.4.22 cffi-2.0.0 charset_normalizer-3.4.7 click-8.3.3 cryptography-43.0.0 ecdsa-0.19.2 et-xmlfile-2.0.0 fastapi-0.115.0 greenlet-3.5.0 h11-0.16.0 httpcore-1.0.9 httptools-0.7.1 httpx-0.27.0 idna-3.13 openpyxl-3.1.5 passlib-1.7.4 pyOpenSSL-25.1.0 pyasn1-0.6.3 pycparser-3.0 pycryptodomex-3.23.0 pydantic-2.9.0 pydantic-core-2.23.2 pydantic-settings
[01:14:36]   ↳ exit=0
[01:14:36] $ cd /home/ubuntu/6b099ed3-7175-4a78-91f4-44570c84ed27 && docker compose -f docker-compose.prod.yml up -d --force-recreate backend
[01:14:40]   ↳ ERR  Container 6b099ed3-7175-4a78-91f4-44570c84ed27-db Running 
 Container 6b099ed3-7175-4a78-91f4-44570c84ed27-backend Recreate 
 Container 6b099ed3-7175-4a78-91f4-44570c84ed27-backend Recreated 
 Container 6b099ed3-7175-4a78-91f4-44570c84ed27-db Waiting 
 Container 6b099ed3-7175-4a78-91f4-44570c84ed27-db Healthy 
 Container 6b099ed3-7175-4a78-91f4-44570c84ed27-backend Starting 
 Container 6b099ed3-7175-4a78-91f4-44570c84ed27-backend Started 

[01:14:40]   ↳ exit=0
[01:14:40] 
--- 重建 admin-web (no-cache) ---
[01:14:40] $ cd /home/ubuntu/6b099ed3-7175-4a78-91f4-44570c84ed27 && docker compose -f docker-compose.prod.yml build --no-cache admin-web 2>&1 | tail -50
[01:17:05]   ↳ #12 109.8 ├ ○ /search/asr-config                       6.99 kB         296 kB
#12 109.8 ├ ○ /search/block-words                      12.6 kB         401 kB
#12 109.8 ├ ○ /search/recommend                        14.2 kB         409 kB
#12 109.8 ├ ○ /search/statistics                       239 kB         1.09 MB
#12 109.8 ├ ○ /settings                                11 kB           368 kB
#12 109.8 ├ ○ /share-config                            4.2 kB          371 kB
#12 109.8 ├ ○ /sms                                     25 kB           423 kB
#12 109.8 ├ ○ /system-messages                         11.4 kB         433 kB
#12 109.8 ├ ○ /system-messages/send                    4.92 kB         313 kB
#12 109.8 ├ ○ /system/sdk-health                       17 kB           285 kB
#12 109.8 ├ ○ /tcm-config                              4.05 kB         284 kB
#12 109.8 ├ ○ /tts-config                              5.07 kB         334 kB
#12 109.8 ├ ○ /users                                   15.3 kB         404 kB
#12 109.8 ├ ○ /voice-service                           3.46 kB         345 kB
#12 109.8 └ ○ /wechat-push                             4.92 kB         290 kB
#12 109.8 + First Load JS shared by all                87.7 kB
#12 109.8   ├ chunks/2117-1ca38137e0e3b541.js          31.9 kB
#12 109.8   ├ chunks/fd9d1056-cde8d1c8f42e1127.js      53.6 kB
#12 109.8   └ other shared chunks (total)              2.13 kB
#12 109.8 
#12 109.8 
#12 109.8 ○  (Static)   prerendered as static content
#12 109.8 ƒ  (Dynamic)  server-rendered on demand
#12 109.8 
#12 DONE 110.6s

#13 [runner 3/5] COPY --from=builder /app/.next/standalone ./
#13 DONE 0.4s

#14 [runner 4/5] COPY --from=builder /app/.next/static ./.next/static
#14 DONE 0.1s

#15 [runner 5/5] COPY --from=builder /app/public ./public
#15 DONE 0.0s

#16 exporting to image
#16 exporting layers
#16 exporting layers 1.2s done
#16 exporting manifest sha256:8b37d2419d0b0d5b27b42dfde15c422afc0972c78e3c212d08896f956c573e82 0.0s done
#16 exporting config sha256:13e373382722661411dac79dda56c2062eb9a86cb16ccd2dd2d5ae3d57605e3b done
#16 exporting attestation manifest sha256:fc73d9d445f7a8f6e7cef77c9f29bfe16997a2d24a1c0aa82291a058cc80e16e 0.0s done
#16 exporting manifest list sha256:8857049546c29a4b57f56d5f52feca478c869b3fb63bca084d6d001690eb8edf done
#16 naming to docker.io/library/6b099ed3-7175-4a78-91f4-44570c84ed27-admin-web:latest done
#16 unpacking to docker.io/library/6b099ed3-7175-4a78-91f4-44570c84ed27-admin-web:latest
#16 unpac
[01:17:05]   ↳ exit=0
[01:17:05] $ cd /home/ubuntu/6b099ed3-7175-4a78-91f4-44570c84ed27 && docker compose -f docker-compose.prod.yml up -d --force-recreate admin-web
[01:17:07]   ↳ ERR  Container 6b099ed3-7175-4a78-91f4-44570c84ed27-db Running 
 Container 6b099ed3-7175-4a78-91f4-44570c84ed27-backend Running 
 Container 6b099ed3-7175-4a78-91f4-44570c84ed27-admin Recreate 
 Container 6b099ed3-7175-4a78-91f4-44570c84ed27-admin Recreated 
 Container 6b099ed3-7175-4a78-91f4-44570c84ed27-db Waiting 
 Container 6b099ed3-7175-4a78-91f4-44570c84ed27-db Healthy 
 Container 6b099ed3-7175-4a78-91f4-44570c84ed27-admin Starting 
 Container 6b099ed3-7175-4a78-91f4-44570c84ed27-admin Started 

[01:17:07]   ↳ exit=0
[01:17:07] 
--- 等待容器 Up ---
[01:17:15] $ docker ps --format '{{.Names}}	{{.Status}}' | grep 6b099ed3-7175-4a78-91f4-44570c84ed27
[01:17:16]   ↳ 6b099ed3-7175-4a78-91f4-44570c84ed27-admin	Up 8 seconds
6b099ed3-7175-4a78-91f4-44570c84ed27-backend	Up 2 minutes
6b099ed3-7175-4a78-91f4-44570c84ed27-db	Up 14 minutes (healthy)
6b099ed3-7175-4a78-91f4-44570c84ed27-h5	Up 50 minutes

[01:17:16]   ↳ exit=0
[01:17:16] 
--- gateway reload ---
[01:17:16] $ docker exec gateway nginx -s reload 2>&1 || true
[01:17:17]   ↳ 2026/05/05 17:17:17 [notice] 550#550: signal process started

[01:17:17]   ↳ exit=0
[01:17:17] 
--- HTTP 验证 ---
[01:17:17] $ curl -sI 'https://newbb.test.bangbangvip.com/autodev/6b099ed3-7175-4a78-91f4-44570c84ed27/admin/product-system/orders/dashboard' --max-time 10 -o /dev/null -w 'http_code=%{http_code}  https://newbb.test.bangbangvip.com/autodev/6b099ed3-7175...
[01:17:17]   ↳ http_code=308  https://newbb.test.bangbangvip.com/autodev/6b099ed3-7175-4a78-91f4-44570c84ed27/admin/product-system/orders/dashboard

[01:17:17]   ↳ exit=0
[01:17:17] $ curl -sI 'https://newbb.test.bangbangvip.com/autodev/6b099ed3-7175-4a78-91f4-44570c84ed27/api/merchant/dashboard/time-slots' --max-time 10 -o /dev/null -w 'http_code=%{http_code}  https://newbb.test.bangbangvip.com/autodev/6b099ed3-7175-4a7...
[01:17:18]   ↳ http_code=405  https://newbb.test.bangbangvip.com/autodev/6b099ed3-7175-4a78-91f4-44570c84ed27/api/merchant/dashboard/time-slots

[01:17:18]   ↳ exit=0
[01:17:18] $ curl -sI 'https://newbb.test.bangbangvip.com/autodev/6b099ed3-7175-4a78-91f4-44570c84ed27/api/openapi.json' --max-time 10 -o /dev/null -w 'http_code=%{http_code}  https://newbb.test.bangbangvip.com/autodev/6b099ed3-7175-4a78-91f4-44570c84ed...
[01:17:20]   ↳ http_code=200  https://newbb.test.bangbangvip.com/autodev/6b099ed3-7175-4a78-91f4-44570c84ed27/api/openapi.json

[01:17:20]   ↳ exit=0
[01:17:20] 
--- 验证容器内代码版本 ---
[01:17:20] $ docker exec 6b099ed3-7175-4a78-91f4-44570c84ed27-backend grep -c '_status_code' /app/app/api/merchant_dashboard.py
[01:17:20]   ↳ 0

[01:17:20]   ↳ exit=1
[01:17:20] 
[364-redeploy] done
