
鈹€鈹€鈹€鈹€鈹€鈹€ 鍩虹鎺㈡椿 鈹€鈹€鈹€鈹€鈹€鈹€
鉁?/api/health 鈫?200
鉁?/devices/ 鈫?200

鈹€鈹€鈹€鈹€鈹€鈹€ 鍖垮悕璁块棶 /api/devices/catalog 搴?401 鈹€鈹€鈹€鈹€鈹€鈹€
鉁?/api/devices/catalog 鏈巿鏉?鈫?401

鈹€鈹€鈹€鈹€鈹€鈹€ GET /api/devices/catalog锛堥壌鏉冨悗锛?鈹€鈹€鈹€鈹€鈹€鈹€
鉁?status=200
鉁?鍖呭惈鍝佺墝 binni
鉁?鍖呭惈鍝佺墝 huawei
鉁?鍖呭惈鍝佺墝 xiaomi
鉁?鍖呭惈鍝佺墝 apple
鉁?鍖呭惈鍝佺墝 other
鉁?瀹惧凹 7 椤?(瀹為檯 7)
鉁?鐑熼浘鎶ヨ鍣?is_unique=False
鉁?鑻规灉鏁鏈熷緟
鉁?鍗庝负鎵嬬幆宸叉帴閫?

鈹€鈹€鈹€鈹€鈹€鈹€ GET /api/devices/my 鍒濆绌?鈹€鈹€鈹€鈹€鈹€鈹€
鉁?status=200
鉁?my 鎺ュ彛杩斿洖 ok

鈹€鈹€鈹€鈹€鈹€鈹€ POST /api/devices/bind 瀹惧凹鏅鸿兘鎵嬭〃 鈹€鈹€鈹€鈹€鈹€鈹€
鉁?缁戝畾 鈫?200 {"id":1,"message":"宸茬粦瀹?,"binding":{"id":1,"catalog_id":1,"brand_code":"binni","brand_name":"瀹惧凹","category_code":"smartwatch","device_name":"瀹惧凹鏅鸿兘鎵嬭〃","icon":"鈱?,"is_unique":true,"sn":"SMOKE-SN-350135-01
鉁?SN 宸茶劚鏁?SMO****5-01
鉁?鍒悕姝ｇ‘

鈹€鈹€鈹€鈹€鈹€鈹€ POST /api/devices/bind 鍚屼竴鍞竴绫昏澶囧簲 409 鈹€鈹€鈹€鈹€鈹€鈹€
鉁?閲嶅缁戝畾鍞竴绫?鈫?409

鈹€鈹€鈹€鈹€鈹€鈹€ POST /api/devices/bind Apple Watch 搴?400锛堟暚璇锋湡寰咃級 鈹€鈹€鈹€鈹€鈹€鈹€
鉁?鏈帴閫?鈫?400

鈹€鈹€鈹€鈹€鈹€鈹€ POST /api/devices/bind 鐑熼浘鎶ヨ鍣ㄥ缁?3 鍙?鈹€鈹€鈹€鈹€鈹€鈹€
鉁?鐑熼浘鎶ヨ鍣?#0 鈫?200
鉁?鐑熼浘鎶ヨ鍣?#1 鈫?200
鉁?鐑熼浘鎶ヨ鍣?#2 鈫?200

鈹€鈹€鈹€鈹€鈹€鈹€ GET /api/devices/my 鍒楄〃宸插惈 4 鍙帮紙1 鎵嬭〃 + 3 鐑熼浘锛?鈹€鈹€鈹€鈹€鈹€鈹€
鉁?1 鍧楁墜琛?
鉁?3 涓儫闆炬姤璀﹀櫒

鈹€鈹€鈹€鈹€鈹€鈹€ PATCH /api/devices/binding/{id} 鏀瑰埆鍚?鈹€鈹€鈹€鈹€鈹€鈹€
鉁?缂栬緫 鈫?200
鉁?鍒悕宸叉洿鏂?

鈹€鈹€鈹€鈹€鈹€鈹€ POST /api/devices/unbind 瑙ｇ粦鎵嬭〃 + bound_count 鑱斿姩 鈹€鈹€鈹€鈹€鈹€鈹€
鉁?瑙ｇ粦 鈫?200
鉁?瑙ｇ粦鍚?bound_count=0 (瀹為檯 0)

鈹€鈹€鈹€鈹€鈹€鈹€ 瑙ｇ粦鍚庡啀娆＄粦瀹氬悓鍨嬪彿搴旀垚鍔?鈹€鈹€鈹€鈹€鈹€鈹€
鉁?閲嶆柊缁戝畾 鈫?200

鈹€鈹€鈹€鈹€鈹€鈹€ 鍚?SN 璺ㄨ处鎴峰叡浜?鈹€鈹€鈹€鈹€鈹€鈹€
鉁?鍚?SN 璺ㄨ处鎴峰叡浜?r1=200 r2=200

鈹€鈹€鈹€鈹€鈹€鈹€ 鎬荤粨锛氬け璐?0 椤?鈹€鈹€鈹€鈹€鈹€鈹€
