
>>> docker exec 6b099ed3-7175-4a78-91f4-44570c84ed27-h5 ls /app | head -20
node_modules
package.json
public
server.js

<<< exit=0

>>> docker exec 6b099ed3-7175-4a78-91f4-44570c84ed27-h5 find /app/.next/server/chunks -name '*.js' | head -5
/app/.next/server/chunks/2041.js
/app/.next/server/chunks/7138.js
/app/.next/server/chunks/3447.js
/app/.next/server/chunks/7312.js
/app/.next/server/chunks/6049.js

<<< exit=0

>>> docker exec 6b099ed3-7175-4a78-91f4-44570c84ed27-h5 sh -c "grep -r -l 'ai-profile-card' /app/.next/server/app 2>/dev/null | head -10"
<<< exit=0

>>> docker exec 6b099ed3-7175-4a78-91f4-44570c84ed27-h5 sh -c "grep -r -c 'Bug-432-fix' /app/.next/server/app 2>/dev/null | grep -v ':0' | head -10"
<<< exit=0

>>> docker exec 6b099ed3-7175-4a78-91f4-44570c84ed27-h5 sh -c "grep -r -c 'Bug-432-fix' /app/.next/server 2>/dev/null | grep -v ':0' | head -10"
<<< exit=0

>>> docker exec 6b099ed3-7175-4a78-91f4-44570c84ed27-h5 sh -c "grep -r -c 'ai-profile-card-loading' /app/.next/server 2>/dev/null | grep -v ':0' | head -5"
/app/.next/server/chunks/2398.js:1

<<< exit=0

>>> docker exec 6b099ed3-7175-4a78-91f4-44570c84ed27-h5 sh -c "grep -r -c 'Bug-432-fix' /app/.next/static 2>/dev/null | grep -v ':0' | head -10"
<<< exit=0
