Local base: C:\auto_output\bnbbaijkgj
Connecting to ubuntu@newbb.test.bangbangvip.com:22...
Connected.
  upload: backend/app/utils/relation_badge.py -> /home/ubuntu/6b099ed3-7175-4a78-91f4-44570c84ed27/backend/app/utils/relation_badge.py
  upload: backend/app/api/family.py -> /home/ubuntu/6b099ed3-7175-4a78-91f4-44570c84ed27/backend/app/api/family.py
  upload: backend/app/api/health_archive_optim_v2.py -> /home/ubuntu/6b099ed3-7175-4a78-91f4-44570c84ed27/backend/app/api/health_archive_optim_v2.py
  upload: backend/app/schemas/user.py -> /home/ubuntu/6b099ed3-7175-4a78-91f4-44570c84ed27/backend/app/schemas/user.py
  upload: backend/tests/test_health_archive_member_tab_v2_20260519.py -> /home/ubuntu/6b099ed3-7175-4a78-91f4-44570c84ed27/backend/tests/test_health_archive_member_tab_v2_20260519.py
  upload: h5-web/src/app/health-profile/page.tsx -> /home/ubuntu/6b099ed3-7175-4a78-91f4-44570c84ed27/h5-web/src/app/health-profile/page.tsx
compose files: /home/ubuntu/6b099ed3-7175-4a78-91f4-44570c84ed27/docker-compose.prod.yml
/home/ubuntu/6b099ed3-7175-4a78-91f4-44570c84ed27/docker-compose.yml

--- 鍚屾 backend 鏀瑰姩鍒板鍣?---

--- 閲嶅惎 backend ---

$ docker restart 6b099ed3-7175-4a78-91f4-44570c84ed27-backend 2>&1 | tail -5
6b099ed3-7175-4a78-91f4-44570c84ed27-backend


--- 绛夊緟 backend 灏辩华 ---
  [3s] backend openapi: 000fail
  [6s] backend openapi: 000fail
  [9s] backend openapi: 000fail
  [12s] backend openapi: 000fail
  [15s] backend openapi: 000fail
  [18s] backend openapi: 000fail
  [21s] backend openapi: 000fail
  [24s] backend openapi: 000fail
  [27s] backend openapi: 000fail
  [30s] backend openapi: 000fail
  [33s] backend openapi: 000fail
  [36s] backend openapi: 000fail
  [39s] backend openapi: 000fail
  [42s] backend openapi: 000fail
  [45s] backend openapi: 000fail
  [48s] backend openapi: 000fail
  [51s] backend openapi: 000fail
  [54s] backend openapi: 000fail
  [57s] backend openapi: 000fail
  [60s] backend openapi: 000fail
  [63s] backend openapi: 000fail
  [66s] backend openapi: 000fail
  [69s] backend openapi: 000fail
  [72s] backend openapi: 000fail
  [75s] backend openapi: 000fail
  [78s] backend openapi: 000fail
  [81s] backend openapi: 000fail
  [84s] backend openapi: 000fail
  [87s] backend openapi: 000fail
  [90s] backend openapi: 000fail
  [93s] backend openapi: 000fail
  [96s] backend openapi: 000fail
  [99s] backend openapi: 000fail
  [102s] backend openapi: 000fail
  [105s] backend openapi: 000fail
  [108s] backend openapi: 000fail
  [111s] backend openapi: 000fail
  [114s] backend openapi: 000fail
  [117s] backend openapi: 000fail
  [120s] backend openapi: 000fail
WARN: backend not ready within timeout

--- rebuild h5-web ---

$ cd /home/ubuntu/6b099ed3-7175-4a78-91f4-44570c84ed27 && docker compose -f docker-compose.prod.yml stop h5-web 2>&1 | tail -3
 Container 6b099ed3-7175-4a78-91f4-44570c84ed27-h5 Stopping 
 Container 6b099ed3-7175-4a78-91f4-44570c84ed27-h5 Stopped 


$ cd /home/ubuntu/6b099ed3-7175-4a78-91f4-44570c84ed27 && docker compose -f docker-compose.prod.yml rm -f h5-web 2>&1 | tail -3
Going to remove 6b099ed3-7175-4a78-91f4-44570c84ed27-h5
 Container 6b099ed3-7175-4a78-91f4-44570c84ed27-h5 Removing 
 Container 6b099ed3-7175-4a78-91f4-44570c84ed27-h5 Removed 


$ cd /home/ubuntu/6b099ed3-7175-4a78-91f4-44570c84ed27 && docker compose -f docker-compose.prod.yml build h5-web 2>&1 | tail -100
  2.15 kB         235 kB
#12 90.95 鈹?鈼?/scan                                      109 kB          319 kB
#12 90.95 鈹?鈼?/search                                    6.37 kB         239 kB
#12 90.95 鈹?鈼?/search/result                             7.33 kB         240 kB
#12 90.95 鈹?鈼?/services                                  5.55 kB         238 kB
#12 90.95 鈹?鈼?/settings                                  6.11 kB         239 kB
#12 90.95 鈹?茠 /shared/chat/[token]                       2.51 kB         235 kB
#12 90.95 鈹?茠 /shared/drug/[token]                       2.52 kB         235 kB
#12 90.95 鈹?茠 /shared/report/[token]                     2.72 kB         235 kB
#12 90.95 鈹?鈼?/symptom                                   9.96 kB         248 kB
#12 90.95 鈹?鈼?/tcm                                       12.4 kB         245 kB
#12 90.95 鈹?鈼?/tcm/archive                               510 B           211 kB
#12 90.95 鈹?茠 /tcm/diagnosis/[id]                        549 B           211 kB
#12 90.95 鈹?鈼?/tcm/loading                               960 B           211 kB
#12 90.95 鈹?茠 /tcm/result/[id]                           9.37 kB         242 kB
#12 90.95 鈹?茠 /unified-order/[id]                        9.95 kB         248 kB
#12 90.95 鈹?鈼?/unified-orders                            4.05 kB         242 kB
#12 90.95 + First Load JS shared by all                  87.6 kB
#12 90.95   鈹?chunks/2117-3615d1923728c5e4.js            31.9 kB
#12 90.95   鈹?chunks/fd9d1056-cde8d1c8f42e1127.js        53.6 kB
#12 90.95   鈹?other shared chunks (total)                2.1 kB
#12 90.95 
#12 90.95 
#12 90.95 鈼? (Static)   prerendered as static content
#12 90.95 茠  (Dynamic)  server-rendered on demand
#12 90.95 
#12 DONE 91.1s

#8 [builder 2/7] WORKDIR /app
#8 CACHED

#13 [runner 3/5] COPY --from=builder /app/.next/standalone ./
#13 DONE 0.4s

#14 [runner 4/5] COPY --from=builder /app/.next/static ./.next/static
#14 DONE 0.1s

#15 [runner 5/5] COPY --from=builder /app/public ./public
#15 DONE 0.3s

#16 exporting to image
#16 exporting layers
#16 exporting layers 10.7s done
#16 exporting manifest sha256:1debbcba4784c7ac1cce7423eaf21a38ffd2cfcb034c97d62cf2bc27f9fae577
#16 exporting manifest sha256:1debbcba4784c7ac1cce7423eaf21a38ffd2cfcb034c97d62cf2bc27f9fae577 0.0s done
#16 exporting config sha256:91095d4f09ea8049a67713cc4bf32a57c1091e84c013bfce747bb02db0b71b4f 0.0s done
#16 exporting attestation manifest sha256:f46c305e6fb8d9f12eac404cdb3dcf30240cc6119280a7a026360616c65ecead 0.0s done
#16 exporting manifest list sha256:448b1fcdceac55869fb49d6ad9dc54e7d2baea96a0abdf2bf9da3a42a6f0be9c 0.0s done
#16 naming to docker.io/library/6b099ed3-7175-4a78-91f4-44570c84ed27-h5-web:latest done
#16 unpacking to docker.io/library/6b099ed3-7175-4a78-91f4-44570c84ed27-h5-web:latest
#16 unpacking to docker.io/library/6b099ed3-7175-4a78-91f4-44570c84ed27-h5-web:latest 1.8s done
#16 DONE 12.7s

#17 resolving provenance for metadata file
#17 DONE 0.4s
 Image 6b099ed3-7175-4a78-91f4-44570c84ed27-h5-web Built 


$ cd /home/ubuntu/6b099ed3-7175-4a78-91f4-44570c84ed27 && docker compose -f docker-compose.prod.yml up -d h5-web 2>&1 | tail -10
 Container 6b099ed3-7175-4a78-91f4-44570c84ed27-db Running 
 Container 6b099ed3-7175-4a78-91f4-44570c84ed27-backend Running 
 Container 6b099ed3-7175-4a78-91f4-44570c84ed27-h5 Creating 
 Container 6b099ed3-7175-4a78-91f4-44570c84ed27-h5 Created 
 Container 6b099ed3-7175-4a78-91f4-44570c84ed27-db Waiting 
 Container 6b099ed3-7175-4a78-91f4-44570c84ed27-db Healthy 
 Container 6b099ed3-7175-4a78-91f4-44570c84ed27-h5 Starting 
 Container 6b099ed3-7175-4a78-91f4-44570c84ed27-h5 Started 


--- 绛夊緟 h5-web 灏辩华 ---
  [5s] h5-web: running

--- smoke ---
  https://newbb.test.bangbangvip.com/autodev/6b099ed3-7175-4a78-91f4-44570c84ed27/api/openapi.json -> 200
  https://newbb.test.bangbangvip.com/autodev/6b099ed3-7175-4a78-91f4-44570c84ed27/health-profile -> 308
  https://newbb.test.bangbangvip.com/autodev/6b099ed3-7175-4a78-91f4-44570c84ed27/api/family/members -> 401
  https://newbb.test.bangbangvip.com/autodev/6b099ed3-7175-4a78-91f4-44570c84ed27/api/family-archive-v2/members -> 401

--- backend pytest锛堝鍣ㄥ唴锛屾湰娆℃柊澧?6 鐢ㄤ緥 + 鏃㈡湁 V2 10 鐢ㄤ緥锛?---

$ docker exec 6b099ed3-7175-4a78-91f4-44570c84ed27-backend python -m pytest tests/test_health_archive_member_tab_v2_20260519.py tests/test_health_archive_optim_v2_20260518.py -v --tb=short 2>&1 | tail -80
tr = Query("merchant", regex="^(merchant|store)$"),

../usr/local/lib/python3.11/site-packages/pydantic/fields.py:795
  /usr/local/lib/python3.11/site-packages/pydantic/fields.py:795: PydanticDeprecatedSince20: `min_items` is deprecated and will be removed, use `min_length` instead. Deprecated in Pydantic V2.0 to be removed in V3.0. See Pydantic V2 Migration Guide at https://errors.pydantic.dev/2.9/migration/
    warn('`min_items` is deprecated and will be removed, use `min_length` instead', DeprecationWarning)

../usr/local/lib/python3.11/site-packages/pydantic/fields.py:801
  /usr/local/lib/python3.11/site-packages/pydantic/fields.py:801: PydanticDeprecatedSince20: `max_items` is deprecated and will be removed, use `max_length` instead. Deprecated in Pydantic V2.0 to be removed in V3.0. See Pydantic V2 Migration Guide at https://errors.pydantic.dev/2.9/migration/
    warn('`max_items` is deprecated and will be removed, use `max_length` instead', DeprecationWarning)

app/main.py:2007
  /app/app/main.py:2007: DeprecationWarning: 
          on_event is deprecated, use lifespan event handlers instead.
  
          Read more about it in the
          [FastAPI docs for Lifespan Events](https://fastapi.tiangolo.com/advanced/events/).
          
    @app.on_event("startup")

../usr/local/lib/python3.11/site-packages/fastapi/applications.py:4495
../usr/local/lib/python3.11/site-packages/fastapi/applications.py:4495
../usr/local/lib/python3.11/site-packages/fastapi/applications.py:4495
../usr/local/lib/python3.11/site-packages/fastapi/applications.py:4495
  /usr/local/lib/python3.11/site-packages/fastapi/applications.py:4495: DeprecationWarning: 
          on_event is deprecated, use lifespan event handlers instead.
  
          Read more about it in the
          [FastAPI docs for Lifespan Events](https://fastapi.tiangolo.com/advanced/events/).
          
    return self.router.on_event(event_type)

app/main.py:2014
  /app/app/main.py:2014: DeprecationWarning: 
          on_event is deprecated, use lifespan event handlers instead.
  
          Read more about it in the
          [FastAPI docs for Lifespan Events](https://fastapi.tiangolo.com/advanced/events/).
          
    @app.on_event("startup")

app/main.py:2044
  /app/app/main.py:2044: DeprecationWarning: 
          on_event is deprecated, use lifespan event handlers instead.
  
          Read more about it in the
          [FastAPI docs for Lifespan Events](https://fastapi.tiangolo.com/advanced/events/).
          
    @app.on_event("startup")

app/main.py:2063
  /app/app/main.py:2063: DeprecationWarning: 
          on_event is deprecated, use lifespan event handlers instead.
  
          Read more about it in the
          [FastAPI docs for Lifespan Events](https://fastapi.tiangolo.com/advanced/events/).
          
    @app.on_event("startup")

-- Docs: https://docs.pytest.org/en/stable/how-to/capture-warnings.html
======================= 16 passed, 30 warnings in 11.13s =======================

Done.
