Connecting to ubuntu@newbb.test.bangbangvip.com:22...
Connected.

$ cd /home/ubuntu/6b099ed3-7175-4a78-91f4-44570c84ed27 && timeout 180 git fetch origin master --depth 5 --no-tags 2>&1 | tail -10
From https://github.com/ankun-eric/auto_dev_bnbbaijkgj
 * branch            master     -> FETCH_HEAD
   c973696..47b6d86  master     -> origin/master

git fetch ok (attempt 1)

$ cd /home/ubuntu/6b099ed3-7175-4a78-91f4-44570c84ed27 && git reset --hard origin/master 2>&1 | tail -5
HEAD is now at 47b6d86 feat(ai-home-drug-identify-optim): 娴佸紡涓ゆ鎾姤+4妯″潡鍗＄墖+瀵硅瘽鍘嗗彶淇濈暀+鏃跺尯瑙勮寖+瓒呮椂60鍒嗛挓


$ cd /home/ubuntu/6b099ed3-7175-4a78-91f4-44570c84ed27 && git log -1 --oneline
47b6d86 feat(ai-home-drug-identify-optim): 娴佸紡涓ゆ鎾姤+4妯″潡鍗＄墖+瀵硅瘽鍘嗗彶淇濈暀+鏃跺尯瑙勮寖+瓒呮椂60鍒嗛挓


$ cd /home/ubuntu/6b099ed3-7175-4a78-91f4-44570c84ed27 && docker compose -f docker-compose.prod.yml stop backend 2>&1 | tail -3
 Container 6b099ed3-7175-4a78-91f4-44570c84ed27-backend Stopping 
 Container 6b099ed3-7175-4a78-91f4-44570c84ed27-backend Stopped 


$ cd /home/ubuntu/6b099ed3-7175-4a78-91f4-44570c84ed27 && docker compose -f docker-compose.prod.yml rm -f backend 2>&1 | tail -3
Going to remove 6b099ed3-7175-4a78-91f4-44570c84ed27-backend
 Container 6b099ed3-7175-4a78-91f4-44570c84ed27-backend Removing 
 Container 6b099ed3-7175-4a78-91f4-44570c84ed27-backend Removed 

Building backend (may take 2-4 min)...

$ cd /home/ubuntu/6b099ed3-7175-4a78-91f4-44570c84ed27 && docker compose -f docker-compose.prod.yml build backend 2>&1 | tail -40
#4 DONE 0.0s

#5 [1/6] FROM docker.io/library/python:3.11-slim@sha256:9a7765b36773a37061455b332f18e265e7f58f6fea9c419a550d2a8b0e9db834
#5 resolve docker.io/library/python:3.11-slim@sha256:9a7765b36773a37061455b332f18e265e7f58f6fea9c419a550d2a8b0e9db834 0.0s done
#5 DONE 0.0s

#6 [internal] load build context
#6 transferring context: 381.87kB 0.0s done
#6 DONE 0.1s

#7 [2/6] WORKDIR /app
#7 CACHED

#8 [3/6] COPY requirements.txt .
#8 CACHED

#9 [4/6] RUN pip install --no-cache-dir -r requirements.txt -i https://mirrors.cloud.tencent.com/pypi/simple --trusted-host mirrors.cloud.tencent.com --timeout 120
#9 CACHED

#10 [5/6] COPY . .
#10 DONE 0.2s

#11 [6/6] RUN mkdir -p uploads
#11 DONE 0.2s

#12 exporting to image
#12 exporting layers
#12 exporting layers 0.7s done
#12 exporting manifest sha256:afcc6f5ea5987260f7eacfd04016e0962551fc164439e213beed4f3695194da8 0.0s done
#12 exporting config sha256:7f1666b6ed71e286a25994a13453bcb2c5f4fbcf1ab3e84946237dfb96452fbb 0.0s done
#12 exporting attestation manifest sha256:1ee052954a0aa6abca2b00d888153febba5dc80c65cf82714d07383656103a95 0.0s done
#12 exporting manifest list sha256:3c09a5ae0af1f4de21ac1e59ffc6c1dcf267148381ff0166d9140220d28b3b52 done
#12 naming to docker.io/library/6b099ed3-7175-4a78-91f4-44570c84ed27-backend:latest done
#12 unpacking to docker.io/library/6b099ed3-7175-4a78-91f4-44570c84ed27-backend:latest
#12 unpacking to docker.io/library/6b099ed3-7175-4a78-91f4-44570c84ed27-backend:latest 0.2s done
#12 DONE 1.0s

#13 resolving provenance for metadata file
#13 DONE 0.0s
 Image 6b099ed3-7175-4a78-91f4-44570c84ed27-backend Built 


$ cd /home/ubuntu/6b099ed3-7175-4a78-91f4-44570c84ed27 && docker compose -f docker-compose.prod.yml up -d backend 2>&1 | tail -10
 Container 6b099ed3-7175-4a78-91f4-44570c84ed27-db Running 
 Container 6b099ed3-7175-4a78-91f4-44570c84ed27-backend Creating 
 Container 6b099ed3-7175-4a78-91f4-44570c84ed27-backend Created 
 Container 6b099ed3-7175-4a78-91f4-44570c84ed27-db Waiting 
 Container 6b099ed3-7175-4a78-91f4-44570c84ed27-db Healthy 
 Container 6b099ed3-7175-4a78-91f4-44570c84ed27-backend Starting 
 Container 6b099ed3-7175-4a78-91f4-44570c84ed27-backend Started 


$ cd /home/ubuntu/6b099ed3-7175-4a78-91f4-44570c84ed27 && docker compose -f docker-compose.prod.yml stop h5-web 2>&1 | tail -3
 Container 6b099ed3-7175-4a78-91f4-44570c84ed27-h5 Stopping 
 Container 6b099ed3-7175-4a78-91f4-44570c84ed27-h5 Stopped 


$ cd /home/ubuntu/6b099ed3-7175-4a78-91f4-44570c84ed27 && docker compose -f docker-compose.prod.yml rm -f h5-web 2>&1 | tail -3
Going to remove 6b099ed3-7175-4a78-91f4-44570c84ed27-h5
 Container 6b099ed3-7175-4a78-91f4-44570c84ed27-h5 Removing 
 Container 6b099ed3-7175-4a78-91f4-44570c84ed27-h5 Removed 

Building h5-web (may take 3-6 min)...

$ cd /home/ubuntu/6b099ed3-7175-4a78-91f4-44570c84ed27 && docker compose -f docker-compose.prod.yml build h5-web 2>&1 | tail -80
                   2.15 kB         235 kB
#12 87.91 鈹?鈼?/sandbox-pay                               2.15 kB         235 kB
#12 87.91 鈹?鈼?/scan                                      109 kB          319 kB
#12 87.91 鈹?鈼?/search                                    6.37 kB         239 kB
#12 87.91 鈹?鈼?/search/result                             7.33 kB         240 kB
#12 87.91 鈹?鈼?/services                                  5.55 kB         238 kB
#12 87.91 鈹?鈼?/settings                                  6.11 kB         239 kB
#12 87.91 鈹?茠 /shared/chat/[token]                       2.18 kB         235 kB
#12 87.91 鈹?茠 /shared/drug/[token]                       2.52 kB         235 kB
#12 87.91 鈹?茠 /shared/report/[token]                     2.72 kB         235 kB
#12 87.91 鈹?鈼?/symptom                                   9.96 kB         248 kB
#12 87.91 鈹?鈼?/tcm                                       12.1 kB         245 kB
#12 87.91 鈹?鈼?/tcm/archive                               510 B           211 kB
#12 87.91 鈹?茠 /tcm/diagnosis/[id]                        549 B           211 kB
#12 87.91 鈹?鈼?/tcm/loading                               960 B           211 kB
#12 87.91 鈹?茠 /tcm/result/[id]                           9.06 kB         242 kB
#12 87.91 鈹?茠 /unified-order/[id]                        9.98 kB         248 kB
#12 87.91 鈹?鈼?/unified-orders                            4.06 kB         242 kB
#12 87.91 + First Load JS shared by all                  87.6 kB
#12 87.91   鈹?chunks/2117-3615d1923728c5e4.js            31.9 kB
#12 87.91   鈹?chunks/fd9d1056-cde8d1c8f42e1127.js        53.6 kB
#12 87.91   鈹?other shared chunks (total)                2.1 kB
#12 87.91 
#12 87.91 
#12 87.91 鈼? (Static)   prerendered as static content
#12 87.91 茠  (Dynamic)  server-rendered on demand
#12 87.91 
#12 DONE 88.1s

#8 [builder 2/7] WORKDIR /app
#8 CACHED

#13 [runner 3/5] COPY --from=builder /app/.next/standalone ./
#13 DONE 0.4s

#14 [runner 4/5] COPY --from=builder /app/.next/static ./.next/static
#14 DONE 0.2s

#15 [runner 5/5] COPY --from=builder /app/public ./public
#15 DONE 0.1s

#16 exporting to image
#16 exporting layers
#16 exporting layers 3.8s done
#16 exporting manifest sha256:4960c8a20fba89d9029bf6a0c5c468727715d5be76e0c4513a766c310558cae1 0.0s done
#16 exporting config sha256:b0ee8b70b8b82cbd19d0a44b3e63cb8020f4a37d924c182a3c113ab804ce94b3 0.0s done
#16 exporting attestation manifest sha256:ddede43c4baa7ff60dc3d7d617d87e57e6d268d7756963684ee429e7b4fdb5ce 0.0s done
#16 exporting manifest list sha256:4374641b02a4ad4a72e84a7356fa9d03adc454867366f68604e617c15fe5e596 0.0s done
#16 naming to docker.io/library/6b099ed3-7175-4a78-91f4-44570c84ed27-h5-web:latest done
#16 unpacking to docker.io/library/6b099ed3-7175-4a78-91f4-44570c84ed27-h5-web:latest
#16 unpacking to docker.io/library/6b099ed3-7175-4a78-91f4-44570c84ed27-h5-web:latest 1.0s done
#16 DONE 4.9s

#17 resolving provenance for metadata file
#17 DONE 0.0s
 Image 6b099ed3-7175-4a78-91f4-44570c84ed27-h5-web Built 


$ cd /home/ubuntu/6b099ed3-7175-4a78-91f4-44570c84ed27 && docker compose -f docker-compose.prod.yml up -d h5-web 2>&1 | tail -10
 Container 6b099ed3-7175-4a78-91f4-44570c84ed27-db Running 
 Container 6b099ed3-7175-4a78-91f4-44570c84ed27-backend Running 
 Container 6b099ed3-7175-4a78-91f4-44570c84ed27-h5 Creating 
 Container 6b099ed3-7175-4a78-91f4-44570c84ed27-h5 Created 
 Container 6b099ed3-7175-4a78-91f4-44570c84ed27-db Waiting 
 Container 6b099ed3-7175-4a78-91f4-44570c84ed27-db Healthy 
 Container 6b099ed3-7175-4a78-91f4-44570c84ed27-h5 Starting 
 Container 6b099ed3-7175-4a78-91f4-44570c84ed27-h5 Started 


--- Waiting for backend container ---
  [5s] backend: running|
  backend ready.

$ docker network connect 6b099ed3-7175-4a78-91f4-44570c84ed27-network gateway 2>&1
Error response from daemon: endpoint with name gateway already exists in network 6b099ed3-7175-4a78-91f4-44570c84ed27-network


$ docker exec gateway nginx -t 2>&1
nginx: the configuration file /etc/nginx/nginx.conf syntax is ok
nginx: configuration file /etc/nginx/nginx.conf test is successful


$ docker exec gateway nginx -s reload 2>&1
2026/05/16 17:52:54 [notice] 3779#3779: signal process started


$ docker ps --filter name=6b099ed3-7175-4a78-91f4-44570c84ed27 --format 'table {{.Names}}\t{{.Status}}'
NAMES                                          STATUS
6b099ed3-7175-4a78-91f4-44570c84ed27-h5        Up 3 seconds
6b099ed3-7175-4a78-91f4-44570c84ed27-backend   Up About a minute
6b099ed3-7175-4a78-91f4-44570c84ed27-db        Up 15 hours (healthy)
6b099ed3-7175-4a78-91f4-44570c84ed27-admin     Up 24 hours


$ docker exec 6b099ed3-7175-4a78-91f4-44570c84ed27-backend sh -c 'curl -sf http://localhost:8000/api/health || curl -sf http://localhost:8000/health' 2>&1 | head -c 500
sh: 1: curl: not found
sh: 1: curl: not found


--- Running pytest inside backend container ---

$ docker exec 6b099ed3-7175-4a78-91f4-44570c84ed27-backend sh -c 'cd /app && python -m pytest tests/test_ai_home_drug_identify_optim_20260517.py -v --tb=short 2>&1 | tail -80'
/usr/local/bin/python: No module named pytest


--- Probe public URLs via gateway ---

$ curl -s -o /dev/null -w '%{http_code}  http://localhost/autodev/6b099ed3-7175-4a78-91f4-44570c84ed27/\n' 'http://localhost/autodev/6b099ed3-7175-4a78-91f4-44570c84ed27/' ; curl -s -o /dev/null -w '%{http_code}  http://localhost/autodev/6b09...
301  http://localhost/autodev/6b099ed3-7175-4a78-91f4-44570c84ed27/
301  http://localhost/autodev/6b099ed3-7175-4a78-91f4-44570c84ed27/ai-home
301  http://localhost/autodev/6b099ed3-7175-4a78-91f4-44570c84ed27/health-profile
301  http://localhost/autodev/6b099ed3-7175-4a78-91f4-44570c84ed27/api/chat/sessions


[DEPLOY DONE]
