Local base: C:\auto_output\bnbbaijkgj
Connecting to ubuntu@newbb.test.bangbangvip.com:22...
Connected.
  upload: backend/app/api/medication_reminder.py -> /home/ubuntu/6b099ed3-7175-4a78-91f4-44570c84ed27/backend/app/api/medication_reminder.py
  upload: backend/tests/test_aihome_drug_identify_optim_v1_20260518.py -> /home/ubuntu/6b099ed3-7175-4a78-91f4-44570c84ed27/backend/tests/test_aihome_drug_identify_optim_v1_20260518.py
  upload: h5-web/src/app/(ai-chat)/ai-home/components/DrugIdentifyCard.tsx -> /home/ubuntu/6b099ed3-7175-4a78-91f4-44570c84ed27/h5-web/src/app/(ai-chat)/ai-home/components/DrugIdentifyCard.tsx
  upload: h5-web/src/app/(ai-chat)/ai-home/page.tsx -> /home/ubuntu/6b099ed3-7175-4a78-91f4-44570c84ed27/h5-web/src/app/(ai-chat)/ai-home/page.tsx
  upload: h5-web/src/components/ai-chat/ConsultTargetPicker.tsx -> /home/ubuntu/6b099ed3-7175-4a78-91f4-44570c84ed27/h5-web/src/components/ai-chat/ConsultTargetPicker.tsx
  upload: h5-web/src/components/ai-chat/ReminderDrawer.tsx -> /home/ubuntu/6b099ed3-7175-4a78-91f4-44570c84ed27/h5-web/src/components/ai-chat/ReminderDrawer.tsx
compose files: /home/ubuntu/6b099ed3-7175-4a78-91f4-44570c84ed27/docker-compose.prod.yml
/home/ubuntu/6b099ed3-7175-4a78-91f4-44570c84ed27/docker-compose.yml

--- 鍚屾 backend 鏀瑰姩鍒板鍣?---

$ docker cp /home/ubuntu/6b099ed3-7175-4a78-91f4-44570c84ed27/backend/app/api/medication_reminder.py 6b099ed3-7175-4a78-91f4-44570c84ed27-backend:/app/app/api/medication_reminder.py 2>&1

$ docker cp /home/ubuntu/6b099ed3-7175-4a78-91f4-44570c84ed27/backend/tests/test_aihome_drug_identify_optim_v1_20260518.py 6b099ed3-7175-4a78-91f4-44570c84ed27-backend:/app/tests/test_aihome_drug_identify_optim_v1_20260518.py 2>&1

--- 閲嶅惎 backend 瀹瑰櫒锛圥ID 1 鐑敓鏁堟敼鍔級 ---

$ docker restart 6b099ed3-7175-4a78-91f4-44570c84ed27-backend 2>&1 | tail -5
6b099ed3-7175-4a78-91f4-44570c84ed27-backend


--- 绛夊緟 backend 灏辩华 ---
  [3s] backend openapi: 000fail
  [6s] backend openapi: 000fail
  [9s] backend openapi: 000fail
  [12s] backend openapi: 000fail
  [15s] backend openapi: 000fail
  [18s] backend openapi: 000fail
  [21s] backend openapi: 000fail
  [24s] backend openapi: 000fail
  [27s] backend openapi: 000fail
  [30s] backend openapi: 000fail
  [33s] backend openapi: 000fail
  [36s] backend openapi: 000fail
  [39s] backend openapi: 000fail
  [42s] backend openapi: 000fail
  [45s] backend openapi: 000fail
  [48s] backend openapi: 000fail
  [51s] backend openapi: 000fail
  [54s] backend openapi: 000fail
  [57s] backend openapi: 000fail
  [60s] backend openapi: 000fail
  [63s] backend openapi: 000fail
  [66s] backend openapi: 000fail
  [69s] backend openapi: 000fail
  [72s] backend openapi: 000fail
  [75s] backend openapi: 000fail
  [78s] backend openapi: 000fail
  [81s] backend openapi: 000fail
  [84s] backend openapi: 000fail
  [87s] backend openapi: 000fail
  [90s] backend openapi: 000fail
  [93s] backend openapi: 000fail
  [96s] backend openapi: 000fail
  [99s] backend openapi: 000fail
  [102s] backend openapi: 000fail
  [105s] backend openapi: 000fail
  [108s] backend openapi: 000fail
  [111s] backend openapi: 000fail
  [114s] backend openapi: 000fail
  [117s] backend openapi: 000fail
  [120s] backend openapi: 000fail

--- rebuild h5-web ---

$ cd /home/ubuntu/6b099ed3-7175-4a78-91f4-44570c84ed27 && docker compose -f docker-compose.prod.yml stop h5-web 2>&1 | tail -3
 Container 6b099ed3-7175-4a78-91f4-44570c84ed27-h5 Stopping 
 Container 6b099ed3-7175-4a78-91f4-44570c84ed27-h5 Stopped 


$ cd /home/ubuntu/6b099ed3-7175-4a78-91f4-44570c84ed27 && docker compose -f docker-compose.prod.yml rm -f h5-web 2>&1 | tail -3
Going to remove 6b099ed3-7175-4a78-91f4-44570c84ed27-h5
 Container 6b099ed3-7175-4a78-91f4-44570c84ed27-h5 Removing 
 Container 6b099ed3-7175-4a78-91f4-44570c84ed27-h5 Removed 

Building h5-web (5-10 min)...

$ cd /home/ubuntu/6b099ed3-7175-4a78-91f4-44570c84ed27 && docker compose -f docker-compose.prod.yml build h5-web 2>&1 | tail -100
                2.15 kB         235 kB
#12 100.7 鈹?鈼?/sandbox-pay                               2.15 kB         235 kB
#12 100.7 鈹?鈼?/scan                                      109 kB          319 kB
#12 100.7 鈹?鈼?/search                                    6.37 kB         239 kB
#12 100.7 鈹?鈼?/search/result                             7.33 kB         240 kB
#12 100.7 鈹?鈼?/services                                  5.55 kB         238 kB
#12 100.7 鈹?鈼?/settings                                  6.11 kB         239 kB
#12 100.7 鈹?茠 /shared/chat/[token]                       2.51 kB         235 kB
#12 100.7 鈹?茠 /shared/drug/[token]                       2.52 kB         235 kB
#12 100.7 鈹?茠 /shared/report/[token]                     2.72 kB         235 kB
#12 100.7 鈹?鈼?/symptom                                   9.96 kB         248 kB
#12 100.7 鈹?鈼?/tcm                                       12.4 kB         245 kB
#12 100.7 鈹?鈼?/tcm/archive                               510 B           211 kB
#12 100.7 鈹?茠 /tcm/diagnosis/[id]                        549 B           211 kB
#12 100.7 鈹?鈼?/tcm/loading                               960 B           211 kB
#12 100.7 鈹?茠 /tcm/result/[id]                           9.37 kB         242 kB
#12 100.7 鈹?茠 /unified-order/[id]                        9.95 kB         248 kB
#12 100.7 鈹?鈼?/unified-orders                            4.05 kB         242 kB
#12 100.7 + First Load JS shared by all                  87.6 kB
#12 100.7   鈹?chunks/2117-3615d1923728c5e4.js            31.9 kB
#12 100.7   鈹?chunks/fd9d1056-cde8d1c8f42e1127.js        53.6 kB
#12 100.7   鈹?other shared chunks (total)                2.1 kB
#12 100.7 
#12 100.7 
#12 100.7 鈼? (Static)   prerendered as static content
#12 100.7 茠  (Dynamic)  server-rendered on demand
#12 100.7 
#12 DONE 100.9s

#8 [builder 2/7] WORKDIR /app
#8 CACHED

#13 [runner 3/5] COPY --from=builder /app/.next/standalone ./
#13 DONE 0.6s

#14 [runner 4/5] COPY --from=builder /app/.next/static ./.next/static
#14 DONE 0.1s

#15 [runner 5/5] COPY --from=builder /app/public ./public
#15 DONE 0.3s

#16 exporting to image
#16 exporting layers
#16 exporting layers 10.7s done
#16 exporting manifest sha256:cd96cd919ee73a96cc4a9dc537dd7e04bb68ae0fbabb22769e7f5a591aeb3d54 0.0s done
#16 exporting config sha256:105f541f6c94365e64814ca7459c4306a9a5ec2648fdcfab137ffbade14968d9 0.0s done
#16 exporting attestation manifest sha256:fc7c9213688713edf2db91b71e40018deb0f9b1590ed455a9de6a3ed29e0db88 0.0s done
#16 exporting manifest list sha256:2f27ca08adce44a808f0529f21a2d99ca6a16952e31c76a6dcc01fc26e0ed5df 0.0s done
#16 naming to docker.io/library/6b099ed3-7175-4a78-91f4-44570c84ed27-h5-web:latest done
#16 unpacking to docker.io/library/6b099ed3-7175-4a78-91f4-44570c84ed27-h5-web:latest
#16 unpacking to docker.io/library/6b099ed3-7175-4a78-91f4-44570c84ed27-h5-web:latest 2.0s done
#16 DONE 12.7s

#17 resolving provenance for metadata file
#17 DONE 0.0s
 Image 6b099ed3-7175-4a78-91f4-44570c84ed27-h5-web Built 


$ cd /home/ubuntu/6b099ed3-7175-4a78-91f4-44570c84ed27 && docker compose -f docker-compose.prod.yml up -d h5-web 2>&1 | tail -10
 Container 6b099ed3-7175-4a78-91f4-44570c84ed27-db Running 
 Container 6b099ed3-7175-4a78-91f4-44570c84ed27-backend Running 
 Container 6b099ed3-7175-4a78-91f4-44570c84ed27-h5 Creating 
 Container 6b099ed3-7175-4a78-91f4-44570c84ed27-h5 Created 
 Container 6b099ed3-7175-4a78-91f4-44570c84ed27-db Waiting 
 Container 6b099ed3-7175-4a78-91f4-44570c84ed27-db Healthy 
 Container 6b099ed3-7175-4a78-91f4-44570c84ed27-h5 Starting 
 Container 6b099ed3-7175-4a78-91f4-44570c84ed27-h5 Started 


--- 绛夊緟 h5-web 灏辩华 ---
  [5s] h5-web: running
  h5-web ready.

--- smoke 娴嬭瘯 ---
  https://newbb.test.bangbangvip.com/autodev/6b099ed3-7175-4a78-91f4-44570c84ed27/api/openapi.json -> 200
  https://newbb.test.bangbangvip.com/autodev/6b099ed3-7175-4a78-91f4-44570c84ed27/ai-home -> 308
  https://newbb.test.bangbangvip.com/autodev/6b099ed3-7175-4a78-91f4-44570c84ed27/api/medication-reminder/today?consultant_id=1 -> 401

--- backend pytest锛堝鍣ㄥ唴锛?---

$ docker exec 6b099ed3-7175-4a78-91f4-44570c84ed27-backend python -m pytest tests/test_aihome_drug_identify_optim_v1_20260518.py -v --tb=short 2>&1 | tail -80
tr = Query("merchant", regex="^(merchant|store)$"),

../usr/local/lib/python3.11/site-packages/pydantic/fields.py:795
  /usr/local/lib/python3.11/site-packages/pydantic/fields.py:795: PydanticDeprecatedSince20: `min_items` is deprecated and will be removed, use `min_length` instead. Deprecated in Pydantic V2.0 to be removed in V3.0. See Pydantic V2 Migration Guide at https://errors.pydantic.dev/2.9/migration/
    warn('`min_items` is deprecated and will be removed, use `min_length` instead', DeprecationWarning)

../usr/local/lib/python3.11/site-packages/pydantic/fields.py:801
  /usr/local/lib/python3.11/site-packages/pydantic/fields.py:801: PydanticDeprecatedSince20: `max_items` is deprecated and will be removed, use `max_length` instead. Deprecated in Pydantic V2.0 to be removed in V3.0. See Pydantic V2 Migration Guide at https://errors.pydantic.dev/2.9/migration/
    warn('`max_items` is deprecated and will be removed, use `max_length` instead', DeprecationWarning)

app/main.py:2001
  /app/app/main.py:2001: DeprecationWarning: 
          on_event is deprecated, use lifespan event handlers instead.
  
          Read more about it in the
          [FastAPI docs for Lifespan Events](https://fastapi.tiangolo.com/advanced/events/).
          
    @app.on_event("startup")

../usr/local/lib/python3.11/site-packages/fastapi/applications.py:4495
../usr/local/lib/python3.11/site-packages/fastapi/applications.py:4495
../usr/local/lib/python3.11/site-packages/fastapi/applications.py:4495
../usr/local/lib/python3.11/site-packages/fastapi/applications.py:4495
  /usr/local/lib/python3.11/site-packages/fastapi/applications.py:4495: DeprecationWarning: 
          on_event is deprecated, use lifespan event handlers instead.
  
          Read more about it in the
          [FastAPI docs for Lifespan Events](https://fastapi.tiangolo.com/advanced/events/).
          
    return self.router.on_event(event_type)

app/main.py:2008
  /app/app/main.py:2008: DeprecationWarning: 
          on_event is deprecated, use lifespan event handlers instead.
  
          Read more about it in the
          [FastAPI docs for Lifespan Events](https://fastapi.tiangolo.com/advanced/events/).
          
    @app.on_event("startup")

app/main.py:2038
  /app/app/main.py:2038: DeprecationWarning: 
          on_event is deprecated, use lifespan event handlers instead.
  
          Read more about it in the
          [FastAPI docs for Lifespan Events](https://fastapi.tiangolo.com/advanced/events/).
          
    @app.on_event("startup")

app/main.py:2057
  /app/app/main.py:2057: DeprecationWarning: 
          on_event is deprecated, use lifespan event handlers instead.
  
          Read more about it in the
          [FastAPI docs for Lifespan Events](https://fastapi.tiangolo.com/advanced/events/).
          
    @app.on_event("startup")

-- Docs: https://docs.pytest.org/en/stable/how-to/capture-warnings.html
======================== 7 passed, 30 warnings in 4.14s ========================

Done.
