Local base: C:\auto_output\bnbbaijkgj
Connecting to ubuntu@newbb.test.bangbangvip.com:22...
Connected.
  upload: backend/app/models/models.py -> /home/ubuntu/6b099ed3-7175-4a78-91f4-44570c84ed27/backend/app/models/models.py
  upload: backend/app/services/schema_sync.py -> /home/ubuntu/6b099ed3-7175-4a78-91f4-44570c84ed27/backend/app/services/schema_sync.py
  upload: backend/app/api/health_archive_optim_v2.py -> /home/ubuntu/6b099ed3-7175-4a78-91f4-44570c84ed27/backend/app/api/health_archive_optim_v2.py
  upload: backend/app/main.py -> /home/ubuntu/6b099ed3-7175-4a78-91f4-44570c84ed27/backend/app/main.py
  upload: backend/tests/test_health_archive_optim_v2_20260518.py -> /home/ubuntu/6b099ed3-7175-4a78-91f4-44570c84ed27/backend/tests/test_health_archive_optim_v2_20260518.py
  upload: h5-web/src/app/health-profile/page.tsx -> /home/ubuntu/6b099ed3-7175-4a78-91f4-44570c84ed27/h5-web/src/app/health-profile/page.tsx
  upload: h5-web/src/app/family/page.tsx -> /home/ubuntu/6b099ed3-7175-4a78-91f4-44570c84ed27/h5-web/src/app/family/page.tsx
  upload: h5-web/src/app/devices/member/page.tsx -> /home/ubuntu/6b099ed3-7175-4a78-91f4-44570c84ed27/h5-web/src/app/devices/member/page.tsx
compose files: /home/ubuntu/6b099ed3-7175-4a78-91f4-44570c84ed27/docker-compose.prod.yml
/home/ubuntu/6b099ed3-7175-4a78-91f4-44570c84ed27/docker-compose.yml

--- 鍚屾 backend 鏀瑰姩鍒板鍣?---

--- 閲嶅惎 backend ---

$ docker restart 6b099ed3-7175-4a78-91f4-44570c84ed27-backend 2>&1 | tail -5
6b099ed3-7175-4a78-91f4-44570c84ed27-backend


--- 绛夊緟 backend 灏辩华 ---
  [3s] backend openapi: 000fail
  [6s] backend openapi: 000fail
  [9s] backend openapi: 000fail
  [12s] backend openapi: 000fail
  [15s] backend openapi: 000fail
  [18s] backend openapi: 000fail
  [21s] backend openapi: 000fail
  [24s] backend openapi: 000fail
  [27s] backend openapi: 000fail
  [30s] backend openapi: 000fail
  [33s] backend openapi: 000fail
  [36s] backend openapi: 000fail
  [39s] backend openapi: 000fail
  [42s] backend openapi: 000fail
  [45s] backend openapi: 000fail
  [48s] backend openapi: 000fail
  [51s] backend openapi: 000fail
  [54s] backend openapi: 000fail
  [57s] backend openapi: 000fail
  [60s] backend openapi: 000fail
  [63s] backend openapi: 000fail
  [66s] backend openapi: 000fail
  [69s] backend openapi: 000fail
  [72s] backend openapi: 000fail
  [75s] backend openapi: 000fail
  [78s] backend openapi: 000fail
  [81s] backend openapi: 000fail
  [84s] backend openapi: 000fail
  [87s] backend openapi: 000fail
  [90s] backend openapi: 000fail
  [93s] backend openapi: 000fail
  [96s] backend openapi: 000fail
  [99s] backend openapi: 000fail
  [102s] backend openapi: 000fail
  [105s] backend openapi: 000fail
  [108s] backend openapi: 000fail
  [111s] backend openapi: 000fail
  [114s] backend openapi: 000fail
  [117s] backend openapi: 000fail
  [120s] backend openapi: 000fail

--- rebuild h5-web ---

$ cd /home/ubuntu/6b099ed3-7175-4a78-91f4-44570c84ed27 && docker compose -f docker-compose.prod.yml stop h5-web 2>&1 | tail -3
 Container 6b099ed3-7175-4a78-91f4-44570c84ed27-h5 Stopping 
 Container 6b099ed3-7175-4a78-91f4-44570c84ed27-h5 Stopped 


$ cd /home/ubuntu/6b099ed3-7175-4a78-91f4-44570c84ed27 && docker compose -f docker-compose.prod.yml rm -f h5-web 2>&1 | tail -3
Going to remove 6b099ed3-7175-4a78-91f4-44570c84ed27-h5
 Container 6b099ed3-7175-4a78-91f4-44570c84ed27-h5 Removing 
 Container 6b099ed3-7175-4a78-91f4-44570c84ed27-h5 Removed 


$ cd /home/ubuntu/6b099ed3-7175-4a78-91f4-44570c84ed27 && docker compose -f docker-compose.prod.yml build h5-web 2>&1 | tail -100
  2.15 kB         235 kB
#12 94.40 鈹?鈼?/scan                                      109 kB          319 kB
#12 94.40 鈹?鈼?/search                                    6.37 kB         239 kB
#12 94.40 鈹?鈼?/search/result                             7.33 kB         240 kB
#12 94.40 鈹?鈼?/services                                  5.55 kB         238 kB
#12 94.40 鈹?鈼?/settings                                  6.11 kB         239 kB
#12 94.40 鈹?茠 /shared/chat/[token]                       2.51 kB         235 kB
#12 94.40 鈹?茠 /shared/drug/[token]                       2.52 kB         235 kB
#12 94.40 鈹?茠 /shared/report/[token]                     2.72 kB         235 kB
#12 94.40 鈹?鈼?/symptom                                   9.96 kB         248 kB
#12 94.40 鈹?鈼?/tcm                                       12.4 kB         245 kB
#12 94.40 鈹?鈼?/tcm/archive                               510 B           211 kB
#12 94.40 鈹?茠 /tcm/diagnosis/[id]                        549 B           211 kB
#12 94.40 鈹?鈼?/tcm/loading                               960 B           211 kB
#12 94.40 鈹?茠 /tcm/result/[id]                           9.37 kB         242 kB
#12 94.40 鈹?茠 /unified-order/[id]                        9.95 kB         248 kB
#12 94.40 鈹?鈼?/unified-orders                            4.05 kB         242 kB
#12 94.40 + First Load JS shared by all                  87.6 kB
#12 94.40   鈹?chunks/2117-3615d1923728c5e4.js            31.9 kB
#12 94.40   鈹?chunks/fd9d1056-cde8d1c8f42e1127.js        53.6 kB
#12 94.40   鈹?other shared chunks (total)                2.1 kB
#12 94.40 
#12 94.40 
#12 94.40 鈼? (Static)   prerendered as static content
#12 94.40 茠  (Dynamic)  server-rendered on demand
#12 94.40 
#12 DONE 94.5s

#7 [builder 2/7] WORKDIR /app
#7 CACHED

#13 [runner 3/5] COPY --from=builder /app/.next/standalone ./
#13 DONE 0.5s

#14 [runner 4/5] COPY --from=builder /app/.next/static ./.next/static
#14 DONE 0.2s

#15 [runner 5/5] COPY --from=builder /app/public ./public
#15 DONE 0.4s

#16 exporting to image
#16 exporting layers
#16 exporting layers 11.1s done
#16 exporting manifest sha256:2be1eb1e282db2cc41847c089064130bef542d718a74676fe3fabf849ba23f86
#16 exporting manifest sha256:2be1eb1e282db2cc41847c089064130bef542d718a74676fe3fabf849ba23f86 0.0s done
#16 exporting config sha256:f1fca9da255a3bd1ef96f2a75691a0d91e5016514539eca4bf4d4955ba7addd6 0.0s done
#16 exporting attestation manifest sha256:c257d402ba87dac1b2bc12fef6aedda2b53e4742bc29cbbbfc442271359bc018 0.0s done
#16 exporting manifest list sha256:08730eb132f00ecfcc4e4eb11c6642364214cb6acf83ded0ab016fee674f173c 0.0s done
#16 naming to docker.io/library/6b099ed3-7175-4a78-91f4-44570c84ed27-h5-web:latest done
#16 unpacking to docker.io/library/6b099ed3-7175-4a78-91f4-44570c84ed27-h5-web:latest
#16 unpacking to docker.io/library/6b099ed3-7175-4a78-91f4-44570c84ed27-h5-web:latest 2.0s done
#16 DONE 13.3s

#17 resolving provenance for metadata file
#17 DONE 0.0s
 Image 6b099ed3-7175-4a78-91f4-44570c84ed27-h5-web Built 


$ cd /home/ubuntu/6b099ed3-7175-4a78-91f4-44570c84ed27 && docker compose -f docker-compose.prod.yml up -d h5-web 2>&1 | tail -10
 Container 6b099ed3-7175-4a78-91f4-44570c84ed27-db Running 
 Container 6b099ed3-7175-4a78-91f4-44570c84ed27-backend Running 
 Container 6b099ed3-7175-4a78-91f4-44570c84ed27-h5 Creating 
 Container 6b099ed3-7175-4a78-91f4-44570c84ed27-h5 Created 
 Container 6b099ed3-7175-4a78-91f4-44570c84ed27-db Waiting 
 Container 6b099ed3-7175-4a78-91f4-44570c84ed27-db Healthy 
 Container 6b099ed3-7175-4a78-91f4-44570c84ed27-h5 Starting 
 Container 6b099ed3-7175-4a78-91f4-44570c84ed27-h5 Started 


--- 绛夊緟 h5-web 灏辩华 ---
  [5s] h5-web: running

--- smoke ---
  https://newbb.test.bangbangvip.com/autodev/6b099ed3-7175-4a78-91f4-44570c84ed27/api/openapi.json -> 200
  https://newbb.test.bangbangvip.com/autodev/6b099ed3-7175-4a78-91f4-44570c84ed27/health-profile -> 308
  https://newbb.test.bangbangvip.com/autodev/6b099ed3-7175-4a78-91f4-44570c84ed27/family -> 308
  https://newbb.test.bangbangvip.com/autodev/6b099ed3-7175-4a78-91f4-44570c84ed27/devices/member?member_id=1 -> 308
  https://newbb.test.bangbangvip.com/autodev/6b099ed3-7175-4a78-91f4-44570c84ed27/api/family-archive-v2/members -> 401
  https://newbb.test.bangbangvip.com/autodev/6b099ed3-7175-4a78-91f4-44570c84ed27/api/family-archive-v2/hero-counts -> 401

--- backend pytest锛堝鍣ㄥ唴锛?---

$ docker exec 6b099ed3-7175-4a78-91f4-44570c84ed27-backend python -m pytest tests/test_health_archive_optim_v2_20260518.py -v --tb=short 2>&1 | tail -80
tr = Query("merchant", regex="^(merchant|store)$"),

../usr/local/lib/python3.11/site-packages/pydantic/fields.py:795
  /usr/local/lib/python3.11/site-packages/pydantic/fields.py:795: PydanticDeprecatedSince20: `min_items` is deprecated and will be removed, use `min_length` instead. Deprecated in Pydantic V2.0 to be removed in V3.0. See Pydantic V2 Migration Guide at https://errors.pydantic.dev/2.9/migration/
    warn('`min_items` is deprecated and will be removed, use `min_length` instead', DeprecationWarning)

../usr/local/lib/python3.11/site-packages/pydantic/fields.py:801
  /usr/local/lib/python3.11/site-packages/pydantic/fields.py:801: PydanticDeprecatedSince20: `max_items` is deprecated and will be removed, use `max_length` instead. Deprecated in Pydantic V2.0 to be removed in V3.0. See Pydantic V2 Migration Guide at https://errors.pydantic.dev/2.9/migration/
    warn('`max_items` is deprecated and will be removed, use `max_length` instead', DeprecationWarning)

app/main.py:2004
  /app/app/main.py:2004: DeprecationWarning: 
          on_event is deprecated, use lifespan event handlers instead.
  
          Read more about it in the
          [FastAPI docs for Lifespan Events](https://fastapi.tiangolo.com/advanced/events/).
          
    @app.on_event("startup")

../usr/local/lib/python3.11/site-packages/fastapi/applications.py:4495
../usr/local/lib/python3.11/site-packages/fastapi/applications.py:4495
../usr/local/lib/python3.11/site-packages/fastapi/applications.py:4495
../usr/local/lib/python3.11/site-packages/fastapi/applications.py:4495
  /usr/local/lib/python3.11/site-packages/fastapi/applications.py:4495: DeprecationWarning: 
          on_event is deprecated, use lifespan event handlers instead.
  
          Read more about it in the
          [FastAPI docs for Lifespan Events](https://fastapi.tiangolo.com/advanced/events/).
          
    return self.router.on_event(event_type)

app/main.py:2011
  /app/app/main.py:2011: DeprecationWarning: 
          on_event is deprecated, use lifespan event handlers instead.
  
          Read more about it in the
          [FastAPI docs for Lifespan Events](https://fastapi.tiangolo.com/advanced/events/).
          
    @app.on_event("startup")

app/main.py:2041
  /app/app/main.py:2041: DeprecationWarning: 
          on_event is deprecated, use lifespan event handlers instead.
  
          Read more about it in the
          [FastAPI docs for Lifespan Events](https://fastapi.tiangolo.com/advanced/events/).
          
    @app.on_event("startup")

app/main.py:2060
  /app/app/main.py:2060: DeprecationWarning: 
          on_event is deprecated, use lifespan event handlers instead.
  
          Read more about it in the
          [FastAPI docs for Lifespan Events](https://fastapi.tiangolo.com/advanced/events/).
          
    @app.on_event("startup")

-- Docs: https://docs.pytest.org/en/stable/how-to/capture-warnings.html
======================= 10 passed, 30 warnings in 6.64s ========================

Done.
