Local base: C:\auto_output\bnbbaijkgj
Connecting to ubuntu@newbb.test.bangbangvip.com:22...
Connected.
  upload: h5-web/src/lib/family-relation.ts -> /home/ubuntu/6b099ed3-7175-4a78-91f4-44570c84ed27/h5-web/src/lib/family-relation.ts
  upload: h5-web/src/components/family/MemberBadge.tsx -> /home/ubuntu/6b099ed3-7175-4a78-91f4-44570c84ed27/h5-web/src/components/family/MemberBadge.tsx
  upload: h5-web/src/components/health-profile-v5/NewFamilyMemberModal.tsx -> /home/ubuntu/6b099ed3-7175-4a78-91f4-44570c84ed27/h5-web/src/components/health-profile-v5/NewFamilyMemberModal.tsx
  upload: h5-web/src/components/ai-chat/ConsultTargetPicker.tsx -> /home/ubuntu/6b099ed3-7175-4a78-91f4-44570c84ed27/h5-web/src/components/ai-chat/ConsultTargetPicker.tsx
  upload: h5-web/src/app/health-profile/page.tsx -> /home/ubuntu/6b099ed3-7175-4a78-91f4-44570c84ed27/h5-web/src/app/health-profile/page.tsx
  upload: miniprogram/app.json -> /home/ubuntu/6b099ed3-7175-4a78-91f4-44570c84ed27/miniprogram/app.json
  upload: miniprogram/pages/family-member-add/index.json -> /home/ubuntu/6b099ed3-7175-4a78-91f4-44570c84ed27/miniprogram/pages/family-member-add/index.json
  upload: miniprogram/pages/family-member-add/index.js -> /home/ubuntu/6b099ed3-7175-4a78-91f4-44570c84ed27/miniprogram/pages/family-member-add/index.js
  upload: miniprogram/pages/family-member-add/index.wxml -> /home/ubuntu/6b099ed3-7175-4a78-91f4-44570c84ed27/miniprogram/pages/family-member-add/index.wxml
  upload: miniprogram/pages/family-member-add/index.wxss -> /home/ubuntu/6b099ed3-7175-4a78-91f4-44570c84ed27/miniprogram/pages/family-member-add/index.wxss
  upload: backend/tests/test_family_member_v2_20260518.py -> /home/ubuntu/6b099ed3-7175-4a78-91f4-44570c84ed27/backend/tests/test_family_member_v2_20260518.py
compose files: /home/ubuntu/6b099ed3-7175-4a78-91f4-44570c84ed27/docker-compose.prod.yml
/home/ubuntu/6b099ed3-7175-4a78-91f4-44570c84ed27/docker-compose.yml

--- 鍚屾 backend 娴嬭瘯鏂囦欢鍒板鍣?---

$ docker cp /home/ubuntu/6b099ed3-7175-4a78-91f4-44570c84ed27/backend/tests/test_family_member_v2_20260518.py 6b099ed3-7175-4a78-91f4-44570c84ed27-backend:/app/tests/test_family_member_v2_20260518.py 2>&1

--- rebuild h5-web ---

$ cd /home/ubuntu/6b099ed3-7175-4a78-91f4-44570c84ed27 && docker compose -f docker-compose.prod.yml stop h5-web 2>&1 | tail -3
 Container 6b099ed3-7175-4a78-91f4-44570c84ed27-h5 Stopping 
 Container 6b099ed3-7175-4a78-91f4-44570c84ed27-h5 Stopped 


$ cd /home/ubuntu/6b099ed3-7175-4a78-91f4-44570c84ed27 && docker compose -f docker-compose.prod.yml rm -f h5-web 2>&1 | tail -3
Going to remove 6b099ed3-7175-4a78-91f4-44570c84ed27-h5
 Container 6b099ed3-7175-4a78-91f4-44570c84ed27-h5 Removing 
 Container 6b099ed3-7175-4a78-91f4-44570c84ed27-h5 Removed 

Building h5-web (5-10 min)...

$ cd /home/ubuntu/6b099ed3-7175-4a78-91f4-44570c84ed27 && docker compose -f docker-compose.prod.yml build h5-web 2>&1 | tail -100
                 2.15 kB         235 kB
#12 91.86 鈹?鈼?/sandbox-pay                               2.15 kB         235 kB
#12 91.86 鈹?鈼?/scan                                      109 kB          319 kB
#12 91.86 鈹?鈼?/search                                    6.37 kB         239 kB
#12 91.86 鈹?鈼?/search/result                             7.33 kB         240 kB
#12 91.86 鈹?鈼?/services                                  5.55 kB         238 kB
#12 91.86 鈹?鈼?/settings                                  6.11 kB         239 kB
#12 91.86 鈹?茠 /shared/chat/[token]                       2.51 kB         235 kB
#12 91.86 鈹?茠 /shared/drug/[token]                       2.52 kB         235 kB
#12 91.86 鈹?茠 /shared/report/[token]                     2.72 kB         235 kB
#12 91.86 鈹?鈼?/symptom                                   9.96 kB         248 kB
#12 91.86 鈹?鈼?/tcm                                       12.4 kB         245 kB
#12 91.86 鈹?鈼?/tcm/archive                               510 B           211 kB
#12 91.86 鈹?茠 /tcm/diagnosis/[id]                        549 B           211 kB
#12 91.86 鈹?鈼?/tcm/loading                               960 B           211 kB
#12 91.86 鈹?茠 /tcm/result/[id]                           9.37 kB         242 kB
#12 91.86 鈹?茠 /unified-order/[id]                        9.95 kB         248 kB
#12 91.86 鈹?鈼?/unified-orders                            4.05 kB         242 kB
#12 91.86 + First Load JS shared by all                  87.6 kB
#12 91.86   鈹?chunks/2117-3615d1923728c5e4.js            31.9 kB
#12 91.86   鈹?chunks/fd9d1056-cde8d1c8f42e1127.js        53.6 kB
#12 91.86   鈹?other shared chunks (total)                2.1 kB
#12 91.86 
#12 91.86 
#12 91.86 鈼? (Static)   prerendered as static content
#12 91.86 茠  (Dynamic)  server-rendered on demand
#12 91.86 
#12 DONE 92.0s

#8 [builder 2/7] WORKDIR /app
#8 CACHED

#13 [runner 3/5] COPY --from=builder /app/.next/standalone ./
#13 DONE 0.4s

#14 [runner 4/5] COPY --from=builder /app/.next/static ./.next/static
#14 DONE 0.1s

#15 [runner 5/5] COPY --from=builder /app/public ./public
#15 DONE 4.2s

#16 exporting to image
#16 exporting layers
#16 exporting layers 10.6s done
#16 exporting manifest sha256:bed8a041072088805342b0402e8fa775d88dff7995744ded99ad123d24e619ed 0.0s done
#16 exporting config sha256:2f14872a8188742b2e9e55df9c26077b677f5aa64dcbfad9c44b6fa63c79c703 0.0s done
#16 exporting attestation manifest sha256:e6317be41cfccec2b5d386a7f69910763f73d4d619b075646304233e3893b38e 0.0s done
#16 exporting manifest list sha256:d2dfa74618984f6b457dd41861d95d5c8a9dd87b36ac6e423bb406766f3c27ba 0.0s done
#16 naming to docker.io/library/6b099ed3-7175-4a78-91f4-44570c84ed27-h5-web:latest done
#16 unpacking to docker.io/library/6b099ed3-7175-4a78-91f4-44570c84ed27-h5-web:latest
#16 unpacking to docker.io/library/6b099ed3-7175-4a78-91f4-44570c84ed27-h5-web:latest 2.0s done
#16 DONE 12.7s

#17 resolving provenance for metadata file
#17 DONE 0.4s
 Image 6b099ed3-7175-4a78-91f4-44570c84ed27-h5-web Built 


$ cd /home/ubuntu/6b099ed3-7175-4a78-91f4-44570c84ed27 && docker compose -f docker-compose.prod.yml up -d h5-web 2>&1 | tail -10
 Container 6b099ed3-7175-4a78-91f4-44570c84ed27-db Running 
 Container 6b099ed3-7175-4a78-91f4-44570c84ed27-backend Running 
 Container 6b099ed3-7175-4a78-91f4-44570c84ed27-h5 Creating 
 Container 6b099ed3-7175-4a78-91f4-44570c84ed27-h5 Created 
 Container 6b099ed3-7175-4a78-91f4-44570c84ed27-db Waiting 
 Container 6b099ed3-7175-4a78-91f4-44570c84ed27-db Healthy 
 Container 6b099ed3-7175-4a78-91f4-44570c84ed27-h5 Starting 
 Container 6b099ed3-7175-4a78-91f4-44570c84ed27-h5 Started 


--- 绛夊緟 h5-web 灏辩华 ---
  [5s] h5-web: running
  h5-web ready.

--- smoke 娴嬭瘯 ---
  https://newbb.test.bangbangvip.com/autodev/6b099ed3-7175-4a78-91f4-44570c84ed27/api/openapi.json -> 200
  https://newbb.test.bangbangvip.com/autodev/6b099ed3-7175-4a78-91f4-44570c84ed27/ai-home -> 308
  https://newbb.test.bangbangvip.com/autodev/6b099ed3-7175-4a78-91f4-44570c84ed27/health-profile -> 308
Done.
