Local base: C:\auto_output\bnbbaijkgj
Connecting to ubuntu@newbb.test.bangbangvip.com:22...
Connected.
  upload: backend/app/models/models.py -> /home/ubuntu/6b099ed3-7175-4a78-91f4-44570c84ed27/backend/app/models/models.py
  upload: backend/app/services/schema_sync.py -> /home/ubuntu/6b099ed3-7175-4a78-91f4-44570c84ed27/backend/app/services/schema_sync.py
  upload: backend/app/api/chat_history.py -> /home/ubuntu/6b099ed3-7175-4a78-91f4-44570c84ed27/backend/app/api/chat_history.py
  upload: backend/app/api/chat.py -> /home/ubuntu/6b099ed3-7175-4a78-91f4-44570c84ed27/backend/app/api/chat.py
  upload: backend/app/schemas/chat.py -> /home/ubuntu/6b099ed3-7175-4a78-91f4-44570c84ed27/backend/app/schemas/chat.py
  upload: backend/app/schemas/chat_history.py -> /home/ubuntu/6b099ed3-7175-4a78-91f4-44570c84ed27/backend/app/schemas/chat_history.py
  upload: backend/tests/test_ai_home_idle_archive_v1_20260519.py -> /home/ubuntu/6b099ed3-7175-4a78-91f4-44570c84ed27/backend/tests/test_ai_home_idle_archive_v1_20260519.py
  upload: backend/tests/test_bug461_drawer_history.py -> /home/ubuntu/6b099ed3-7175-4a78-91f4-44570c84ed27/backend/tests/test_bug461_drawer_history.py
  upload: h5-web/src/app/(ai-chat)/ai-home/page.tsx -> /home/ubuntu/6b099ed3-7175-4a78-91f4-44570c84ed27/h5-web/src/app/(ai-chat)/ai-home/page.tsx
  upload: h5-web/src/components/ai-chat/Sidebar.tsx -> /home/ubuntu/6b099ed3-7175-4a78-91f4-44570c84ed27/h5-web/src/components/ai-chat/Sidebar.tsx
compose files: /home/ubuntu/6b099ed3-7175-4a78-91f4-44570c84ed27/docker-compose.prod.yml
/home/ubuntu/6b099ed3-7175-4a78-91f4-44570c84ed27/docker-compose.yml

--- 鍚屾 backend 鏀瑰姩鍒板鍣?---

--- 閲嶅惎 backend锛堣Е鍙?schema_sync 杩佺Щ锛?---

$ docker restart 6b099ed3-7175-4a78-91f4-44570c84ed27-backend 2>&1 | tail -5
6b099ed3-7175-4a78-91f4-44570c84ed27-backend


--- 绛夊緟 backend 灏辩华 ---
  [3s] backend openapi: 000fail
  [6s] backend openapi: 000fail
  [9s] backend openapi: 000fail
  [12s] backend openapi: 000fail
  [15s] backend openapi: 000fail
  [18s] backend openapi: 000fail
  [21s] backend openapi: 000fail
  [24s] backend openapi: 000fail
  [27s] backend openapi: 000fail
  [30s] backend openapi: 000fail
  [33s] backend openapi: 000fail
  [36s] backend openapi: 000fail
  [39s] backend openapi: 000fail
  [42s] backend openapi: 000fail
  [45s] backend openapi: 000fail
  [48s] backend openapi: 000fail
  [51s] backend openapi: 000fail
  [54s] backend openapi: 000fail
  [57s] backend openapi: 000fail
  [60s] backend openapi: 000fail
  [63s] backend openapi: 000fail
  [66s] backend openapi: 000fail
  [69s] backend openapi: 000fail
  [72s] backend openapi: 000fail
  [75s] backend openapi: 000fail
  [78s] backend openapi: 000fail
  [81s] backend openapi: 000fail
  [84s] backend openapi: 000fail
  [87s] backend openapi: 000fail
  [90s] backend openapi: 000fail
  [93s] backend openapi: 000fail
  [96s] backend openapi: 000fail
  [99s] backend openapi: 000fail
  [102s] backend openapi: 000fail
  [105s] backend openapi: 000fail
  [108s] backend openapi: 000fail
  [111s] backend openapi: 000fail
  [114s] backend openapi: 000fail
  [117s] backend openapi: 000fail
  [120s] backend openapi: 000fail
  [123s] backend openapi: 000fail
  [126s] backend openapi: 000fail
  [129s] backend openapi: 000fail
  [132s] backend openapi: 000fail
  [135s] backend openapi: 000fail
  [138s] backend openapi: 000fail
  [141s] backend openapi: 000fail
  [144s] backend openapi: 000fail
  [147s] backend openapi: 000fail
  [150s] backend openapi: 000fail
  [153s] backend openapi: 000fail
  [156s] backend openapi: 000fail
  [159s] backend openapi: 000fail
  [162s] backend openapi: 000fail
  [165s] backend openapi: 000fail
  [168s] backend openapi: 000fail
  [171s] backend openapi: 000fail
  [174s] backend openapi: 000fail
  [177s] backend openapi: 000fail
  [180s] backend openapi: 000fail
WARN: backend not ready within timeout

--- rebuild h5-web ---

$ cd /home/ubuntu/6b099ed3-7175-4a78-91f4-44570c84ed27 && docker compose -f docker-compose.prod.yml stop h5-web 2>&1 | tail -3
 Container 6b099ed3-7175-4a78-91f4-44570c84ed27-h5 Stopping 
 Container 6b099ed3-7175-4a78-91f4-44570c84ed27-h5 Stopped 


$ cd /home/ubuntu/6b099ed3-7175-4a78-91f4-44570c84ed27 && docker compose -f docker-compose.prod.yml rm -f h5-web 2>&1 | tail -3
Going to remove 6b099ed3-7175-4a78-91f4-44570c84ed27-h5
 Container 6b099ed3-7175-4a78-91f4-44570c84ed27-h5 Removing 
 Container 6b099ed3-7175-4a78-91f4-44570c84ed27-h5 Removed 


$ cd /home/ubuntu/6b099ed3-7175-4a78-91f4-44570c84ed27 && docker compose -f docker-compose.prod.yml build h5-web 2>&1 | tail -120
                 2.15 kB         235 kB
#12 91.03 鈹?鈼?/sandbox-pay                               2.15 kB         235 kB
#12 91.03 鈹?鈼?/scan                                      109 kB          319 kB
#12 91.03 鈹?鈼?/search                                    6.37 kB         239 kB
#12 91.03 鈹?鈼?/search/result                             7.33 kB         240 kB
#12 91.03 鈹?鈼?/services                                  5.55 kB         238 kB
#12 91.03 鈹?鈼?/settings                                  6.11 kB         239 kB
#12 91.03 鈹?茠 /shared/chat/[token]                       2.51 kB         235 kB
#12 91.03 鈹?茠 /shared/drug/[token]                       2.52 kB         235 kB
#12 91.03 鈹?茠 /shared/report/[token]                     2.72 kB         235 kB
#12 91.03 鈹?鈼?/symptom                                   9.96 kB         248 kB
#12 91.03 鈹?鈼?/tcm                                       12.4 kB         245 kB
#12 91.03 鈹?鈼?/tcm/archive                               510 B           211 kB
#12 91.03 鈹?茠 /tcm/diagnosis/[id]                        549 B           211 kB
#12 91.03 鈹?鈼?/tcm/loading                               960 B           211 kB
#12 91.03 鈹?茠 /tcm/result/[id]                           9.37 kB         242 kB
#12 91.03 鈹?茠 /unified-order/[id]                        9.95 kB         248 kB
#12 91.03 鈹?鈼?/unified-orders                            4.05 kB         242 kB
#12 91.03 + First Load JS shared by all                  87.6 kB
#12 91.03   鈹?chunks/2117-3615d1923728c5e4.js            31.9 kB
#12 91.03   鈹?chunks/fd9d1056-cde8d1c8f42e1127.js        53.6 kB
#12 91.03   鈹?other shared chunks (total)                2.1 kB
#12 91.03 
#12 91.03 
#12 91.03 鈼? (Static)   prerendered as static content
#12 91.03 茠  (Dynamic)  server-rendered on demand
#12 91.03 
#12 DONE 91.2s

#7 [builder 2/7] WORKDIR /app
#7 CACHED

#13 [runner 3/5] COPY --from=builder /app/.next/standalone ./
#13 DONE 0.5s

#14 [runner 4/5] COPY --from=builder /app/.next/static ./.next/static
#14 DONE 0.1s

#15 [runner 5/5] COPY --from=builder /app/public ./public
#15 DONE 0.3s

#16 exporting to image
#16 exporting layers
#16 exporting layers 11.8s done
#16 exporting manifest sha256:6ae7d31364d06a3896fc59fccbc5896fdacb4b1fe2dc79a396f4045fa0dabb08 0.0s done
#16 exporting config sha256:70a44f8765b0d46c0b729f7bfed3e7d87c7febb56672efc891abeb3bcac7fba0 0.0s done
#16 exporting attestation manifest sha256:6fe3147da248bd5bf555a3bc3da6ef8da07f720cc202373b035766dd3224756c 0.0s done
#16 exporting manifest list sha256:371d19862677b2386f51aa4cbad62b341d0f6652c6dcafa4aa4fc7b742ef5042 0.0s done
#16 naming to docker.io/library/6b099ed3-7175-4a78-91f4-44570c84ed27-h5-web:latest done
#16 unpacking to docker.io/library/6b099ed3-7175-4a78-91f4-44570c84ed27-h5-web:latest
#16 unpacking to docker.io/library/6b099ed3-7175-4a78-91f4-44570c84ed27-h5-web:latest 2.0s done
#16 DONE 13.9s

#17 resolving provenance for metadata file
#17 DONE 0.3s
 Image 6b099ed3-7175-4a78-91f4-44570c84ed27-h5-web Built 


$ cd /home/ubuntu/6b099ed3-7175-4a78-91f4-44570c84ed27 && docker compose -f docker-compose.prod.yml up -d h5-web 2>&1 | tail -10
 Container 6b099ed3-7175-4a78-91f4-44570c84ed27-db Running 
 Container 6b099ed3-7175-4a78-91f4-44570c84ed27-backend Running 
 Container 6b099ed3-7175-4a78-91f4-44570c84ed27-h5 Creating 
 Container 6b099ed3-7175-4a78-91f4-44570c84ed27-h5 Created 
 Container 6b099ed3-7175-4a78-91f4-44570c84ed27-db Waiting 
 Container 6b099ed3-7175-4a78-91f4-44570c84ed27-db Healthy 
 Container 6b099ed3-7175-4a78-91f4-44570c84ed27-h5 Starting 
 Container 6b099ed3-7175-4a78-91f4-44570c84ed27-h5 Started 


--- 绛夊緟 h5-web 灏辩华 ---
  [5s] h5-web: running

--- smoke ---
  https://newbb.test.bangbangvip.com/autodev/6b099ed3-7175-4a78-91f4-44570c84ed27/api/openapi.json -> 200
  https://newbb.test.bangbangvip.com/autodev/6b099ed3-7175-4a78-91f4-44570c84ed27/ai-home -> 308
  https://newbb.test.bangbangvip.com/autodev/6b099ed3-7175-4a78-91f4-44570c84ed27/api/chat-sessions -> 401
  https://newbb.test.bangbangvip.com/autodev/6b099ed3-7175-4a78-91f4-44570c84ed27/api/chat-sessions/active -> 401

--- backend pytest锛堝鍣ㄥ唴 idle-archive 鏂板鐢ㄤ緥 + 鏃㈡湁 chat-history 鍥炲綊锛?---

$ docker exec 6b099ed3-7175-4a78-91f4-44570c84ed27-backend python -m pytest tests/test_ai_home_idle_archive_v1_20260519.py tests/test_bug461_drawer_history.py tests/test_chat_history.py -v --tb=short 2>&1 | tail -120
 Pydantic V2.0 to be removed in V3.0. See Pydantic V2 Migration Guide at https://errors.pydantic.dev/2.9/migration/
    warn('`min_items` is deprecated and will be removed, use `min_length` instead', DeprecationWarning)

../usr/local/lib/python3.11/site-packages/pydantic/fields.py:801
  /usr/local/lib/python3.11/site-packages/pydantic/fields.py:801: PydanticDeprecatedSince20: `max_items` is deprecated and will be removed, use `max_length` instead. Deprecated in Pydantic V2.0 to be removed in V3.0. See Pydantic V2 Migration Guide at https://errors.pydantic.dev/2.9/migration/
    warn('`max_items` is deprecated and will be removed, use `max_length` instead', DeprecationWarning)

app/main.py:2007
  /app/app/main.py:2007: DeprecationWarning: 
          on_event is deprecated, use lifespan event handlers instead.
  
          Read more about it in the
          [FastAPI docs for Lifespan Events](https://fastapi.tiangolo.com/advanced/events/).
          
    @app.on_event("startup")

../usr/local/lib/python3.11/site-packages/fastapi/applications.py:4495
../usr/local/lib/python3.11/site-packages/fastapi/applications.py:4495
../usr/local/lib/python3.11/site-packages/fastapi/applications.py:4495
../usr/local/lib/python3.11/site-packages/fastapi/applications.py:4495
  /usr/local/lib/python3.11/site-packages/fastapi/applications.py:4495: DeprecationWarning: 
          on_event is deprecated, use lifespan event handlers instead.
  
          Read more about it in the
          [FastAPI docs for Lifespan Events](https://fastapi.tiangolo.com/advanced/events/).
          
    return self.router.on_event(event_type)

app/main.py:2014
  /app/app/main.py:2014: DeprecationWarning: 
          on_event is deprecated, use lifespan event handlers instead.
  
          Read more about it in the
          [FastAPI docs for Lifespan Events](https://fastapi.tiangolo.com/advanced/events/).
          
    @app.on_event("startup")

app/main.py:2044
  /app/app/main.py:2044: DeprecationWarning: 
          on_event is deprecated, use lifespan event handlers instead.
  
          Read more about it in the
          [FastAPI docs for Lifespan Events](https://fastapi.tiangolo.com/advanced/events/).
          
    @app.on_event("startup")

app/main.py:2063
  /app/app/main.py:2063: DeprecationWarning: 
          on_event is deprecated, use lifespan event handlers instead.
  
          Read more about it in the
          [FastAPI docs for Lifespan Events](https://fastapi.tiangolo.com/advanced/events/).
          
    @app.on_event("startup")

../usr/local/lib/python3.11/site-packages/sqlalchemy/ext/asyncio/session.py:1748
  /usr/local/lib/python3.11/site-packages/sqlalchemy/ext/asyncio/session.py:1748: PytestCollectionWarning: cannot collect 'test_session' because it is not a function.
    def __call__(self, **local_kw: Any) -> _AS:

-- Docs: https://docs.pytest.org/en/stable/how-to/capture-warnings.html
======================= 40 passed, 31 warnings in 26.94s =======================

Done.
