[REMOTE] $ test -d /home/ubuntu/6b099ed3-7175-4a78-91f4-44570c84ed27 && echo OK || echo MISSING
OK

[UPLOAD] h5-web/src/components/ai-chat/Sidebar.tsx -> /home/ubuntu/6b099ed3-7175-4a78-91f4-44570c84ed27/h5-web/src/components/ai-chat/Sidebar.tsx
[REMOTE] $ cd /home/ubuntu/6b099ed3-7175-4a78-91f4-44570c84ed27 && docker compose build h5-web
 kB          235 kB
#12 85.33 鈹?茠 /review/[orderId]                          2.15 kB         235 kB
#12 85.33 鈹?鈼?/sandbox-pay                               2.15 kB         235 kB
#12 85.33 鈹?鈼?/scan                                      109 kB          319 kB
#12 85.33 鈹?鈼?/search                                    6.37 kB         239 kB
#12 85.33 鈹?鈼?/search/result                             7.33 kB         240 kB
#12 85.33 鈹?鈼?/services                                  5.55 kB         238 kB
#12 85.33 鈹?鈼?/settings                                  6.11 kB         239 kB
#12 85.33 鈹?茠 /shared/chat/[token]                       2.18 kB         235 kB
#12 85.33 鈹?茠 /shared/drug/[token]                       2.52 kB         235 kB
#12 85.33 鈹?茠 /shared/report/[token]                     2.72 kB         235 kB
#12 85.33 鈹?鈼?/symptom                                   9.96 kB         248 kB
#12 85.33 鈹?鈼?/tcm                                       11.7 kB         244 kB
#12 85.33 鈹?鈼?/tcm/archive                               510 B           211 kB
#12 85.33 鈹?茠 /tcm/diagnosis/[id]                        549 B           211 kB
#12 85.33 鈹?鈼?/tcm/loading                               960 B           211 kB
#12 85.33 鈹?茠 /tcm/result/[id]                           9.06 kB         242 kB
#12 85.33 鈹?茠 /unified-order/[id]                        9.98 kB         248 kB
#12 85.33 鈹?鈼?/unified-orders                            4.06 kB         242 kB
#12 85.33 + First Load JS shared by all                  87.6 kB
#12 85.33   鈹?chunks/2117-e9348fb0d4d6144c.js            31.9 kB
#12 85.33   鈹?chunks/fd9d1056-cde8d1c8f42e1127.js        53.6 kB
#12 85.33   鈹?other shared chunks (total)                2.1 kB
#12 85.33 
#12 85.33 
#12 85.33 鈼? (Static)   prerendered as static content
#12 85.33 茠  (Dynamic)  server-rendered on demand
#12 85.33 
#12 DONE 85.7s

#7 [builder 2/7] WORKDIR /app
#7 CACHED

#13 [runner 3/5] COPY --from=builder /app/.next/standalone ./
#13 DONE 0.5s

#14 [runner 4/5] COPY --from=builder /app/.next/static ./.next/static
#14 DONE 0.1s

#15 [runner 5/5] COPY --from=builder /app/public ./public
#15 DONE 0.2s

#16 exporting to image
#16 exporting layers
#16 exporting layers 3.6s done
#16 exporting manifest sha256:e2ea591c62e027bbbcb72fc760626b30fc616b5f36cd357be5a6040cabf922eb 0.0s done
#16 exporting config sha256:72bbb479e120d3cba5afa7c1e1e6377f8dc6770058a4b535b3557e376b5dd8cb 0.0s done
#16 exporting attestation manifest sha256:6b3020972765b969839d546ab5e1b3a19dbb84192787412f2b298dbc65245437 0.0s done
#16 exporting manifest list sha256:63e5230b0cc6f24887bdaed07b50948fbbb257661c815cf4bc13f10f76e1b030 0.0s done
#16 naming to docker.io/library/6b099ed3-7175-4a78-91f4-44570c84ed27-h5-web:latest done
#16 unpacking to docker.io/library/6b099ed3-7175-4a78-91f4-44570c84ed27-h5-web:latest
#16 unpacking to docker.io/library/6b099ed3-7175-4a78-91f4-44570c84ed27-h5-web:latest 1.0s done
#16 DONE 4.8s

#17 resolving provenance for metadata file
#17 DONE 0.0s

[STDERR] time="2026-05-11T00:11:53+08:00" level=warning msg="/home/ubuntu/6b099ed3-7175-4a78-91f4-44570c84ed27/docker-compose.yml: the attribute `version` is obsolete, it will be ignored, please remove it to avoid potential confusion"
 Image 6b099ed3-7175-4a78-91f4-44570c84ed27-backend Building 
 Image 6b099ed3-7175-4a78-91f4-44570c84ed27-h5-web Building 
 Image 6b099ed3-7175-4a78-91f4-44570c84ed27-h5-web Built 

[REMOTE] $ cd /home/ubuntu/6b099ed3-7175-4a78-91f4-44570c84ed27 && docker compose up -d h5-web
[STDERR] time="2026-05-11T00:13:28+08:00" level=warning msg="/home/ubuntu/6b099ed3-7175-4a78-91f4-44570c84ed27/docker-compose.yml: the attribute `version` is obsolete, it will be ignored, please remove it to avoid potential confusion"
 Container 6b099ed3-7175-4a78-91f4-44570c84ed27-db Running 
 Container 6b099ed3-7175-4a78-91f4-44570c84ed27-backend Running 
 Container 6b099ed3-7175-4a78-91f4-44570c84ed27-h5 Recreate 
 Container 6b099ed3-7175-4a78-91f4-44570c84ed27-h5 Recreated 
 Container 6b099ed3-7175-4a78-91f4-44570c84ed27-db Waiting 
 Container 6b099ed3-7175-4a78-91f4-44570c84ed27-db Healthy 
 Container 6b099ed3-7175-4a78-91f4-44570c84ed27-h5 Starting 
 Container 6b099ed3-7175-4a78-91f4-44570c84ed27-h5 Started 

[REMOTE] $ curl -k -s -o /dev/null -w '%{http_code}' https://newbb.test.bangbangvip.com/autodev/6b099ed3-7175-4a78-91f4-44570c84ed27/
200
  -> 200 https://newbb.test.bangbangvip.com/autodev/6b099ed3-7175-4a78-91f4-44570c84ed27/
[REMOTE] $ curl -k -s -o /dev/null -w '%{http_code}' https://newbb.test.bangbangvip.com/autodev/6b099ed3-7175-4a78-91f4-44570c84ed27/login
308
  -> 308 https://newbb.test.bangbangvip.com/autodev/6b099ed3-7175-4a78-91f4-44570c84ed27/login
[REMOTE] $ curl -k -s -o /dev/null -w '%{http_code}' https://newbb.test.bangbangvip.com/autodev/6b099ed3-7175-4a78-91f4-44570c84ed27/ai-home
308
  -> 308 https://newbb.test.bangbangvip.com/autodev/6b099ed3-7175-4a78-91f4-44570c84ed27/ai-home
[REMOTE] $ curl -k -s -o /dev/null -w '%{http_code}' https://newbb.test.bangbangvip.com/autodev/6b099ed3-7175-4a78-91f4-44570c84ed27/chat/1
308
  -> 308 https://newbb.test.bangbangvip.com/autodev/6b099ed3-7175-4a78-91f4-44570c84ed27/chat/1
[REMOTE] $ curl -k -s -o /dev/null -w '%{http_code}' https://newbb.test.bangbangvip.com/autodev/6b099ed3-7175-4a78-91f4-44570c84ed27/health-archive
308
  -> 308 https://newbb.test.bangbangvip.com/autodev/6b099ed3-7175-4a78-91f4-44570c84ed27/health-archive
[REMOTE] $ curl -k -s -o /dev/null -w '%{http_code}' https://newbb.test.bangbangvip.com/autodev/6b099ed3-7175-4a78-91f4-44570c84ed27/notifications
308
  -> 308 https://newbb.test.bangbangvip.com/autodev/6b099ed3-7175-4a78-91f4-44570c84ed27/notifications
[REMOTE] $ curl -k -s -o /dev/null -w '%{http_code}' https://newbb.test.bangbangvip.com/autodev/6b099ed3-7175-4a78-91f4-44570c84ed27/my-coupons
308
  -> 308 https://newbb.test.bangbangvip.com/autodev/6b099ed3-7175-4a78-91f4-44570c84ed27/my-coupons
[REMOTE] $ curl -k -s -o /dev/null -w '%{http_code}' https://newbb.test.bangbangvip.com/autodev/6b099ed3-7175-4a78-91f4-44570c84ed27/unified-orders
308
  -> 308 https://newbb.test.bangbangvip.com/autodev/6b099ed3-7175-4a78-91f4-44570c84ed27/unified-orders
[REMOTE] $ curl -k -s -o /dev/null -w '%{http_code}' https://newbb.test.bangbangvip.com/autodev/6b099ed3-7175-4a78-91f4-44570c84ed27/my-favorites
308
  -> 308 https://newbb.test.bangbangvip.com/autodev/6b099ed3-7175-4a78-91f4-44570c84ed27/my-favorites
[REMOTE] $ curl -k -s -o /dev/null -w '%{http_code}' https://newbb.test.bangbangvip.com/autodev/6b099ed3-7175-4a78-91f4-44570c84ed27/points-center
308
  -> 308 https://newbb.test.bangbangvip.com/autodev/6b099ed3-7175-4a78-91f4-44570c84ed27/points-center
[REMOTE] $ curl -k -s -o /dev/null -w '%{http_code}' https://newbb.test.bangbangvip.com/autodev/6b099ed3-7175-4a78-91f4-44570c84ed27/my-devices
308
  -> 308 https://newbb.test.bangbangvip.com/autodev/6b099ed3-7175-4a78-91f4-44570c84ed27/my-devices
[REMOTE] $ curl -k -s -o /dev/null -w '%{http_code}' https://newbb.test.bangbangvip.com/autodev/6b099ed3-7175-4a78-91f4-44570c84ed27/member-qrcode
308
  -> 308 https://newbb.test.bangbangvip.com/autodev/6b099ed3-7175-4a78-91f4-44570c84ed27/member-qrcode
[REMOTE] $ curl -k -s -o /dev/null -w '%{http_code}' https://newbb.test.bangbangvip.com/autodev/6b099ed3-7175-4a78-91f4-44570c84ed27/ai-settings
308
  -> 308 https://newbb.test.bangbangvip.com/autodev/6b099ed3-7175-4a78-91f4-44570c84ed27/ai-settings
[REMOTE] $ docker exec 6b099ed3-7175-4a78-91f4-44570c84ed27-h5 sh -c 'grep -c "PRD-455 V7" /app/src/components/ai-chat/Sidebar.tsx 2>/dev/null || echo NOFILE'
NOFILE

[REMOTE] $ docker exec 6b099ed3-7175-4a78-91f4-44570c84ed27-h5 sh -c 'find /app -maxdepth 3 -name "Sidebar*" 2>/dev/null | head -5'
[INFO] sidebar files in container: 
[REMOTE] $ grep -c 'PRD-455 V7' /home/ubuntu/6b099ed3-7175-4a78-91f4-44570c84ed27/h5-web/src/components/ai-chat/Sidebar.tsx
1

[VERIFY] PRD-455 V7 markers in remote source: 1
[REMOTE] $ docker exec 6b099ed3-7175-4a78-91f4-44570c84ed27-h5 sh -c 'grep -rl "瀹朵汉鍋ュ悍绠＄悊" /app/.next 2>/dev/null | head -3 || echo NONE'
/app/.next/server/app/(ai-chat)/ai-home/page.js
/app/.next/static/chunks/app/(ai-chat)/ai-home/page-16d27a6dcc769546.js

[VERIFY] 瀹朵汉鍋ュ悍绠＄悊 marker in .next: /app/.next/server/app/(ai-chat)/ai-home/page.js
/app/.next/static/chunks/app/(ai-chat)/ai-home/page-16d27a6dcc769546.js
[SUMMARY] failed urls = []
