
>>> grep -n "WidgetsBindingObserver" /home/ubuntu/6b099ed3-7175-4a78-91f4-44570c84ed27/flutter_app/lib/screens/home/home_screen.dart | head -3 && grep -n "pageSize" /home/ubuntu/6b099ed3-7175-4a78-91f4-44570c84ed27/flutter_app/lib/services/api_...
20:class _HomeScreenState extends State<HomeScreen> with WidgetsBindingObserver {
178:  Future<Response> getHealthRecords({int page = 1, int pageSize = 20}) async {
179:    return _dio.get(ApiConfig.healthRecords, queryParameters: {'page': page, 'page_size': pageSize});
210:  Future<Response> getChatSessionsList({int page = 1, int pageSize = 100}) async {


>>> sed -i "s|services.gradle.org/distributions|mirrors.cloud.tencent.com/gradle|" /home/ubuntu/6b099ed3-7175-4a78-91f4-44570c84ed27/flutter_app/android/gradle/wrapper/gradle-wrapper.properties 2>/dev/null; cat /home/ubuntu/6b099ed3-7175-4a78-9...
distributionBase=GRADLE_USER_HOME
distributionPath=wrapper/dists
distributionUrl=https\://mirrors.cloud.tencent.com/gradle/gradle-8.6-all.zip
networkTimeout=10000
validateDistributionUrl=true
zipStoreBase=GRADLE_USER_HOME
zipStorePath=wrapper/dists


>>> mkdir -p /home/ubuntu/.gradle-cache /home/ubuntu/.pub-cache-host

>>> rm -rf /home/ubuntu/6b099ed3-7175-4a78-91f4-44570c84ed27/flutter_app/build/app/outputs/flutter-apk; rm -rf /home/ubuntu/6b099ed3-7175-4a78-91f4-44570c84ed27/flutter_app/.dart_tool
STDERR: -91f4-44570c84ed27/flutter_app/.dart_tool/flutter_build/3e79e8612bf780d6ab665368c6256ad2/.filecache': Permission denied
rm: cannot remove '/home/ubuntu/6b099ed3-7175-4a78-91f4-44570c84ed27/flutter_app/.dart_tool/flutter_build/3e79e8612bf780d6ab665368c6256ad2/dart_build.d': Permission denied
rm: cannot remove '/home/ubuntu/6b099ed3-7175-4a78-91f4-44570c84ed27/flutter_app/.dart_tool/flutter_build/3e79e8612bf780d6ab665368c6256ad2/gen_dart_plugin_registrant.stamp': Permission denied
rm: cannot remove '/home/ubuntu/6b099ed3-7175-4a78-91f4-44570c84ed27/flutter_app/.dart_tool/flutter_build/3e79e8612bf780d6ab665368c6256ad2/dart_build_result.json': Permission denied
rm: cannot remove '/home/ubuntu/6b099ed3-7175-4a78-91f4-44570c84ed27/flutter_app/.dart_tool/flutter_build/3e79e8612bf780d6ab665368c6256ad2/kernel_snapshot_program.d': Permission denied
rm: cannot remove '/home/ubuntu/6b099ed3-7175-4a78-91f4-44570c84ed27/flutter_app/.dart_tool/flutter_build/3e79e8612bf780d6ab665368c6256ad2/app.dill': Permission denied
rm: cannot remove '/home/ubuntu/6b099ed3-7175-4a78-91f4-44570c84ed27/flutter_app/.dart_tool/flutter_build/3e79e8612bf780d6ab665368c6256ad2/gen_localizations.stamp': Permission denied
rm: cannot remove '/home/ubuntu/6b099ed3-7175-4a78-91f4-44570c84ed27/flutter_app/.dart_tool/flutter_build/3e79e8612bf780d6ab665368c6256ad2/native_assets.json': Permission denied
rm: cannot remove '/home/ubuntu/6b099ed3-7175-4a78-91f4-44570c84ed27/flutter_app/.dart_tool/version': Permission denied


>>> cd /home/ubuntu/6b099ed3-7175-4a78-91f4-44570c84ed27/flutter_app && docker run --rm --name flutter_home3bugs --network=host -e PUB_HOSTED_URL=https://pub.flutter-io.cn -e FLUTTER_STORAGE_BASE_URL=https://storage.flutter-io.cn -v /home/ubunt...
fatal: unable to access 'https://gitclone.com/github.com/flutter/flutter.git/': server certificate verification failed. CAfile: none CRLfile: none
Flutter assets will be downloaded from https://storage.flutter-io.cn. Make sure you trust this source!
Resolving dependencies...
Downloading packages...
  connectivity_plus 6.1.5 (7.1.1 available)
  file_picker 8.3.7 (11.0.2 available)
  fl_chart 0.68.0 (1.2.0 available)
  flutter_lints 4.0.0 (6.0.0 available)
  flutter_markdown 0.7.7+1 (discontinued replaced by flutter_markdown_plus)
  flutter_tts 3.8.5 (4.2.5 available)
  fluttertoast 8.2.14 (9.0.0 available)
  intl 0.19.0 (0.20.2 available)
  lints 4.0.0 (6.1.0 available)
  meta 1.17.0 (1.18.2 available)
  mobile_scanner 5.2.3 (7.2.0 available)
  permission_handler 11.4.0 (12.0.1 available)
  permission_handler_android 12.1.0 (13.0.1 available)
  record 5.2.1 (6.2.0 available)
! record_linux 1.3.0 (overridden)
  share_plus 10.1.4 (13.0.0 available)
  share_plus_platform_interface 5.0.2 (7.0.0 available)
  test_api 0.7.10 (0.7.11 available)
  vector_math 2.2.0 (2.3.0 available)
  win32 5.15.0 (6.0.1 available)
Got dependencies!
1 package is discontinued.
18 packages have newer versions incompatible with dependency constraints.
Try `flutter pub outdated` for more information.
Flutter assets will be downloaded from https://storage.flutter-io.cn. Make sure you trust this source!
Running Gradle task 'assembleRelease'...                        

FAILURE: Build failed with an exception.

* Where:
Settings file '/app/android/settings.gradle' line: 20

* What went wrong:
Error resolving plugin [id: 'dev.flutter.flutter-plugin-loader', version: '1.0.0']
> Build was configured to prefer settings repositories over project repositories but repository 'maven' was added by settings file 'settings.gradle'

* Try:
> Run with --stacktrace option to get the stack trace.
> Run with --info or --debug option to get more log output.
> Run with --scan to get full insights.
> Get more help at https://help.gradle.org.

BUILD FAILED in 4s
Running Gradle task 'assembleRelease'...                            5.3s
Gradle task assembleRelease failed with exit code 1


>>> ls -lh /home/ubuntu/6b099ed3-7175-4a78-91f4-44570c84ed27/flutter_app/build/app/outputs/flutter-apk/ 2>&1
ls: cannot access '/home/ubuntu/6b099ed3-7175-4a78-91f4-44570c84ed27/flutter_app/build/app/outputs/flutter-apk/': No such file or directory

!!! BUILD FAILED, no app-release.apk !!!
