
================================================================================
[deploy] connecting to server ...
================================================================================

================================================================================
[deploy] upload 6 changed files
================================================================================
  uploaded backend/app/models/models.py (141061 bytes)
  uploaded backend/app/services/schema_sync.py (57677 bytes)
  uploaded backend/app/schemas/merchant_v1.py (10337 bytes)
  uploaded backend/app/api/merchant_v1.py (67783 bytes)
  uploaded admin-web/src/app/(admin)/layout.tsx (14181 bytes)
  uploaded admin-web/src/app/(admin)/admin-settlements/page.tsx (37138 bytes)

================================================================================
[deploy] verify uploaded files
================================================================================
4
2
0


================================================================================
[deploy] docker compose build backend admin-web (long, ~5 min)
================================================================================

#23 [admin-web builder 7/7] RUN npm run build
#23 0.575 
#23 0.575 > bini-health-admin@1.0.0 build
#23 0.575 > next build
#23 0.575 
#23 ...

#24 [backend] resolving provenance for metadata file
#24 DONE 0.0s

#23 [admin-web builder 7/7] RUN npm run build
#23 1.532 Attention: Next.js now collects completely anonymous telemetry regarding usage.
#23 1.533 This information is used to shape Next.js' roadmap and prioritize features.
#23 1.533 You can learn more, including how to opt-out if you'd not like to participate in this anonymous program, by visiting the following URL:
#23 1.533 https://nextjs.org/telemetry
#23 1.534 
#23 1.630   鈻?Next.js 14.2.15
#23 1.630 
#23 1.737    Creating an optimized production build ...
#23 77.95  鉁?Compiled successfully
#23 77.95    Skipping validation of types
#23 77.95    Linting ...
#23 78.26    Collecting page data ...
#23 83.13    Generating static pages (0/77) ...
#23 87.80    Generating static pages (19/77) 

#23 88.87    Generating static pages (38/77) 

#23 89.84    Generating static pages (57/77) 

#23 91.84  鉁?Generating static pages (77/77)
#23 92.79    Finalizing page optimization ...
#23 92.79    Collecting build traces ...
#23 101.8 
#23 101.8 Route (app)                                  Size     First Load JS
#23 101.8 鈹?鈼?/                                        356 B            88 kB
#23 101.8 鈹?鈼?/_not-found                              880 B          88.5 kB
#23 101.8 鈹?鈼?/admin-settlements                       13.4 kB         485 kB
#23 101.8 鈹?鈼?/ai-center/disclaimers                   7.98 kB         274 kB
#23 101.8 鈹?鈼?/ai-center/prompts                       7.84 kB         271 kB
#23 101.8 鈹?鈼?/ai-center/sensitive-words               6.62 kB         386 kB
#23 101.8 鈹?鈼?/ai-config                               10.6 kB         425 kB
#23 101.8 鈹?鈼?/audit/center                            8.36 kB         398 kB
#23 101.8 鈹?鈼?/audit/phones                            5.39 kB         391 kB
#23 101.8 鈹?鈼?/bottom-nav                              7.16 kB         393 kB
#23 101.8 鈹?鈼?/chat-records                            10 kB           406 kB
#23 101.8 鈹?茠 /chat-records/[id]                       15.9 kB         293 kB
#23 101.8 鈹?鈼?/checkup-details                         4.75 kB         449 kB
#23 101.8 鈹?鈼?/city-management                         6.8 kB          377 kB
#23 101.8 鈹?鈼?/content/articles                        4.88 kB         449 kB
#23 101.8 鈹?鈼?/content/categories                      5.43 kB         400 kB
#23 101.8 鈹?鈼?/content/news                            4.81 kB         449 kB
#23 101.8 鈹?鈼?/cos-config                              11.8 kB         417 kB
#23 101.8 鈹?鈼?/customer-service                        12.2 kB         285 kB
#23 101.8 鈹?鈼?/dashboard                               9.18 kB         372 kB
#23 101.8 鈹?鈼?/digital-humans                          6.66 kB         400 kB
#23 101.8 鈹?鈼?/disease-presets                         6.11 kB         400 kB
#23 101.8 鈹?鈼?/drug-details                            5.54 kB         449 kB
#23 101.8 鈹?鈼?/email-notify                            13.2 kB         408 kB
#23 101.8 鈹?鈼?/experts                                 13.5 kB         396 kB
#23 101.8 鈹?鈼?/fallback-config                         4.62 kB         384 kB
#23 101.8 鈹?鈼?/family-management                       11.7 kB         380 kB
#23 101.8 鈹?鈼?/function-buttons                        7.11 kB         409 kB
#23 101.8 鈹?鈼?/health-plan/categories                  3.46 kB         398 kB
#23 101.8 鈹?鈼?/health-plan/default-tasks               3.23 kB         401 kB
#23 101.8 鈹?鈼?/health-plan/recommended                 7.12 kB         401 kB
#23 101.8 鈹?茠 /health-plan/recommended/[planId]/tasks  3.28 kB         398 kB
#23 101.8 鈹?鈼?/health-plan/statistics                  9.63 kB         415 kB
#23 101.8 鈹?鈼?/health-records                          6.57 kB         393 kB
#23 101.8 鈹?鈼?/home-banners                            6.45 kB         430 kB
#23 101.8 鈹?鈼?/home-menus                              22.8 kB         446 kB
#23 101.8 鈹?鈼?/home-settings                           4.92 kB         323 kB
#23 101.8 鈹?鈼?/knowledge                               9.15 kB         395 kB
#23 101.8 鈹?茠 /knowledge/[id]                          7.39 kB         412 kB
#23 101.8 鈹?鈼?/knowledge/stats                         9.28 kB         378 kB
#23 101.8 鈹?鈼?/login                                   6.69 kB         280 kB
#23 101.8 鈹?鈼?/merchant-categories                     5.14 kB         396 kB
#23 101.8 鈹?鈼?/merchant/accounts                       6.82 kB         389 kB
#23 101.8 鈹?鈼?/merchant/stores                         5.14 kB         388 kB
#23 101.8 鈹?鈼?/notices                                 4.09 kB         434 kB
#23 101.8 鈹?鈼?/ocr-config                              14.8 kB         361 kB
#23 101.8 鈹?鈼?/ocr-global-config                       12.2 kB         312 kB
#23 101.8 鈹?鈼?/points/levels                           6.16 kB         397 kB
#23 101.8 鈹?鈼?/points/mall                             15.5 kB         476 kB
#23 101.8 鈹?鈼?/points/rules                            10.2 kB         290 kB
#23 101.8 鈹?鈼?/product-system/appointment-forms        7.09 kB         401 kB
#23 101.8 鈹?鈼?/product-system/categories               6.7 kB          401 kB
#23 101.8 鈹?鈼?/product-system/coupons                  15.4 kB         465 kB
#23 101.8 鈹?鈼?/product-system/new-user-coupons         13 kB           390 kB
#23 101.8 鈹?鈼?/product-system/orders                   9.35 kB         458 kB
#23 101.8 鈹?鈼?/product-system/partners                 6.63 kB         415 kB
#23 101.8 鈹?鈼?/product-system/products                 26.9 kB         462 kB
#23 101.8 鈹?鈼?/product-system/redemptions              6.87 kB         410 kB
#23 101.8 鈹?鈼?/product-system/statistics               8.93 kB         780 kB
#23 101.8 鈹?鈼?/product-system/visits                   6.39 kB         441 kB
#23 101.8 鈹?鈼?/prompt-templates                        9.77 kB         312 kB
#23 101.8 鈹?鈼?/referral                                6.22 kB         375 kB
#23 101.8 鈹?鈼?/relation-types                          6.18 kB         400 kB
#23 101.8 鈹?鈼?/search-config                           6.6 kB          408 kB
#23 101.8 鈹?鈼?/search/asr-config                       7.95 kB         291 kB
#23 101.8 鈹?鈼?/search/block-words                      9.39 kB         395 kB
#23 101.8 鈹?鈼?/search/recommend                        8.88 kB         403 kB
#23 101.8 鈹?鈼?/search/statistics                       236 kB         1.08 MB
#23 101.8 鈹?鈼?/settings                                11.9 kB         334 kB
#23 101.8 鈹?鈼?/share-config                            6.22 kB         366 kB
#23 101.8 鈹?鈼?/sms                                     15 kB           420 kB
#23 101.8 鈹?鈼?/system-messages                         8.83 kB         427 kB
#23 101.8 鈹?鈼?/system-messages/send                    4.81 kB         308 kB
#23 101.8 鈹?鈼?/tcm-config                              3.94 kB         279 kB
#23 101.8 鈹?鈼?/tts-config                              4.95 kB         328 kB
#23 101.8 鈹?鈼?/users                                   12.4 kB         398 kB
#23 101.8 鈹?鈼?/voice-service                           3.34 kB         339 kB
#23 101.8 鈹?鈼?/wechat-push                             5.99 kB         285 kB
#23 101.8 + First Load JS shared by all                87.7 kB
#23 101.8   鈹?chunks/2117-8143d589d9b30353.js          31.9 kB
#23 101.8   鈹?chunks/fd9d1056-30f8088c4add9c87.js      53.6 kB
#23 101.8   鈹?other shared chunks (total)              2.13 kB
#23 101.8 
#23 101.8 
#23 101.8 鈼? (Static)   prerendered as static content
#23 101.8 茠  (Dynamic)  server-rendered on demand
#23 101.8 
#23 DONE 102.0s

#13 [admin-web builder 2/7] WORKDIR /app
#13 CACHED

#25 [admin-web runner 3/5] COPY --from=builder /app/.next/standalone ./
#25 DONE 0.4s

#26 [admin-web runner 4/5] COPY --from=builder /app/.next/static ./.next/static
#26 DONE 0.2s

#27 [admin-web runner 5/5] COPY --from=builder /app/public ./public
#27 DONE 0.0s

#28 [admin-web] exporting to image
#28 exporting layers
#28 exporting layers 1.1s done
#28 exporting manifest sha256:53fed37459cc478cac11df40d9d60c4a54433892a73d5123bc4e8d1d83e19d84 0.0s done
#28 exporting config sha256:8ee296f885813a353cc2a9f40a05c30b42bba8ee51df33f46cdb3a5790fd33d7 done
#28 exporting attestation manifest sha256:bc1092957a95f1362e4da03531b8486c24eb90a0da4bebdef12fe3b2b60a6155 0.0s done
#28 exporting manifest list sha256:ac0d44f255b970bef9562a5a8b0e1822534aa94efa837352c54ebafd42099cc8 0.0s done
#28 naming to docker.io/library/6b099ed3-7175-4a78-91f4-44570c84ed27-admin-web:latest done
#28 unpacking to docker.io/library/6b099ed3-7175-4a78-91f4-44570c84ed27-admin-web:latest
#28 unpacking to docker.io/library/6b099ed3-7175-4a78-91f4-44570c84ed27-admin-web:latest 1.2s done
#28 DONE 2.4s

#29 [admin-web] resolving provenance for metadata file
#29 DONE 0.0s
 Image 6b099ed3-7175-4a78-91f4-44570c84ed27-backend Built 
 Image 6b099ed3-7175-4a78-91f4-44570c84ed27-admin-web Built 


================================================================================
[deploy] docker compose up -d --no-deps backend admin-web
================================================================================
 Container 6b099ed3-7175-4a78-91f4-44570c84ed27-backend Recreate 
 Container 6b099ed3-7175-4a78-91f4-44570c84ed27-backend Recreated 
 Container 6b099ed3-7175-4a78-91f4-44570c84ed27-admin Recreate 
 Container 6b099ed3-7175-4a78-91f4-44570c84ed27-admin Recreated 
 Container 6b099ed3-7175-4a78-91f4-44570c84ed27-backend Starting 
 Container 6b099ed3-7175-4a78-91f4-44570c84ed27-backend Started 
 Container 6b099ed3-7175-4a78-91f4-44570c84ed27-admin Starting 
 Container 6b099ed3-7175-4a78-91f4-44570c84ed27-admin Started 


================================================================================
[deploy] sleep 25s then inspect containers
================================================================================
6b099ed3-7175-4a78-91f4-44570c84ed27-admin	Up 25 seconds
6b099ed3-7175-4a78-91f4-44570c84ed27-backend	Up 25 seconds
6b099ed3-7175-4a78-91f4-44570c84ed27-h5	Up 21 minutes
6b099ed3-7175-4a78-91f4-44570c84ed27-db	Up 4 hours (healthy)


================================================================================
[deploy] backend last 100 lines (schema_sync check)
================================================================================
/usr/local/lib/python3.11/site-packages/pydantic/_internal/_fields.py:132: UserWarning: Field "model_name" in AIModelConfigCreate has conflict with protected namespace "model_".

You may be able to resolve this warning by setting `model_config['protected_namespaces'] = ()`.
  warnings.warn(
/usr/local/lib/python3.11/site-packages/pydantic/_internal/_fields.py:132: UserWarning: Field "model_name" in AIModelConfigUpdate has conflict with protected namespace "model_".

You may be able to resolve this warning by setting `model_config['protected_namespaces'] = ()`.
  warnings.warn(
/usr/local/lib/python3.11/site-packages/pydantic/_internal/_fields.py:132: UserWarning: Field "model_name" in AIModelConfigResponse has conflict with protected namespace "model_".

You may be able to resolve this warning by setting `model_config['protected_namespaces'] = ()`.
  warnings.warn(
/usr/local/lib/python3.11/site-packages/pydantic/_internal/_fields.py:132: UserWarning: Field "model_name" in AIModelConfigTestRequest has conflict with protected namespace "model_".

You may be able to resolve this warning by setting `model_config['protected_namespaces'] = ()`.
  warnings.warn(
/usr/local/lib/python3.11/site-packages/pydantic/_internal/_fields.py:132: UserWarning: Field "model_name" in AIModelTemplateCreate has conflict with protected namespace "model_".

You may be able to resolve this warning by setting `model_config['protected_namespaces'] = ()`.
  warnings.warn(
/usr/local/lib/python3.11/site-packages/pydantic/_internal/_fields.py:132: UserWarning: Field "model_name" in AIModelTemplateUpdate has conflict with protected namespace "model_".

You may be able to resolve this warning by setting `model_config['protected_namespaces'] = ()`.
  warnings.warn(
/usr/local/lib/python3.11/site-packages/pydantic/_internal/_fields.py:132: UserWarning: Field "model_name" in AIModelTemplateResponse has conflict with protected namespace "model_".

You may be able to resolve this warning by setting `model_config['protected_namespaces'] = ()`.
  warnings.warn(
/usr/local/lib/python3.11/site-packages/pydantic/_internal/_fields.py:132: UserWarning: Field "model_name" in AdminChatSessionItem has conflict with protected namespace "model_".

You may be able to resolve this warning by setting `model_config['protected_namespaces'] = ()`.
  warnings.warn(
/usr/local/lib/python3.11/site-packages/pydantic/_internal/_fields.py:132: UserWarning: Field "model_name" in AdminChatSessionDetail has conflict with protected namespace "model_".

You may be able to resolve this warning by setting `model_config['protected_namespaces'] = ()`.
  warnings.warn(
INFO:     Started server process [1]
INFO:     Waiting for application startup.
INFO:     Application startup complete.
INFO:     Uvicorn running on http://0.0.0.0:8000 (Press CTRL+C to quit)


================================================================================
[deploy] admin-web last 40 lines
================================================================================
Error response from daemon: No such container: 6b099ed3-7175-4a78-91f4-44570c84ed27-admin-web


================================================================================
[deploy] verify settlement_payment_proofs schema (new columns)
================================================================================
STDOUT:
DATABASE_URL= mysql+aiomysql://root:bini_health_2026@6b099ed3-7175-4a78-91f4-44570c84ed27-db:3306/bini_health

STDERR: Traceback (most recent call last):
  File "<string>", line 1, in <module>
  File "/usr/local/lib/python3.11/site-packages/sqlalchemy/engine/base.py", line 3278, in connect
    return self._connection_cls(self)
           ^^^^^^^^^^^^^^^^^^^^^^^^^^
  File "/usr/local/lib/python3.11/site-packages/sqlalchemy/engine/base.py", line 146, in __init__
    self._dbapi_connection = engine.raw_connection()
                             ^^^^^^^^^^^^^^^^^^^^^^^
  File "/usr/local/lib/python3.11/site-packages/sqlalchemy/engine/base.py", line 3302, in raw_connection
    return self.pool.connect()
           ^^^^^^^^^^^^^^^^^^^
  File "/usr/local/lib/python3.11/site-packages/sqlalchemy/pool/base.py", line 449, in connect
    return _ConnectionFairy._checkout(self)
           ^^^^^^^^^^^^^^^^^^^^^^^^^^^^^^^^
  File "/usr/local/lib/python3.11/site-packages/sqlalchemy/pool/base.py", line 1263, in _checkout
    fairy = _ConnectionRecord.checkout(pool)
            ^^^^^^^^^^^^^^^^^^^^^^^^^^^^^^^^
  File "/usr/local/lib/python3.11/site-packages/sqlalchemy/pool/base.py", line 712, in checkout
    rec = pool._do_get()
          ^^^^^^^^^^^^^^
  File "/usr/local/lib/python3.11/site-packages/sqlalchemy/pool/impl.py", line 179, in _do_get
    with util.safe_reraise():
  File "/usr/local/lib/python3.11/site-packages/sqlalchemy/util/langhelpers.py", line 146, in __exit__
    raise exc_value.with_traceback(exc_tb)
  File "/usr/local/lib/python3.11/site-packages/sqlalchemy/pool/impl.py", line 177, in _do_get
    return self._create_connection()
           ^^^^^^^^^^^^^^^^^^^^^^^^^
  File "/usr/local/lib/python3.11/site-packages/sqlalchemy/pool/base.py", line 390, in _create_connection
    return _ConnectionRecord(self)
           ^^^^^^^^^^^^^^^^^^^^^^^
  File "/usr/local/lib/python3.11/site-packages/sqlalchemy/pool/base.py", line 674, in __init__
    self.__connect()
  File "/usr/local/lib/python3.11/site-packages/sqlalchemy/pool/base.py", line 900, in __connect
    with util.safe_reraise():
  File "/usr/local/lib/python3.11/site-packages/sqlalchemy/util/langhelpers.py", line 146, in __exit__
    raise exc_value.with_traceback(exc_tb)
  File "/usr/local/lib/python3.11/site-packages/sqlalchemy/pool/base.py", line 896, in __connect
    self.dbapi_connection = connection = pool._invoke_creator(self)
                                         ^^^^^^^^^^^^^^^^^^^^^^^^^^
  File "/usr/local/lib/python3.11/site-packages/sqlalchemy/engine/create.py", line 643, in connect
    return dialect.connect(*cargs, **cparams)
           ^^^^^^^^^^^^^^^^^^^^^^^^^^^^^^^^^^
  File "/usr/local/lib/python3.11/site-packages/sqlalchemy/engine/default.py", line 621, in connect
    return self.loaded_dbapi.connect(*cargs, **cparams)
           ^^^^^^^^^^^^^^^^^^^^^^^^^^^^^^^^^^^^^^^^^^^^
  File "/usr/local/lib/python3.11/site-packages/sqlalchemy/dialects/mysql/aiomysql.py", line 268, in connect
    await_only(creator_fn(*arg, **kw)),
    ^^^^^^^^^^^^^^^^^^^^^^^^^^^^^^^^^^
  File "/usr/local/lib/python3.11/site-packages/sqlalchemy/util/_concurrency_py3k.py", line 123, in await_only
    raise exc.MissingGreenlet(
sqlalchemy.exc.MissingGreenlet: greenlet_spawn has not been called; can't call await_only() here. Was IO attempted in an unexpected place? (Background on this error at: https://sqlalche.me/e/20/xd2s)

